CMake Deprecation Warning at /home/dhanush/ros2_humble/install/rosidl_cmake/share/rosidl_cmake/cmake/rosidl_target_interfaces.cmake:32 (message):
  Use rosidl_get_typesupport_target() and target_link_libraries() instead of
  rosidl_target_interfaces()
Call Stack (most recent call first):
  CMakeLists.txt:35 (rosidl_target_interfaces)


CMake Deprecation Warning at /home/dhanush/ros2_humble/install/rosidl_cmake/share/rosidl_cmake/cmake/rosidl_target_interfaces.cmake:32 (message):
  Use rosidl_get_typesupport_target() and target_link_libraries() instead of
  rosidl_target_interfaces()
Call Stack (most recent call first):
  CMakeLists.txt:37 (rosidl_target_interfaces)


[01m[K/home/dhanush/Documents/HW/ENPM808X/beginner_tutorials/ros2_ws/src/cpp_pubsub/src/publisher_member_function.cpp:62:1:[m[K [01;31m[Kerror: [m[Kâ€˜[01m[KPARAMETER_HANDLE[m[Kâ€™ does not name a type; did you mean â€˜[01m[KPARAMETER_HNADLE[m[Kâ€™?
   62 | [01;31m[KPARAMETER_HANDLE[m[K m_paramHandle_;
      | [01;31m[K^~~~~~~~~~~~~~~~[m[K
      | [32m[KPARAMETER_HNADLE[m[K
[01m[K/home/dhanush/Documents/HW/ENPM808X/beginner_tutorials/ros2_ws/src/cpp_pubsub/src/publisher_member_function.cpp:[m[K In constructor â€˜[01m[KMinimalPublisher::MinimalPublisher()[m[Kâ€™:
[01m[K/home/dhanush/Documents/HW/ENPM808X/beginner_tutorials/ros2_ws/src/cpp_pubsub/src/publisher_member_function.cpp:43:7:[m[K [01;31m[Kerror: [m[Kâ€˜[01m[Km_paramHandle_[m[Kâ€™ was not declared in this scope
   43 |       [01;31m[Km_paramHandle_[m[K = m_param_subscriber_->add_parameter_callback ("freq", paramCallbackPtr);
      |       [01;31m[K^~~~~~~~~~~~~~[m[K
[01m[K/home/dhanush/Documents/HW/ENPM808X/beginner_tutorials/ros2_ws/src/cpp_pubsub/src/publisher_member_function.cpp:[m[K In member function â€˜[01m[Kvoid MinimalPublisher::timer_callback()[m[Kâ€™:
[01m[K/home/dhanush/Documents/HW/ENPM808X/beginner_tutorials/ros2_ws/src/cpp_pubsub/src/publisher_member_function.cpp:76:10:[m[K [01;35m[Kwarning: [m[Kunused variable â€˜[01m[Kfreq[m[Kâ€™ [[01;35m[K-Wunused-variable[m[K]
   76 |     auto [01;35m[Kfreq[m[K = param.get_parameter_value().get<std::float_t>();
      |          [01;35m[K^~~~[m[K
make[2]: *** [CMakeFiles/talker.dir/build.make:63: CMakeFiles/talker.dir/src/publisher_member_function.cpp.o] Error 1
make[1]: *** [CMakeFiles/Makefile2:188: CMakeFiles/talker.dir/all] Error 2
make: *** [Makefile:141: all] Error 2
