-- Found ament_cmake: 1.3.2 (/home/dhanush/ros2_humble/install/ament_cmake/share/ament_cmake/cmake)
-- Found rclcpp: 16.0.1 (/home/dhanush/ros2_humble/install/rclcpp/share/rclcpp/cmake)
-- Found rosidl_generator_c: 3.1.3 (/home/dhanush/ros2_humble/install/rosidl_generator_c/share/rosidl_generator_c/cmake)
-- Found rosidl_adapter: 3.1.3 (/home/dhanush/ros2_humble/install/rosidl_adapter/share/rosidl_adapter/cmake)
-- Found rosidl_generator_cpp: 3.1.3 (/home/dhanush/ros2_humble/install/rosidl_generator_cpp/share/rosidl_generator_cpp/cmake)
-- Using all available rosidl_typesupport_c: rosidl_typesupport_introspection_c;rosidl_typesupport_fastrtps_c
-- Using all available rosidl_typesupport_cpp: rosidl_typesupport_introspection_cpp;rosidl_typesupport_fastrtps_cpp
-- Found rmw_implementation_cmake: 6.1.0 (/home/dhanush/ros2_humble/install/rmw_implementation_cmake/share/rmw_implementation_cmake/cmake)
-- Found rmw_fastrtps_cpp: 6.2.1 (/home/dhanush/ros2_humble/install/rmw_fastrtps_cpp/share/rmw_fastrtps_cpp/cmake)
-- Using RMW implementation 'rmw_fastrtps_cpp' as default
-- Found rosidl_default_generators: 1.2.0 (/home/dhanush/ros2_humble/install/rosidl_default_generators/share/rosidl_default_generators/cmake)
-- Found ament_cmake_ros: 0.10.0 (/home/dhanush/ros2_humble/install/ament_cmake_ros/share/ament_cmake_ros/cmake)
-- Using all available rosidl_typesupport_c: rosidl_typesupport_introspection_c;rosidl_typesupport_fastrtps_c
-- Using all available rosidl_typesupport_cpp: rosidl_typesupport_introspection_cpp;rosidl_typesupport_fastrtps_cpp
-- Found python_cmake_module: 0.10.0 (/home/dhanush/ros2_humble/install/python_cmake_module/share/python_cmake_module/cmake)
-- Using PYTHON_EXECUTABLE: /usr/bin/python3
-- Using PYTHON_INCLUDE_DIRS: /usr/include/python3.8
-- Using PYTHON_LIBRARIES: /usr/lib/x86_64-linux-gnu/libpython3.8.so
CMake Deprecation Warning at /home/dhanush/ros2_humble/install/rosidl_cmake/share/rosidl_cmake/cmake/rosidl_target_interfaces.cmake:32 (message):
  Use rosidl_get_typesupport_target() and target_link_libraries() instead of
  rosidl_target_interfaces()
Call Stack (most recent call first):
  CMakeLists.txt:35 (rosidl_target_interfaces)


CMake Deprecation Warning at /home/dhanush/ros2_humble/install/rosidl_cmake/share/rosidl_cmake/cmake/rosidl_target_interfaces.cmake:32 (message):
  Use rosidl_get_typesupport_target() and target_link_libraries() instead of
  rosidl_target_interfaces()
Call Stack (most recent call first):
  CMakeLists.txt:37 (rosidl_target_interfaces)


-- Found ament_lint_auto: 0.12.4 (/home/dhanush/ros2_humble/install/ament_lint_auto/share/ament_lint_auto/cmake)
-- Added test 'cppcheck' to perform static code analysis on C / C++ code
-- Configured cppcheck include dirs: 
-- Configured cppcheck exclude dirs and/or files: 
-- Added test 'lint_cmake' to check CMake code style
-- Added test 'uncrustify' to check C / C++ code style
-- Configured uncrustify additional arguments: 
-- Added test 'xmllint' to check XML markup files
-- Configuring done
-- Generating done
-- Build files have been written to: /home/dhanush/Documents/HW/ENPM808X/beginner_tutorials/build/cpp_pubsub
[  2%] Built target cpp_pubsub__cpp
[  2%] Built target ament_cmake_python_copy_cpp_pubsub
[ 10%] Built target cpp_pubsub__rosidl_generator_c
[ 18%] Built target cpp_pubsub__rosidl_typesupport_cpp
[ 24%] Built target listener
[ 32%] Built target cpp_pubsub__rosidl_typesupport_introspection_cpp
[ 40%] Built target cpp_pubsub__rosidl_typesupport_fastrtps_cpp
[ 48%] Built target cpp_pubsub__rosidl_typesupport_c
[ 56%] Built target cpp_pubsub__rosidl_typesupport_introspection_c
[ 64%] Built target cpp_pubsub__rosidl_typesupport_fastrtps_c
[ 64%] Built target cpp_pubsub
[ 67%] Built target cpp_pubsub__py
[35m[1mScanning dependencies of target talker[0m
[ 72%] Built target client
[ 78%] Built target cpp_pubsub__rosidl_generator_py
[ 81%] [32mBuilding CXX object CMakeFiles/talker.dir/src/publisher_member_function.cpp.o[0m
[ 86%] Built target cpp_pubsub__rosidl_typesupport_c__pyext
[ 91%] Built target cpp_pubsub__rosidl_typesupport_introspection_c__pyext
[ 97%] Built target cpp_pubsub__rosidl_typesupport_fastrtps_c__pyext
running egg_info
writing cpp_pubsub.egg-info/PKG-INFO
writing dependency_links to cpp_pubsub.egg-info/dependency_links.txt
writing top-level names to cpp_pubsub.egg-info/top_level.txt
reading manifest file 'cpp_pubsub.egg-info/SOURCES.txt'
writing manifest file 'cpp_pubsub.egg-info/SOURCES.txt'
[ 97%] Built target ament_cmake_python_build_cpp_pubsub_egg
[01m[K/home/dhanush/Documents/HW/ENPM808X/beginner_tutorials/ros2_ws/src/cpp_pubsub/src/publisher_member_function.cpp:62:1:[m[K [01;31m[Kerror: [m[Kâ€˜[01m[KPARAMETER_HANDLE[m[Kâ€™ does not name a type; did you mean â€˜[01m[KPARAMETER_HNADLE[m[Kâ€™?
   62 | [01;31m[KPARAMETER_HANDLE[m[K m_paramHandle_;
      | [01;31m[K^~~~~~~~~~~~~~~~[m[K
      | [32m[KPARAMETER_HNADLE[m[K
[01m[K/home/dhanush/Documents/HW/ENPM808X/beginner_tutorials/ros2_ws/src/cpp_pubsub/src/publisher_member_function.cpp:[m[K In constructor â€˜[01m[KMinimalPublisher::MinimalPublisher()[m[Kâ€™:
[01m[K/home/dhanush/Documents/HW/ENPM808X/beginner_tutorials/ros2_ws/src/cpp_pubsub/src/publisher_member_function.cpp:43:7:[m[K [01;31m[Kerror: [m[Kâ€˜[01m[Km_paramHandle_[m[Kâ€™ was not declared in this scope
   43 |       [01;31m[Km_paramHandle_[m[K = m_param_subscriber_->add_parameter_callback ("freq", paramCallbackPtr);
      |       [01;31m[K^~~~~~~~~~~~~~[m[K
[01m[K/home/dhanush/Documents/HW/ENPM808X/beginner_tutorials/ros2_ws/src/cpp_pubsub/src/publisher_member_function.cpp:[m[K In member function â€˜[01m[Kvoid MinimalPublisher::timer_callback()[m[Kâ€™:
[01m[K/home/dhanush/Documents/HW/ENPM808X/beginner_tutorials/ros2_ws/src/cpp_pubsub/src/publisher_member_function.cpp:76:10:[m[K [01;35m[Kwarning: [m[Kunused variable â€˜[01m[Kfreq[m[Kâ€™ [[01;35m[K-Wunused-variable[m[K]
   76 |     auto [01;35m[Kfreq[m[K = param.get_parameter_value().get<std::float_t>();
      |          [01;35m[K^~~~[m[K
make[2]: *** [CMakeFiles/talker.dir/build.make:63: CMakeFiles/talker.dir/src/publisher_member_function.cpp.o] Error 1
make[1]: *** [CMakeFiles/Makefile2:188: CMakeFiles/talker.dir/all] Error 2
make: *** [Makefile:141: all] Error 2
