-- Found ament_cmake: 1.3.2 (/home/dhanush/ros2_humble/install/ament_cmake/share/ament_cmake/cmake)
-- Found rclcpp: 16.0.1 (/home/dhanush/ros2_humble/install/rclcpp/share/rclcpp/cmake)
-- Found rosidl_generator_c: 3.1.3 (/home/dhanush/ros2_humble/install/rosidl_generator_c/share/rosidl_generator_c/cmake)
-- Found rosidl_adapter: 3.1.3 (/home/dhanush/ros2_humble/install/rosidl_adapter/share/rosidl_adapter/cmake)
-- Found rosidl_generator_cpp: 3.1.3 (/home/dhanush/ros2_humble/install/rosidl_generator_cpp/share/rosidl_generator_cpp/cmake)
-- Using all available rosidl_typesupport_c: rosidl_typesupport_introspection_c;rosidl_typesupport_fastrtps_c
-- Using all available rosidl_typesupport_cpp: rosidl_typesupport_introspection_cpp;rosidl_typesupport_fastrtps_cpp
-- Found rmw_implementation_cmake: 6.1.0 (/home/dhanush/ros2_humble/install/rmw_implementation_cmake/share/rmw_implementation_cmake/cmake)
-- Found rmw_fastrtps_cpp: 6.2.1 (/home/dhanush/ros2_humble/install/rmw_fastrtps_cpp/share/rmw_fastrtps_cpp/cmake)
-- Using RMW implementation 'rmw_fastrtps_cpp' as default
-- Found rosidl_default_generators: 1.2.0 (/home/dhanush/ros2_humble/install/rosidl_default_generators/share/rosidl_default_generators/cmake)
-- Found ament_cmake_ros: 0.10.0 (/home/dhanush/ros2_humble/install/ament_cmake_ros/share/ament_cmake_ros/cmake)
-- Using all available rosidl_typesupport_c: rosidl_typesupport_introspection_c;rosidl_typesupport_fastrtps_c
-- Using all available rosidl_typesupport_cpp: rosidl_typesupport_introspection_cpp;rosidl_typesupport_fastrtps_cpp
-- Found python_cmake_module: 0.10.0 (/home/dhanush/ros2_humble/install/python_cmake_module/share/python_cmake_module/cmake)
-- Using PYTHON_EXECUTABLE: /usr/bin/python3
-- Using PYTHON_INCLUDE_DIRS: /usr/include/python3.8
-- Using PYTHON_LIBRARIES: /usr/lib/x86_64-linux-gnu/libpython3.8.so
CMake Deprecation Warning at /home/dhanush/ros2_humble/install/rosidl_cmake/share/rosidl_cmake/cmake/rosidl_target_interfaces.cmake:32 (message):
  Use rosidl_get_typesupport_target() and target_link_libraries() instead of
  rosidl_target_interfaces()
Call Stack (most recent call first):
  CMakeLists.txt:35 (rosidl_target_interfaces)


CMake Deprecation Warning at /home/dhanush/ros2_humble/install/rosidl_cmake/share/rosidl_cmake/cmake/rosidl_target_interfaces.cmake:32 (message):
  Use rosidl_get_typesupport_target() and target_link_libraries() instead of
  rosidl_target_interfaces()
Call Stack (most recent call first):
  CMakeLists.txt:37 (rosidl_target_interfaces)


-- Found ament_lint_auto: 0.12.4 (/home/dhanush/ros2_humble/install/ament_lint_auto/share/ament_lint_auto/cmake)
-- Added test 'cppcheck' to perform static code analysis on C / C++ code
-- Configured cppcheck include dirs: 
-- Configured cppcheck exclude dirs and/or files: 
-- Added test 'lint_cmake' to check CMake code style
-- Added test 'uncrustify' to check C / C++ code style
-- Configured uncrustify additional arguments: 
-- Added test 'xmllint' to check XML markup files
-- Configuring done
-- Generating done
-- Build files have been written to: /home/dhanush/Documents/HW/ENPM808X/beginner_tutorials/ros2_ws/build/cpp_pubsub
[35m[1mScanning dependencies of target listener[0m
[  2%] Built target cpp_pubsub__cpp
[ 10%] Built target cpp_pubsub__rosidl_generator_c
[ 10%] Built target ament_cmake_python_copy_cpp_pubsub
[ 18%] Built target cpp_pubsub__rosidl_typesupport_cpp
[ 35%] Built target cpp_pubsub__rosidl_typesupport_c
[ 35%] Built target cpp_pubsub__rosidl_typesupport_fastrtps_c
[ 43%] Built target cpp_pubsub__rosidl_typesupport_introspection_c
[ 51%] Built target cpp_pubsub__rosidl_typesupport_introspection_cpp
[ 59%] Built target cpp_pubsub__rosidl_typesupport_fastrtps_cpp
[ 62%] [32mBuilding CXX object CMakeFiles/listener.dir/src/subscriber_member_function.cpp.o[0m
[ 62%] Built target cpp_pubsub
[35m[1mScanning dependencies of target client[0m
[35m[1mScanning dependencies of target talker[0m
[ 64%] Built target cpp_pubsub__py
[ 67%] [32mBuilding CXX object CMakeFiles/talker.dir/src/publisher_member_function.cpp.o[0m
[ 72%] Built target cpp_pubsub__rosidl_generator_py
[ 75%] [32mBuilding CXX object CMakeFiles/client.dir/src/client.cpp.o[0m
[ 81%] Built target cpp_pubsub__rosidl_typesupport_introspection_c__pyext
[ 86%] Built target cpp_pubsub__rosidl_typesupport_fastrtps_c__pyext
[ 91%] Built target cpp_pubsub__rosidl_typesupport_c__pyext
running egg_info
writing cpp_pubsub.egg-info/PKG-INFO
writing dependency_links to cpp_pubsub.egg-info/dependency_links.txt
writing top-level names to cpp_pubsub.egg-info/top_level.txt
reading manifest file 'cpp_pubsub.egg-info/SOURCES.txt'
writing manifest file 'cpp_pubsub.egg-info/SOURCES.txt'
[ 91%] Built target ament_cmake_python_build_cpp_pubsub_egg
[01m[K/home/dhanush/Documents/HW/ENPM808X/beginner_tutorials/ros2_ws/src/cpp_pubsub/src/publisher_member_function.cpp:93:88:[m[K [01;31m[Kerror: [m[Kmacro "RCLCPP_DEBUG_STREAM" passed 3 arguments, but takes just 2
   93 |     RCLCPP_DEBUG_STREAM(this->get_logger(), "inserted string %s ", message.data.c_str()[01;31m[K)[m[K;
      |                                                                                        [01;31m[K^[m[K
In file included from [01m[K/home/dhanush/ros2_humble/install/rclcpp/include/rclcpp/rclcpp/client.hpp:40[m[K,
                 from [01m[K/home/dhanush/ros2_humble/install/rclcpp/include/rclcpp/rclcpp/callback_group.hpp:23[m[K,
                 from [01m[K/home/dhanush/ros2_humble/install/rclcpp/include/rclcpp/rclcpp/any_executable.hpp:20[m[K,
                 from [01m[K/home/dhanush/ros2_humble/install/rclcpp/include/rclcpp/rclcpp/memory_strategy.hpp:25[m[K,
                 from [01m[K/home/dhanush/ros2_humble/install/rclcpp/include/rclcpp/rclcpp/memory_strategies.hpp:18[m[K,
                 from [01m[K/home/dhanush/ros2_humble/install/rclcpp/include/rclcpp/rclcpp/executor_options.hpp:20[m[K,
                 from [01m[K/home/dhanush/ros2_humble/install/rclcpp/include/rclcpp/rclcpp/executor.hpp:37[m[K,
                 from [01m[K/home/dhanush/ros2_humble/install/rclcpp/include/rclcpp/rclcpp/executors/multi_threaded_executor.hpp:25[m[K,
                 from [01m[K/home/dhanush/ros2_humble/install/rclcpp/include/rclcpp/rclcpp/executors.hpp:21[m[K,
                 from [01m[K/home/dhanush/ros2_humble/install/rclcpp/include/rclcpp/rclcpp/rclcpp.hpp:155[m[K,
                 from [01m[K/home/dhanush/Documents/HW/ENPM808X/beginner_tutorials/ros2_ws/src/cpp_pubsub/src/publisher_member_function.cpp:18[m[K:
[01m[K/home/dhanush/ros2_humble/build/rclcpp/include/rclcpp/logging.hpp:287:[m[K [01;36m[Knote: [m[Kmacro "RCLCPP_DEBUG_STREAM" defined here
  287 | #define RCLCPP_DEBUG_STREAM(logger, stream_arg) \
      | 
[01m[K/home/dhanush/Documents/HW/ENPM808X/beginner_tutorials/ros2_ws/src/cpp_pubsub/src/publisher_member_function.cpp:[m[K In member function â€˜[01m[Kvoid MinimalPublisher::timer_callback()[m[Kâ€™:
[01m[K/home/dhanush/Documents/HW/ENPM808X/beginner_tutorials/ros2_ws/src/cpp_pubsub/src/publisher_member_function.cpp:93:5:[m[K [01;31m[Kerror: [m[Kâ€˜[01m[KRCLCPP_DEBUG_STREAM[m[Kâ€™ was not declared in this scope
   93 |     [01;31m[KRCLCPP_DEBUG_STREAM[m[K(this->get_logger(), "inserted string %s ", message.data.c_str());
      |     [01;31m[K^~~~~~~~~~~~~~~~~~~[m[K
[ 94%] [32m[1mLinking CXX executable client[0m
[ 94%] Built target client
make[2]: *** [CMakeFiles/talker.dir/build.make:63: CMakeFiles/talker.dir/src/publisher_member_function.cpp.o] Error 1
make[1]: *** [CMakeFiles/Makefile2:188: CMakeFiles/talker.dir/all] Error 2
make[1]: *** Waiting for unfinished jobs....
[ 97%] [32m[1mLinking CXX executable listener[0m
[ 97%] Built target listener
make: *** [Makefile:141: all] Error 2
