[0.053s] Invoking command in '/home/dhanush/Documents/HW/ENPM808X/beginner_tutorials/ros2_ws/build/cpp_pubsub': CMAKE_PREFIX_PATH=/home/dhanush/Documents/HW/ENPM808X/beginner_tutorials/ros2_ws/install/cpp_pubsub:/home/dhanush/Documents/HW/ENPM808X/beginner_tutorials/install/cpp_pubsub:/home/dhanush/ros2_humble/install/rosbag2:/home/dhanush/ros2_humble/install/rosbag2_compression_zstd:/home/dhanush/ros2_humble/install/zstd_vendor:/home/dhanush/ros2_humble/install/rviz_visual_testing_framework:/home/dhanush/ros2_humble/install/rviz2:/home/dhanush/ros2_humble/install/rviz_default_plugins:/home/dhanush/ros2_humble/install/rviz_common:/home/dhanush/ros2_humble/install/rosbag2_py:/home/dhanush/ros2_humble/install/rosbag2_transport:/home/dhanush/ros2_humble/install/rosbag2_performance_benchmarking:/home/dhanush/ros2_humble/install/rosbag2_compression:/home/dhanush/ros2_humble/install/rosbag2_cpp:/home/dhanush/ros2_humble/install/rosbag2_storage_default_plugins:/home/dhanush/ros2_humble/install/rosbag2_storage:/home/dhanush/ros2_humble/install/image_common:/home/dhanush/ros2_humble/install/camera_info_manager:/home/dhanush/ros2_humble/install/camera_calibration_parsers:/home/dhanush/ros2_humble/install/yaml_cpp_vendor:/home/dhanush/ros2_humble/install/interactive_markers:/home/dhanush/ros2_humble/install/common_interfaces:/home/dhanush/ros2_humble/install/visualization_msgs:/home/dhanush/ros2_humble/install/dummy_robot_bringup:/home/dhanush/ros2_humble/install/robot_state_publisher:/home/dhanush/ros2_humble/install/kdl_parser:/home/dhanush/ros2_humble/install/urdf:/home/dhanush/ros2_humble/install/urdfdom:/home/dhanush/ros2_humble/install/urdf_parser_plugin:/home/dhanush/ros2_humble/install/urdfdom_headers:/home/dhanush/ros2_humble/install/turtlesim:/home/dhanush/ros2_humble/install/geometry2:/home/dhanush/ros2_humble/install/tf2_sensor_msgs:/home/dhanush/ros2_humble/install/test_tf2:/home/dhanush/ros2_humble/install/tf2_kdl:/home/dhanush/ros2_humble/install/tf2_geometry_msgs:/home/dhanush/ros2_humble/install/tf2_eigen:/home/dhanush/ros2_humble/install/tf2_bullet:/home/dhanush/ros2_humble/install/tf2_ros:/home/dhanush/ros2_humble/install/tf2_py:/home/dhanush/ros2_humble/install/tf2_msgs:/home/dhanush/ros2_humble/install/test_msgs:/home/dhanush/ros2_humble/install/sros2_cmake:/home/dhanush/ros2_humble/install/ros2cli_common_extensions:/home/dhanush/ros2_humble/install/rqt_py_common:/home/dhanush/ros2_humble/install/ros_testing:/home/dhanush/ros2_humble/install/ros2cli_test_interfaces:/home/dhanush/ros2_humble/install/quality_of_service_demo_cpp:/home/dhanush/ros2_humble/install/image_transport:/home/dhanush/ros2_humble/install/message_filters:/home/dhanush/ros2_humble/install/demo_nodes_cpp:/home/dhanush/ros2_humble/install/composition:/home/dhanush/ros2_humble/install/laser_geometry:/home/dhanush/ros2_humble/install/rclpy:/home/dhanush/ros2_humble/install/examples_rclcpp_minimal_action_server:/home/dhanush/ros2_humble/install/examples_rclcpp_minimal_action_client:/home/dhanush/ros2_humble/install/action_tutorials_cpp:/home/dhanush/ros2_humble/install/rclcpp_action:/home/dhanush/ros2_humble/install/rcl_action:/home/dhanush/ros2_humble/install/examples_rclcpp_wait_set:/home/dhanush/ros2_humble/install/examples_rclcpp_minimal_service:/home/dhanush/ros2_humble/install/examples_rclcpp_minimal_client:/home/dhanush/ros2_humble/install/examples_rclcpp_async_client:/home/dhanush/ros2_humble/install/example_interfaces:/home/dhanush/ros2_humble/install/action_tutorials_interfaces:/home/dhanush/ros2_humble/install/action_msgs:/home/dhanush/ros2_humble/install/unique_identifier_msgs:/home/dhanush/ros2_humble/install/ament_lint_common:/home/dhanush/ros2_humble/install/ament_cmake_uncrustify:/home/dhanush/ros2_humble/install/uncrustify_vendor:/home/dhanush/ros2_humble/install/trajectory_msgs:/home/dhanush/ros2_humble/install/topic_statistics_demo:/home/dhanush/ros2_humble/install/pendulum_control:/home/dhanush/ros2_humble/install/tlsf_cpp:/home/dhanush/ros2_humble/install/test_tracetools:/home/dhanush/ros2_humble/install/rqt_gui_cpp:/home/dhanush/ros2_humble/install/rosbag2_test_common:/home/dhanush/ros2_humble/install/ros2lifecycle_test_fixtures:/home/dhanush/ros2_humble/install/lifecycle:/home/dhanush/ros2_humble/install/rclcpp_lifecycle:/home/dhanush/ros2_humble/install/logging_demo:/home/dhanush/ros2_humble/install/image_tools:/home/dhanush/ros2_humble/install/examples_rclcpp_minimal_subscriber:/home/dhanush/ros2_humble/install/examples_rclcpp_minimal_composition:/home/dhanush/ros2_humble/install/demo_nodes_cpp_native:/home/dhanush/ros2_humble/install/rclcpp_components:/home/dhanush/ros2_humble/install/intra_process_demo:/home/dhanush/ros2_humble/install/examples_rclcpp_multithreaded_executor:/home/dhanush/ros2_humble/install/examples_rclcpp_minimal_timer:/home/dhanush/ros2_humble/install/examples_rclcpp_minimal_publisher:/home/dhanush/ros2_humble/install/examples_rclcpp_cbg_executor:/home/dhanush/ros2_humble/install/dummy_sensors:/home/dhanush/ros2_humble/install/dummy_map_server:/home/dhanush/ros2_humble/install/rclcpp:/home/dhanush/ros2_humble/install/rcl_lifecycle:/home/dhanush/ros2_humble/install/libstatistics_collector:/home/dhanush/ros2_humble/install/rcl:/home/dhanush/ros2_humble/install/rmw_implementation:/home/dhanush/ros2_humble/install/rmw_fastrtps_dynamic_cpp:/home/dhanush/ros2_humble/install/rmw_fastrtps_cpp:/home/dhanush/ros2_humble/install/rmw_fastrtps_shared_cpp:/home/dhanush/ros2_humble/install/rmw_cyclonedds_cpp:/home/dhanush/ros2_humble/install/tracetools:/home/dhanush/ros2_humble/install/tlsf:/home/dhanush/ros2_humble/install/tinyxml_vendor:/home/dhanush/ros2_humble/install/qt_gui_core:/home/dhanush/ros2_humble/install/qt_gui_cpp:/home/dhanush/ros2_humble/install/pluginlib:/home/dhanush/ros2_humble/install/tinyxml2_vendor:/home/dhanush/ros2_humble/install/tf2_eigen_kdl:/home/dhanush/ros2_humble/install/tf2:/home/dhanush/ros2_humble/install/test_security:/home/dhanush/ros2_humble/install/test_rmw_implementation:/home/dhanush/ros2_humble/install/test_rclcpp:/home/dhanush/ros2_humble/install/test_quality_of_service:/home/dhanush/ros2_humble/install/test_launch_testing:/home/dhanush/ros2_humble/install/test_interface_files:/home/dhanush/ros2_humble/install/test_communication:/home/dhanush/ros2_humble/install/test_cli_remapping:/home/dhanush/ros2_humble/install/test_cli:/home/dhanush/ros2_humble/install/qt_gui_app:/home/dhanush/ros2_humble/install/qt_gui:/home/dhanush/ros2_humble/install/tango_icons_vendor:/home/dhanush/ros2_humble/install/stereo_msgs:/home/dhanush/ros2_humble/install/std_srvs:/home/dhanush/ros2_humble/install/shape_msgs:/home/dhanush/ros2_humble/install/map_msgs:/home/dhanush/ros2_humble/install/sensor_msgs:/home/dhanush/ros2_humble/install/nav_msgs:/home/dhanush/ros2_humble/install/diagnostic_msgs:/home/dhanush/ros2_humble/install/geometry_msgs:/home/dhanush/ros2_humble/install/actionlib_msgs:/home/dhanush/ros2_humble/install/std_msgs:/home/dhanush/ros2_humble/install/statistics_msgs:/home/dhanush/ros2_humble/install/sqlite3_vendor:/home/dhanush/ros2_humble/install/rcl_logging_spdlog:/home/dhanush/ros2_humble/install/spdlog_vendor:/home/dhanush/ros2_humble/install/shared_queues_vendor:/home/dhanush/ros2_humble/install/rviz_rendering_tests:/home/dhanush/ros2_humble/install/rviz_rendering:/home/dhanush/ros2_humble/install/rviz_ogre_vendor:/home/dhanush/ros2_humble/install/rviz_assimp_vendor:/home/dhanush/ros2_humble/install/rttest:/home/dhanush/ros2_humble/install/rmw_connextddsmicro:/home/dhanush/ros2_humble/install/rmw_connextdds:/home/dhanush/ros2_humble/install/rmw_connextdds_common:/home/dhanush/ros2_humble/install/rti_connext_dds_cmake_module:/home/dhanush/ros2_humble/install/rosgraph_msgs:/home/dhanush/ros2_humble/install/rosbag2_interfaces:/home/dhanush/ros2_humble/install/rmw_dds_common:/home/dhanush/ros2_humble/install/composition_interfaces:/home/dhanush/ros2_humble/install/rcl_interfaces:/home/dhanush/ros2_humble/install/pendulum_msgs:/home/dhanush/ros2_humble/install/lifecycle_msgs:/home/dhanush/ros2_humble/install/builtin_interfaces:/home/dhanush/ros2_humble/install/rosidl_default_runtime:/home/dhanush/ros2_humble/install/rosidl_default_generators:/home/dhanush/ros2_humble/install/rosidl_generator_py:/home/dhanush/ros2_humble/install/rosidl_typesupport_introspection_tests:/home/dhanush/ros2_humble/install/rosidl_typesupport_cpp:/home/dhanush/ros2_humble/install/rosidl_typesupport_introspection_cpp:/home/dhanush/ros2_humble/install/rosidl_typesupport_c:/home/dhanush/ros2_humble/install/rosidl_typesupport_introspection_c:/home/dhanush/ros2_humble/install/rosidl_typesupport_fastrtps_c:/home/dhanush/ros2_humble/install/rosidl_typesupport_fastrtps_cpp:/home/dhanush/ros2_humble/install/rosidl_generator_cpp:/home/dhanush/ros2_humble/install/rosidl_runtime_cpp:/home/dhanush/ros2_humble/install/rcl_yaml_param_parser:/home/dhanush/ros2_humble/install/rmw:/home/dhanush/ros2_humble/install/rosidl_runtime_c:/home/dhanush/ros2_humble/install/rosidl_generator_c:/home/dhanush/ros2_humble/install/rosidl_typesupport_interface:/home/dhanush/ros2_humble/install/rosidl_generator_dds_idl:/home/dhanush/ros2_humble/install/rosidl_cmake:/home/dhanush/ros2_humble/install/rosidl_parser:/home/dhanush/ros2_humble/install/rosidl_adapter:/home/dhanush/ros2_humble/install/rosbag2_tests:/home/dhanush/ros2_humble/install/ros_environment:/home/dhanush/ros2_humble/install/rmw_implementation_cmake:/home/dhanush/ros2_humble/install/resource_retriever:/home/dhanush/ros2_humble/install/class_loader:/home/dhanush/ros2_humble/install/rcpputils:/home/dhanush/ros2_humble/install/rcl_logging_noop:/home/dhanush/ros2_humble/install/rcl_logging_interface:/home/dhanush/ros2_humble/install/rcutils:/home/dhanush/ros2_humble/install/qt_gui_py_common:/home/dhanush/ros2_humble/install/qt_dotgraph:/home/dhanush/ros2_humble/install/python_qt_binding:/home/dhanush/ros2_humble/install/python_orocos_kdl_vendor:/home/dhanush/ros2_humble/install/launch_testing_ament_cmake:/home/dhanush/ros2_humble/install/python_cmake_module:/home/dhanush/ros2_humble/install/pybind11_vendor:/home/dhanush/ros2_humble/install/performance_test_fixture:/home/dhanush/ros2_humble/install/osrf_testing_tools_cpp:/home/dhanush/ros2_humble/install/rqt_bag_plugins:/home/dhanush/ros2_humble/install/rqt_bag:/home/dhanush/ros2_humble/install/ros2bag:/home/dhanush/ros2_humble/install/tracetools_test:/home/dhanush/ros2_humble/install/tracetools_launch:/home/dhanush/ros2_humble/install/topic_monitor:/home/dhanush/ros2_humble/install/tf2_tools:/home/dhanush/ros2_humble/install/examples_tf2_py:/home/dhanush/ros2_humble/install/tf2_ros_py:/home/dhanush/ros2_humble/install/sros2:/home/dhanush/ros2_humble/install/rqt_topic:/home/dhanush/ros2_humble/install/rqt_srv:/home/dhanush/ros2_humble/install/rqt_shell:/home/dhanush/ros2_humble/install/rqt_service_caller:/home/dhanush/ros2_humble/install/rqt_reconfigure:/home/dhanush/ros2_humble/install/rqt_py_console:/home/dhanush/ros2_humble/install/rqt_publisher:/home/dhanush/ros2_humble/install/rqt_plot:/home/dhanush/ros2_humble/install/rqt_action:/home/dhanush/ros2_humble/install/rqt_msg:/home/dhanush/ros2_humble/install/rqt_console:/home/dhanush/ros2_humble/install/rqt:/home/dhanush/ros2_humble/install/rqt_graph:/home/dhanush/ros2_humble/install/rqt_gui_py:/home/dhanush/ros2_humble/install/rqt_gui:/home/dhanush/ros2_humble/install/ros2trace:/home/dhanush/ros2_humble/install/ros2topic:/home/dhanush/ros2_humble/install/ros2test:/home/dhanush/ros2_humble/install/ros2component:/home/dhanush/ros2_humble/install/ros2param:/home/dhanush/ros2_humble/install/ros2lifecycle:/home/dhanush/ros2_humble/install/ros2service:/home/dhanush/ros2_humble/install/ros2run:/home/dhanush/ros2_humble/install/ros2launch:/home/dhanush/ros2_humble/install/ros2pkg:/home/dhanush/ros2_humble/install/ros2node:/home/dhanush/ros2_humble/install/ros2multicast:/home/dhanush/ros2_humble/install/ros2interface:/home/dhanush/ros2_humble/install/ros2doctor:/home/dhanush/ros2_humble/install/ros2action:/home/dhanush/ros2_humble/install/ros2cli:/home/dhanush/ros2_humble/install/quality_of_service_demo_py:/home/dhanush/ros2_humble/install/lifecycle_py:/home/dhanush/ros2_humble/install/launch_testing_ros:/home/dhanush/ros2_humble/install/launch_ros:/home/dhanush/ros2_humble/install/examples_rclpy_pointcloud_publisher:/home/dhanush/ros2_humble/install/examples_rclpy_minimal_subscriber:/home/dhanush/ros2_humble/install/examples_rclpy_minimal_service:/home/dhanush/ros2_humble/install/examples_rclpy_minimal_publisher:/home/dhanush/ros2_humble/install/examples_rclpy_minimal_client:/home/dhanush/ros2_humble/install/examples_rclpy_minimal_action_server:/home/dhanush/ros2_humble/install/examples_rclpy_minimal_action_client:/home/dhanush/ros2_humble/install/examples_rclpy_guard_conditions:/home/dhanush/ros2_humble/install/examples_rclpy_executors:/home/dhanush/ros2_humble/install/demo_nodes_py:/home/dhanush/ros2_humble/install/action_tutorials_py:/home/dhanush/ros2_humble/install/ament_uncrustify:/home/dhanush/ros2_humble/install/tracetools_trace:/home/dhanush/ros2_humble/install/tracetools_read:/home/dhanush/ros2_humble/install/test_tracetools_launch:/home/dhanush/ros2_humble/install/test_launch_ros:/home/dhanush/ros2_humble/install/sensor_msgs_py:/home/dhanush/ros2_humble/install/rpyutils:/home/dhanush/ros2_humble/install/rosidl_runtime_py:/home/dhanush/ros2_humble/install/rosidl_cli:/home/dhanush/ros2_humble/install/launch_pytest:/home/dhanush/ros2_humble/install/launch_testing:/home/dhanush/ros2_humble/install/launch_yaml:/home/dhanush/ros2_humble/install/launch_xml:/home/dhanush/ros2_humble/install/launch:/home/dhanush/ros2_humble/install/osrf_pycommon:/home/dhanush/ros2_humble/install/launch_testing_examples:/home/dhanush/ros2_humble/install/domain_coordinator:/home/dhanush/ros2_humble/install/ament_xmllint:/home/dhanush/ros2_humble/install/ament_pyflakes:/home/dhanush/ros2_humble/install/ament_pycodestyle:/home/dhanush/ros2_humble/install/ament_pep257:/home/dhanush/ros2_humble/install/ament_pclint:/home/dhanush/ros2_humble/install/ament_package:/home/dhanush/ros2_humble/install/ament_mypy:/home/dhanush/ros2_humble/install/ament_lint_cmake:/home/dhanush/ros2_humble/install/ament_flake8:/home/dhanush/ros2_humble/install/ament_copyright:/home/dhanush/ros2_humble/install/ament_lint:/home/dhanush/ros2_humble/install/ament_index_python:/home/dhanush/ros2_humble/install/ament_cpplint:/home/dhanush/ros2_humble/install/ament_cppcheck:/home/dhanush/ros2_humble/install/ament_clang_tidy:/home/dhanush/ros2_humble/install/ament_clang_format:/home/dhanush/ros2_humble/install/orocos_kdl_vendor:/home/dhanush/ros2_humble/install/mimick_vendor:/home/dhanush/ros2_humble/install/libyaml_vendor:/home/dhanush/ros2_humble/install/libcurl_vendor:/home/dhanush/ros2_humble/install/keyboard_handler:/home/dhanush/ros2_humble/install/cyclonedds:/home/dhanush/ros2_humble/install/iceoryx_posh:/home/dhanush/ros2_humble/install/iceoryx_hoofs:/home/dhanush/ros2_humble/install/iceoryx_binding_c:/home/dhanush/ros2_humble/install/ament_cmake_ros:/home/dhanush/ros2_humble/install/ament_cmake_gmock:/home/dhanush/ros2_humble/install/gmock_vendor:/home/dhanush/ros2_humble/install/ament_cmake_auto:/home/dhanush/ros2_humble/install/ament_cmake_gtest:/home/dhanush/ros2_humble/install/gtest_vendor:/home/dhanush/ros2_humble/install/ament_cmake_google_benchmark:/home/dhanush/ros2_humble/install/google_benchmark_vendor:/home/dhanush/ros2_humble/install/fastrtps:/home/dhanush/ros2_humble/install/foonathan_memory_vendor:/home/dhanush/ros2_humble/install/fastrtps_cmake_module:/home/dhanush/ros2_humble/install/fastcdr:/home/dhanush/ros2_humble/install/eigen3_cmake_module:/home/dhanush/ros2_humble/install/console_bridge_vendor:/home/dhanush/ros2_humble/install/ament_cmake_xmllint:/home/dhanush/ros2_humble/install/ament_cmake_pyflakes:/home/dhanush/ros2_humble/install/ament_cmake_pycodestyle:/home/dhanush/ros2_humble/install/ament_cmake_pep257:/home/dhanush/ros2_humble/install/ament_cmake_pclint:/home/dhanush/ros2_humble/install/ament_lint_auto:/home/dhanush/ros2_humble/install/ament_cmake:/home/dhanush/ros2_humble/install/ament_cmake_version:/home/dhanush/ros2_humble/install/ament_cmake_pytest:/home/dhanush/ros2_humble/install/ament_cmake_nose:/home/dhanush/ros2_humble/install/ament_cmake_mypy:/home/dhanush/ros2_humble/install/ament_cmake_lint_cmake:/home/dhanush/ros2_humble/install/ament_cmake_flake8:/home/dhanush/ros2_humble/install/ament_cmake_cpplint:/home/dhanush/ros2_humble/install/ament_cmake_cppcheck:/home/dhanush/ros2_humble/install/ament_cmake_copyright:/home/dhanush/ros2_humble/install/ament_cmake_clang_tidy:/home/dhanush/ros2_humble/install/ament_cmake_clang_format:/home/dhanush/ros2_humble/install/ament_cmake_test:/home/dhanush/ros2_humble/install/ament_cmake_target_dependencies:/home/dhanush/ros2_humble/install/ament_cmake_python:/home/dhanush/ros2_humble/install/ament_cmake_export_dependencies:/home/dhanush/ros2_humble/install/ament_cmake_libraries:/home/dhanush/ros2_humble/install/ament_cmake_include_directories:/home/dhanush/ros2_humble/install/ament_cmake_gen_version_h:/home/dhanush/ros2_humble/install/ament_cmake_export_targets:/home/dhanush/ros2_humble/install/ament_cmake_export_link_flags:/home/dhanush/ros2_humble/install/ament_cmake_export_interfaces:/home/dhanush/ros2_humble/install/ament_cmake_export_libraries:/home/dhanush/ros2_humble/install/ament_cmake_export_include_directories:/home/dhanush/ros2_humble/install/ament_cmake_export_definitions:/home/dhanush/ros2_humble/install/ament_cmake_core:/home/dhanush/ros2_humble/install/ament_index_cpp:/home/dhanush/catkin_ws/devel:/opt/ros/noetic /usr/bin/cmake --build /home/dhanush/Documents/HW/ENPM808X/beginner_tutorials/ros2_ws/build/cpp_pubsub -- -j8 -l8
[0.382s] -- Found ament_cmake: 1.3.2 (/home/dhanush/ros2_humble/install/ament_cmake/share/ament_cmake/cmake)
[4.671s] -- Found rclcpp: 16.0.1 (/home/dhanush/ros2_humble/install/rclcpp/share/rclcpp/cmake)
[5.778s] -- Found rosidl_generator_c: 3.1.3 (/home/dhanush/ros2_humble/install/rosidl_generator_c/share/rosidl_generator_c/cmake)
[5.827s] -- Found rosidl_adapter: 3.1.3 (/home/dhanush/ros2_humble/install/rosidl_adapter/share/rosidl_adapter/cmake)
[5.950s] -- Found rosidl_generator_cpp: 3.1.3 (/home/dhanush/ros2_humble/install/rosidl_generator_cpp/share/rosidl_generator_cpp/cmake)
[6.228s] -- Using all available rosidl_typesupport_c: rosidl_typesupport_introspection_c;rosidl_typesupport_fastrtps_c
[6.456s] -- Using all available rosidl_typesupport_cpp: rosidl_typesupport_introspection_cpp;rosidl_typesupport_fastrtps_cpp
[6.927s] -- Found rmw_implementation_cmake: 6.1.0 (/home/dhanush/ros2_humble/install/rmw_implementation_cmake/share/rmw_implementation_cmake/cmake)
[7.101s] -- Found rmw_fastrtps_cpp: 6.2.1 (/home/dhanush/ros2_humble/install/rmw_fastrtps_cpp/share/rmw_fastrtps_cpp/cmake)
[8.201s] -- Using RMW implementation 'rmw_fastrtps_cpp' as default
[8.881s] -- Found rosidl_default_generators: 1.2.0 (/home/dhanush/ros2_humble/install/rosidl_default_generators/share/rosidl_default_generators/cmake)
[14.070s] -- Found ament_cmake_ros: 0.10.0 (/home/dhanush/ros2_humble/install/ament_cmake_ros/share/ament_cmake_ros/cmake)
[23.337s] -- Using all available rosidl_typesupport_c: rosidl_typesupport_introspection_c;rosidl_typesupport_fastrtps_c
[26.824s] -- Using all available rosidl_typesupport_cpp: rosidl_typesupport_introspection_cpp;rosidl_typesupport_fastrtps_cpp
[27.253s] -- Found python_cmake_module: 0.10.0 (/home/dhanush/ros2_humble/install/python_cmake_module/share/python_cmake_module/cmake)
[27.761s] -- Using PYTHON_EXECUTABLE: /usr/bin/python3
[27.761s] -- Using PYTHON_INCLUDE_DIRS: /usr/include/python3.8
[27.762s] -- Using PYTHON_LIBRARIES: /usr/lib/x86_64-linux-gnu/libpython3.8.so
[28.173s] CMake Deprecation Warning at /home/dhanush/ros2_humble/install/rosidl_cmake/share/rosidl_cmake/cmake/rosidl_target_interfaces.cmake:32 (message):
[28.173s]   Use rosidl_get_typesupport_target() and target_link_libraries() instead of
[28.173s]   rosidl_target_interfaces()
[28.173s] Call Stack (most recent call first):
[28.173s]   CMakeLists.txt:35 (rosidl_target_interfaces)
[28.173s] 
[28.173s] 
[28.173s] CMake Deprecation Warning at /home/dhanush/ros2_humble/install/rosidl_cmake/share/rosidl_cmake/cmake/rosidl_target_interfaces.cmake:32 (message):
[28.173s]   Use rosidl_get_typesupport_target() and target_link_libraries() instead of
[28.173s]   rosidl_target_interfaces()
[28.174s] Call Stack (most recent call first):
[28.174s]   CMakeLists.txt:37 (rosidl_target_interfaces)
[28.174s] 
[28.174s] 
[28.220s] -- Found ament_lint_auto: 0.12.4 (/home/dhanush/ros2_humble/install/ament_lint_auto/share/ament_lint_auto/cmake)
[28.688s] -- Added test 'cppcheck' to perform static code analysis on C / C++ code
[28.691s] -- Configured cppcheck include dirs: 
[28.691s] -- Configured cppcheck exclude dirs and/or files: 
[28.695s] -- Added test 'lint_cmake' to check CMake code style
[28.702s] -- Added test 'uncrustify' to check C / C++ code style
[28.702s] -- Configured uncrustify additional arguments: 
[28.704s] -- Added test 'xmllint' to check XML markup files
[28.769s] -- Configuring done
[28.999s] -- Generating done
[29.007s] -- Build files have been written to: /home/dhanush/Documents/HW/ENPM808X/beginner_tutorials/ros2_ws/build/cpp_pubsub
[29.081s] [35m[1mScanning dependencies of target listener[0m
[29.113s] [  2%] Built target cpp_pubsub__cpp
[29.113s] [ 10%] Built target cpp_pubsub__rosidl_generator_c
[29.153s] [ 10%] Built target ament_cmake_python_copy_cpp_pubsub
[29.204s] [ 18%] Built target cpp_pubsub__rosidl_typesupport_cpp
[29.205s] [ 35%] Built target cpp_pubsub__rosidl_typesupport_c
[29.205s] [ 35%] Built target cpp_pubsub__rosidl_typesupport_fastrtps_c
[29.206s] [ 43%] Built target cpp_pubsub__rosidl_typesupport_introspection_c
[29.207s] [ 51%] Built target cpp_pubsub__rosidl_typesupport_introspection_cpp
[29.208s] [ 59%] Built target cpp_pubsub__rosidl_typesupport_fastrtps_cpp
[29.223s] [ 62%] [32mBuilding CXX object CMakeFiles/listener.dir/src/subscriber_member_function.cpp.o[0m
[29.272s] [ 62%] Built target cpp_pubsub
[29.307s] [35m[1mScanning dependencies of target client[0m
[29.307s] [35m[1mScanning dependencies of target talker[0m
[29.342s] [ 64%] Built target cpp_pubsub__py
[29.386s] [ 67%] [32mBuilding CXX object CMakeFiles/talker.dir/src/publisher_member_function.cpp.o[0m
[29.415s] [ 72%] Built target cpp_pubsub__rosidl_generator_py
[29.434s] [ 75%] [32mBuilding CXX object CMakeFiles/client.dir/src/client.cpp.o[0m
[29.483s] [ 81%] Built target cpp_pubsub__rosidl_typesupport_introspection_c__pyext
[29.485s] [ 86%] Built target cpp_pubsub__rosidl_typesupport_fastrtps_c__pyext
[29.492s] [ 91%] Built target cpp_pubsub__rosidl_typesupport_c__pyext
[30.106s] running egg_info
[30.107s] writing cpp_pubsub.egg-info/PKG-INFO
[30.107s] writing dependency_links to cpp_pubsub.egg-info/dependency_links.txt
[30.108s] writing top-level names to cpp_pubsub.egg-info/top_level.txt
[30.148s] reading manifest file 'cpp_pubsub.egg-info/SOURCES.txt'
[30.148s] writing manifest file 'cpp_pubsub.egg-info/SOURCES.txt'
[30.195s] [ 91%] Built target ament_cmake_python_build_cpp_pubsub_egg
[32.296s] [01m[K/home/dhanush/Documents/HW/ENPM808X/beginner_tutorials/ros2_ws/src/cpp_pubsub/src/publisher_member_function.cpp:93:88:[m[K [01;31m[Kerror: [m[Kmacro "RCLCPP_DEBUG_STREAM" passed 3 arguments, but takes just 2
[32.297s]    93 |     RCLCPP_DEBUG_STREAM(this->get_logger(), "inserted string %s ", message.data.c_str()[01;31m[K)[m[K;
[32.297s]       |                                                                                        [01;31m[K^[m[K
[32.298s] In file included from [01m[K/home/dhanush/ros2_humble/install/rclcpp/include/rclcpp/rclcpp/client.hpp:40[m[K,
[32.298s]                  from [01m[K/home/dhanush/ros2_humble/install/rclcpp/include/rclcpp/rclcpp/callback_group.hpp:23[m[K,
[32.299s]                  from [01m[K/home/dhanush/ros2_humble/install/rclcpp/include/rclcpp/rclcpp/any_executable.hpp:20[m[K,
[32.299s]                  from [01m[K/home/dhanush/ros2_humble/install/rclcpp/include/rclcpp/rclcpp/memory_strategy.hpp:25[m[K,
[32.300s]                  from [01m[K/home/dhanush/ros2_humble/install/rclcpp/include/rclcpp/rclcpp/memory_strategies.hpp:18[m[K,
[32.301s]                  from [01m[K/home/dhanush/ros2_humble/install/rclcpp/include/rclcpp/rclcpp/executor_options.hpp:20[m[K,
[32.301s]                  from [01m[K/home/dhanush/ros2_humble/install/rclcpp/include/rclcpp/rclcpp/executor.hpp:37[m[K,
[32.302s]                  from [01m[K/home/dhanush/ros2_humble/install/rclcpp/include/rclcpp/rclcpp/executors/multi_threaded_executor.hpp:25[m[K,
[32.302s]                  from [01m[K/home/dhanush/ros2_humble/install/rclcpp/include/rclcpp/rclcpp/executors.hpp:21[m[K,
[32.303s]                  from [01m[K/home/dhanush/ros2_humble/install/rclcpp/include/rclcpp/rclcpp/rclcpp.hpp:155[m[K,
[32.303s]                  from [01m[K/home/dhanush/Documents/HW/ENPM808X/beginner_tutorials/ros2_ws/src/cpp_pubsub/src/publisher_member_function.cpp:18[m[K:
[32.304s] [01m[K/home/dhanush/ros2_humble/build/rclcpp/include/rclcpp/logging.hpp:287:[m[K [01;36m[Knote: [m[Kmacro "RCLCPP_DEBUG_STREAM" defined here
[32.305s]   287 | #define RCLCPP_DEBUG_STREAM(logger, stream_arg) \
[32.305s]       | 
[35.022s] [01m[K/home/dhanush/Documents/HW/ENPM808X/beginner_tutorials/ros2_ws/src/cpp_pubsub/src/publisher_member_function.cpp:[m[K In member function â€˜[01m[Kvoid MinimalPublisher::timer_callback()[m[Kâ€™:
[35.023s] [01m[K/home/dhanush/Documents/HW/ENPM808X/beginner_tutorials/ros2_ws/src/cpp_pubsub/src/publisher_member_function.cpp:93:5:[m[K [01;31m[Kerror: [m[Kâ€˜[01m[KRCLCPP_DEBUG_STREAM[m[Kâ€™ was not declared in this scope
[35.023s]    93 |     [01;31m[KRCLCPP_DEBUG_STREAM[m[K(this->get_logger(), "inserted string %s ", message.data.c_str());
[35.023s]       |     [01;31m[K^~~~~~~~~~~~~~~~~~~[m[K
[36.952s] [ 94%] [32m[1mLinking CXX executable client[0m
[38.107s] [ 94%] Built target client
[38.534s] make[2]: *** [CMakeFiles/talker.dir/build.make:63: CMakeFiles/talker.dir/src/publisher_member_function.cpp.o] Error 1
[38.534s] make[1]: *** [CMakeFiles/Makefile2:188: CMakeFiles/talker.dir/all] Error 2
[38.534s] make[1]: *** Waiting for unfinished jobs....
[41.612s] [ 97%] [32m[1mLinking CXX executable listener[0m
[42.998s] [ 97%] Built target listener
[42.999s] make: *** [Makefile:141: all] Error 2
[43.002s] Invoked command in '/home/dhanush/Documents/HW/ENPM808X/beginner_tutorials/ros2_ws/build/cpp_pubsub' returned '2': CMAKE_PREFIX_PATH=/home/dhanush/Documents/HW/ENPM808X/beginner_tutorials/ros2_ws/install/cpp_pubsub:/home/dhanush/Documents/HW/ENPM808X/beginner_tutorials/install/cpp_pubsub:/home/dhanush/ros2_humble/install/rosbag2:/home/dhanush/ros2_humble/install/rosbag2_compression_zstd:/home/dhanush/ros2_humble/install/zstd_vendor:/home/dhanush/ros2_humble/install/rviz_visual_testing_framework:/home/dhanush/ros2_humble/install/rviz2:/home/dhanush/ros2_humble/install/rviz_default_plugins:/home/dhanush/ros2_humble/install/rviz_common:/home/dhanush/ros2_humble/install/rosbag2_py:/home/dhanush/ros2_humble/install/rosbag2_transport:/home/dhanush/ros2_humble/install/rosbag2_performance_benchmarking:/home/dhanush/ros2_humble/install/rosbag2_compression:/home/dhanush/ros2_humble/install/rosbag2_cpp:/home/dhanush/ros2_humble/install/rosbag2_storage_default_plugins:/home/dhanush/ros2_humble/install/rosbag2_storage:/home/dhanush/ros2_humble/install/image_common:/home/dhanush/ros2_humble/install/camera_info_manager:/home/dhanush/ros2_humble/install/camera_calibration_parsers:/home/dhanush/ros2_humble/install/yaml_cpp_vendor:/home/dhanush/ros2_humble/install/interactive_markers:/home/dhanush/ros2_humble/install/common_interfaces:/home/dhanush/ros2_humble/install/visualization_msgs:/home/dhanush/ros2_humble/install/dummy_robot_bringup:/home/dhanush/ros2_humble/install/robot_state_publisher:/home/dhanush/ros2_humble/install/kdl_parser:/home/dhanush/ros2_humble/install/urdf:/home/dhanush/ros2_humble/install/urdfdom:/home/dhanush/ros2_humble/install/urdf_parser_plugin:/home/dhanush/ros2_humble/install/urdfdom_headers:/home/dhanush/ros2_humble/install/turtlesim:/home/dhanush/ros2_humble/install/geometry2:/home/dhanush/ros2_humble/install/tf2_sensor_msgs:/home/dhanush/ros2_humble/install/test_tf2:/home/dhanush/ros2_humble/install/tf2_kdl:/home/dhanush/ros2_humble/install/tf2_geometry_msgs:/home/dhanush/ros2_humble/install/tf2_eigen:/home/dhanush/ros2_humble/install/tf2_bullet:/home/dhanush/ros2_humble/install/tf2_ros:/home/dhanush/ros2_humble/install/tf2_py:/home/dhanush/ros2_humble/install/tf2_msgs:/home/dhanush/ros2_humble/install/test_msgs:/home/dhanush/ros2_humble/install/sros2_cmake:/home/dhanush/ros2_humble/install/ros2cli_common_extensions:/home/dhanush/ros2_humble/install/rqt_py_common:/home/dhanush/ros2_humble/install/ros_testing:/home/dhanush/ros2_humble/install/ros2cli_test_interfaces:/home/dhanush/ros2_humble/install/quality_of_service_demo_cpp:/home/dhanush/ros2_humble/install/image_transport:/home/dhanush/ros2_humble/install/message_filters:/home/dhanush/ros2_humble/install/demo_nodes_cpp:/home/dhanush/ros2_humble/install/composition:/home/dhanush/ros2_humble/install/laser_geometry:/home/dhanush/ros2_humble/install/rclpy:/home/dhanush/ros2_humble/install/examples_rclcpp_minimal_action_server:/home/dhanush/ros2_humble/install/examples_rclcpp_minimal_action_client:/home/dhanush/ros2_humble/install/action_tutorials_cpp:/home/dhanush/ros2_humble/install/rclcpp_action:/home/dhanush/ros2_humble/install/rcl_action:/home/dhanush/ros2_humble/install/examples_rclcpp_wait_set:/home/dhanush/ros2_humble/install/examples_rclcpp_minimal_service:/home/dhanush/ros2_humble/install/examples_rclcpp_minimal_client:/home/dhanush/ros2_humble/install/examples_rclcpp_async_client:/home/dhanush/ros2_humble/install/example_interfaces:/home/dhanush/ros2_humble/install/action_tutorials_interfaces:/home/dhanush/ros2_humble/install/action_msgs:/home/dhanush/ros2_humble/install/unique_identifier_msgs:/home/dhanush/ros2_humble/install/ament_lint_common:/home/dhanush/ros2_humble/install/ament_cmake_uncrustify:/home/dhanush/ros2_humble/install/uncrustify_vendor:/home/dhanush/ros2_humble/install/trajectory_msgs:/home/dhanush/ros2_humble/install/topic_statistics_demo:/home/dhanush/ros2_humble/install/pendulum_control:/home/dhanush/ros2_humble/install/tlsf_cpp:/home/dhanush/ros2_humble/install/test_tracetools:/home/dhanush/ros2_humble/install/rqt_gui_cpp:/home/dhanush/ros2_humble/install/rosbag2_test_common:/home/dhanush/ros2_humble/install/ros2lifecycle_test_fixtures:/home/dhanush/ros2_humble/install/lifecycle:/home/dhanush/ros2_humble/install/rclcpp_lifecycle:/home/dhanush/ros2_humble/install/logging_demo:/home/dhanush/ros2_humble/install/image_tools:/home/dhanush/ros2_humble/install/examples_rclcpp_minimal_subscriber:/home/dhanush/ros2_humble/install/examples_rclcpp_minimal_composition:/home/dhanush/ros2_humble/install/demo_nodes_cpp_native:/home/dhanush/ros2_humble/install/rclcpp_components:/home/dhanush/ros2_humble/install/intra_process_demo:/home/dhanush/ros2_humble/install/examples_rclcpp_multithreaded_executor:/home/dhanush/ros2_humble/install/examples_rclcpp_minimal_timer:/home/dhanush/ros2_humble/install/examples_rclcpp_minimal_publisher:/home/dhanush/ros2_humble/install/examples_rclcpp_cbg_executor:/home/dhanush/ros2_humble/install/dummy_sensors:/home/dhanush/ros2_humble/install/dummy_map_server:/home/dhanush/ros2_humble/install/rclcpp:/home/dhanush/ros2_humble/install/rcl_lifecycle:/home/dhanush/ros2_humble/install/libstatistics_collector:/home/dhanush/ros2_humble/install/rcl:/home/dhanush/ros2_humble/install/rmw_implementation:/home/dhanush/ros2_humble/install/rmw_fastrtps_dynamic_cpp:/home/dhanush/ros2_humble/install/rmw_fastrtps_cpp:/home/dhanush/ros2_humble/install/rmw_fastrtps_shared_cpp:/home/dhanush/ros2_humble/install/rmw_cyclonedds_cpp:/home/dhanush/ros2_humble/install/tracetools:/home/dhanush/ros2_humble/install/tlsf:/home/dhanush/ros2_humble/install/tinyxml_vendor:/home/dhanush/ros2_humble/install/qt_gui_core:/home/dhanush/ros2_humble/install/qt_gui_cpp:/home/dhanush/ros2_humble/install/pluginlib:/home/dhanush/ros2_humble/install/tinyxml2_vendor:/home/dhanush/ros2_humble/install/tf2_eigen_kdl:/home/dhanush/ros2_humble/install/tf2:/home/dhanush/ros2_humble/install/test_security:/home/dhanush/ros2_humble/install/test_rmw_implementation:/home/dhanush/ros2_humble/install/test_rclcpp:/home/dhanush/ros2_humble/install/test_quality_of_service:/home/dhanush/ros2_humble/install/test_launch_testing:/home/dhanush/ros2_humble/install/test_interface_files:/home/dhanush/ros2_humble/install/test_communication:/home/dhanush/ros2_humble/install/test_cli_remapping:/home/dhanush/ros2_humble/install/test_cli:/home/dhanush/ros2_humble/install/qt_gui_app:/home/dhanush/ros2_humble/install/qt_gui:/home/dhanush/ros2_humble/install/tango_icons_vendor:/home/dhanush/ros2_humble/install/stereo_msgs:/home/dhanush/ros2_humble/install/std_srvs:/home/dhanush/ros2_humble/install/shape_msgs:/home/dhanush/ros2_humble/install/map_msgs:/home/dhanush/ros2_humble/install/sensor_msgs:/home/dhanush/ros2_humble/install/nav_msgs:/home/dhanush/ros2_humble/install/diagnostic_msgs:/home/dhanush/ros2_humble/install/geometry_msgs:/home/dhanush/ros2_humble/install/actionlib_msgs:/home/dhanush/ros2_humble/install/std_msgs:/home/dhanush/ros2_humble/install/statistics_msgs:/home/dhanush/ros2_humble/install/sqlite3_vendor:/home/dhanush/ros2_humble/install/rcl_logging_spdlog:/home/dhanush/ros2_humble/install/spdlog_vendor:/home/dhanush/ros2_humble/install/shared_queues_vendor:/home/dhanush/ros2_humble/install/rviz_rendering_tests:/home/dhanush/ros2_humble/install/rviz_rendering:/home/dhanush/ros2_humble/install/rviz_ogre_vendor:/home/dhanush/ros2_humble/install/rviz_assimp_vendor:/home/dhanush/ros2_humble/install/rttest:/home/dhanush/ros2_humble/install/rmw_connextddsmicro:/home/dhanush/ros2_humble/install/rmw_connextdds:/home/dhanush/ros2_humble/install/rmw_connextdds_common:/home/dhanush/ros2_humble/install/rti_connext_dds_cmake_module:/home/dhanush/ros2_humble/install/rosgraph_msgs:/home/dhanush/ros2_humble/install/rosbag2_interfaces:/home/dhanush/ros2_humble/install/rmw_dds_common:/home/dhanush/ros2_humble/install/composition_interfaces:/home/dhanush/ros2_humble/install/rcl_interfaces:/home/dhanush/ros2_humble/install/pendulum_msgs:/home/dhanush/ros2_humble/install/lifecycle_msgs:/home/dhanush/ros2_humble/install/builtin_interfaces:/home/dhanush/ros2_humble/install/rosidl_default_runtime:/home/dhanush/ros2_humble/install/rosidl_default_generators:/home/dhanush/ros2_humble/install/rosidl_generator_py:/home/dhanush/ros2_humble/install/rosidl_typesupport_introspection_tests:/home/dhanush/ros2_humble/install/rosidl_typesupport_cpp:/home/dhanush/ros2_humble/install/rosidl_typesupport_introspection_cpp:/home/dhanush/ros2_humble/install/rosidl_typesupport_c:/home/dhanush/ros2_humble/install/rosidl_typesupport_introspection_c:/home/dhanush/ros2_humble/install/rosidl_typesupport_fastrtps_c:/home/dhanush/ros2_humble/install/rosidl_typesupport_fastrtps_cpp:/home/dhanush/ros2_humble/install/rosidl_generator_cpp:/home/dhanush/ros2_humble/install/rosidl_runtime_cpp:/home/dhanush/ros2_humble/install/rcl_yaml_param_parser:/home/dhanush/ros2_humble/install/rmw:/home/dhanush/ros2_humble/install/rosidl_runtime_c:/home/dhanush/ros2_humble/install/rosidl_generator_c:/home/dhanush/ros2_humble/install/rosidl_typesupport_interface:/home/dhanush/ros2_humble/install/rosidl_generator_dds_idl:/home/dhanush/ros2_humble/install/rosidl_cmake:/home/dhanush/ros2_humble/install/rosidl_parser:/home/dhanush/ros2_humble/install/rosidl_adapter:/home/dhanush/ros2_humble/install/rosbag2_tests:/home/dhanush/ros2_humble/install/ros_environment:/home/dhanush/ros2_humble/install/rmw_implementation_cmake:/home/dhanush/ros2_humble/install/resource_retriever:/home/dhanush/ros2_humble/install/class_loader:/home/dhanush/ros2_humble/install/rcpputils:/home/dhanush/ros2_humble/install/rcl_logging_noop:/home/dhanush/ros2_humble/install/rcl_logging_interface:/home/dhanush/ros2_humble/install/rcutils:/home/dhanush/ros2_humble/install/qt_gui_py_common:/home/dhanush/ros2_humble/install/qt_dotgraph:/home/dhanush/ros2_humble/install/python_qt_binding:/home/dhanush/ros2_humble/install/python_orocos_kdl_vendor:/home/dhanush/ros2_humble/install/launch_testing_ament_cmake:/home/dhanush/ros2_humble/install/python_cmake_module:/home/dhanush/ros2_humble/install/pybind11_vendor:/home/dhanush/ros2_humble/install/performance_test_fixture:/home/dhanush/ros2_humble/install/osrf_testing_tools_cpp:/home/dhanush/ros2_humble/install/rqt_bag_plugins:/home/dhanush/ros2_humble/install/rqt_bag:/home/dhanush/ros2_humble/install/ros2bag:/home/dhanush/ros2_humble/install/tracetools_test:/home/dhanush/ros2_humble/install/tracetools_launch:/home/dhanush/ros2_humble/install/topic_monitor:/home/dhanush/ros2_humble/install/tf2_tools:/home/dhanush/ros2_humble/install/examples_tf2_py:/home/dhanush/ros2_humble/install/tf2_ros_py:/home/dhanush/ros2_humble/install/sros2:/home/dhanush/ros2_humble/install/rqt_topic:/home/dhanush/ros2_humble/install/rqt_srv:/home/dhanush/ros2_humble/install/rqt_shell:/home/dhanush/ros2_humble/install/rqt_service_caller:/home/dhanush/ros2_humble/install/rqt_reconfigure:/home/dhanush/ros2_humble/install/rqt_py_console:/home/dhanush/ros2_humble/install/rqt_publisher:/home/dhanush/ros2_humble/install/rqt_plot:/home/dhanush/ros2_humble/install/rqt_action:/home/dhanush/ros2_humble/install/rqt_msg:/home/dhanush/ros2_humble/install/rqt_console:/home/dhanush/ros2_humble/install/rqt:/home/dhanush/ros2_humble/install/rqt_graph:/home/dhanush/ros2_humble/install/rqt_gui_py:/home/dhanush/ros2_humble/install/rqt_gui:/home/dhanush/ros2_humble/install/ros2trace:/home/dhanush/ros2_humble/install/ros2topic:/home/dhanush/ros2_humble/install/ros2test:/home/dhanush/ros2_humble/install/ros2component:/home/dhanush/ros2_humble/install/ros2param:/home/dhanush/ros2_humble/install/ros2lifecycle:/home/dhanush/ros2_humble/install/ros2service:/home/dhanush/ros2_humble/install/ros2run:/home/dhanush/ros2_humble/install/ros2launch:/home/dhanush/ros2_humble/install/ros2pkg:/home/dhanush/ros2_humble/install/ros2node:/home/dhanush/ros2_humble/install/ros2multicast:/home/dhanush/ros2_humble/install/ros2interface:/home/dhanush/ros2_humble/install/ros2doctor:/home/dhanush/ros2_humble/install/ros2action:/home/dhanush/ros2_humble/install/ros2cli:/home/dhanush/ros2_humble/install/quality_of_service_demo_py:/home/dhanush/ros2_humble/install/lifecycle_py:/home/dhanush/ros2_humble/install/launch_testing_ros:/home/dhanush/ros2_humble/install/launch_ros:/home/dhanush/ros2_humble/install/examples_rclpy_pointcloud_publisher:/home/dhanush/ros2_humble/install/examples_rclpy_minimal_subscriber:/home/dhanush/ros2_humble/install/examples_rclpy_minimal_service:/home/dhanush/ros2_humble/install/examples_rclpy_minimal_publisher:/home/dhanush/ros2_humble/install/examples_rclpy_minimal_client:/home/dhanush/ros2_humble/install/examples_rclpy_minimal_action_server:/home/dhanush/ros2_humble/install/examples_rclpy_minimal_action_client:/home/dhanush/ros2_humble/install/examples_rclpy_guard_conditions:/home/dhanush/ros2_humble/install/examples_rclpy_executors:/home/dhanush/ros2_humble/install/demo_nodes_py:/home/dhanush/ros2_humble/install/action_tutorials_py:/home/dhanush/ros2_humble/install/ament_uncrustify:/home/dhanush/ros2_humble/install/tracetools_trace:/home/dhanush/ros2_humble/install/tracetools_read:/home/dhanush/ros2_humble/install/test_tracetools_launch:/home/dhanush/ros2_humble/install/test_launch_ros:/home/dhanush/ros2_humble/install/sensor_msgs_py:/home/dhanush/ros2_humble/install/rpyutils:/home/dhanush/ros2_humble/install/rosidl_runtime_py:/home/dhanush/ros2_humble/install/rosidl_cli:/home/dhanush/ros2_humble/install/launch_pytest:/home/dhanush/ros2_humble/install/launch_testing:/home/dhanush/ros2_humble/install/launch_yaml:/home/dhanush/ros2_humble/install/launch_xml:/home/dhanush/ros2_humble/install/launch:/home/dhanush/ros2_humble/install/osrf_pycommon:/home/dhanush/ros2_humble/install/launch_testing_examples:/home/dhanush/ros2_humble/install/domain_coordinator:/home/dhanush/ros2_humble/install/ament_xmllint:/home/dhanush/ros2_humble/install/ament_pyflakes:/home/dhanush/ros2_humble/install/ament_pycodestyle:/home/dhanush/ros2_humble/install/ament_pep257:/home/dhanush/ros2_humble/install/ament_pclint:/home/dhanush/ros2_humble/install/ament_package:/home/dhanush/ros2_humble/install/ament_mypy:/home/dhanush/ros2_humble/install/ament_lint_cmake:/home/dhanush/ros2_humble/install/ament_flake8:/home/dhanush/ros2_humble/install/ament_copyright:/home/dhanush/ros2_humble/install/ament_lint:/home/dhanush/ros2_humble/install/ament_index_python:/home/dhanush/ros2_humble/install/ament_cpplint:/home/dhanush/ros2_humble/install/ament_cppcheck:/home/dhanush/ros2_humble/install/ament_clang_tidy:/home/dhanush/ros2_humble/install/ament_clang_format:/home/dhanush/ros2_humble/install/orocos_kdl_vendor:/home/dhanush/ros2_humble/install/mimick_vendor:/home/dhanush/ros2_humble/install/libyaml_vendor:/home/dhanush/ros2_humble/install/libcurl_vendor:/home/dhanush/ros2_humble/install/keyboard_handler:/home/dhanush/ros2_humble/install/cyclonedds:/home/dhanush/ros2_humble/install/iceoryx_posh:/home/dhanush/ros2_humble/install/iceoryx_hoofs:/home/dhanush/ros2_humble/install/iceoryx_binding_c:/home/dhanush/ros2_humble/install/ament_cmake_ros:/home/dhanush/ros2_humble/install/ament_cmake_gmock:/home/dhanush/ros2_humble/install/gmock_vendor:/home/dhanush/ros2_humble/install/ament_cmake_auto:/home/dhanush/ros2_humble/install/ament_cmake_gtest:/home/dhanush/ros2_humble/install/gtest_vendor:/home/dhanush/ros2_humble/install/ament_cmake_google_benchmark:/home/dhanush/ros2_humble/install/google_benchmark_vendor:/home/dhanush/ros2_humble/install/fastrtps:/home/dhanush/ros2_humble/install/foonathan_memory_vendor:/home/dhanush/ros2_humble/install/fastrtps_cmake_module:/home/dhanush/ros2_humble/install/fastcdr:/home/dhanush/ros2_humble/install/eigen3_cmake_module:/home/dhanush/ros2_humble/install/console_bridge_vendor:/home/dhanush/ros2_humble/install/ament_cmake_xmllint:/home/dhanush/ros2_humble/install/ament_cmake_pyflakes:/home/dhanush/ros2_humble/install/ament_cmake_pycodestyle:/home/dhanush/ros2_humble/install/ament_cmake_pep257:/home/dhanush/ros2_humble/install/ament_cmake_pclint:/home/dhanush/ros2_humble/install/ament_lint_auto:/home/dhanush/ros2_humble/install/ament_cmake:/home/dhanush/ros2_humble/install/ament_cmake_version:/home/dhanush/ros2_humble/install/ament_cmake_pytest:/home/dhanush/ros2_humble/install/ament_cmake_nose:/home/dhanush/ros2_humble/install/ament_cmake_mypy:/home/dhanush/ros2_humble/install/ament_cmake_lint_cmake:/home/dhanush/ros2_humble/install/ament_cmake_flake8:/home/dhanush/ros2_humble/install/ament_cmake_cpplint:/home/dhanush/ros2_humble/install/ament_cmake_cppcheck:/home/dhanush/ros2_humble/install/ament_cmake_copyright:/home/dhanush/ros2_humble/install/ament_cmake_clang_tidy:/home/dhanush/ros2_humble/install/ament_cmake_clang_format:/home/dhanush/ros2_humble/install/ament_cmake_test:/home/dhanush/ros2_humble/install/ament_cmake_target_dependencies:/home/dhanush/ros2_humble/install/ament_cmake_python:/home/dhanush/ros2_humble/install/ament_cmake_export_dependencies:/home/dhanush/ros2_humble/install/ament_cmake_libraries:/home/dhanush/ros2_humble/install/ament_cmake_include_directories:/home/dhanush/ros2_humble/install/ament_cmake_gen_version_h:/home/dhanush/ros2_humble/install/ament_cmake_export_targets:/home/dhanush/ros2_humble/install/ament_cmake_export_link_flags:/home/dhanush/ros2_humble/install/ament_cmake_export_interfaces:/home/dhanush/ros2_humble/install/ament_cmake_export_libraries:/home/dhanush/ros2_humble/install/ament_cmake_export_include_directories:/home/dhanush/ros2_humble/install/ament_cmake_export_definitions:/home/dhanush/ros2_humble/install/ament_cmake_core:/home/dhanush/ros2_humble/install/ament_index_cpp:/home/dhanush/catkin_ws/devel:/opt/ros/noetic /usr/bin/cmake --build /home/dhanush/Documents/HW/ENPM808X/beginner_tutorials/ros2_ws/build/cpp_pubsub -- -j8 -l8
