[0.053s] Invoking command in '/home/dhanush/Documents/HW/ENPM808X/beginner_tutorials/ros2_ws/build/cpp_pubsub': CMAKE_PREFIX_PATH=/home/dhanush/Documents/HW/ENPM808X/beginner_tutorials/ros2_ws/install/cpp_pubsub:/home/dhanush/ros2_humble/install/rosbag2:/home/dhanush/ros2_humble/install/rosbag2_compression_zstd:/home/dhanush/ros2_humble/install/zstd_vendor:/home/dhanush/ros2_humble/install/rviz_visual_testing_framework:/home/dhanush/ros2_humble/install/rviz2:/home/dhanush/ros2_humble/install/rviz_default_plugins:/home/dhanush/ros2_humble/install/rviz_common:/home/dhanush/ros2_humble/install/rosbag2_py:/home/dhanush/ros2_humble/install/rosbag2_transport:/home/dhanush/ros2_humble/install/rosbag2_performance_benchmarking:/home/dhanush/ros2_humble/install/rosbag2_compression:/home/dhanush/ros2_humble/install/rosbag2_cpp:/home/dhanush/ros2_humble/install/rosbag2_storage_default_plugins:/home/dhanush/ros2_humble/install/rosbag2_storage:/home/dhanush/ros2_humble/install/image_common:/home/dhanush/ros2_humble/install/camera_info_manager:/home/dhanush/ros2_humble/install/camera_calibration_parsers:/home/dhanush/ros2_humble/install/yaml_cpp_vendor:/home/dhanush/ros2_humble/install/interactive_markers:/home/dhanush/ros2_humble/install/common_interfaces:/home/dhanush/ros2_humble/install/visualization_msgs:/home/dhanush/ros2_humble/install/dummy_robot_bringup:/home/dhanush/ros2_humble/install/robot_state_publisher:/home/dhanush/ros2_humble/install/kdl_parser:/home/dhanush/ros2_humble/install/urdf:/home/dhanush/ros2_humble/install/urdfdom:/home/dhanush/ros2_humble/install/urdf_parser_plugin:/home/dhanush/ros2_humble/install/urdfdom_headers:/home/dhanush/ros2_humble/install/turtlesim:/home/dhanush/ros2_humble/install/geometry2:/home/dhanush/ros2_humble/install/tf2_sensor_msgs:/home/dhanush/ros2_humble/install/test_tf2:/home/dhanush/ros2_humble/install/tf2_kdl:/home/dhanush/ros2_humble/install/tf2_geometry_msgs:/home/dhanush/ros2_humble/install/tf2_eigen:/home/dhanush/ros2_humble/install/tf2_bullet:/home/dhanush/ros2_humble/install/tf2_ros:/home/dhanush/ros2_humble/install/tf2_py:/home/dhanush/ros2_humble/install/tf2_msgs:/home/dhanush/ros2_humble/install/test_msgs:/home/dhanush/ros2_humble/install/sros2_cmake:/home/dhanush/ros2_humble/install/ros2cli_common_extensions:/home/dhanush/ros2_humble/install/rqt_py_common:/home/dhanush/ros2_humble/install/ros_testing:/home/dhanush/ros2_humble/install/ros2cli_test_interfaces:/home/dhanush/ros2_humble/install/quality_of_service_demo_cpp:/home/dhanush/ros2_humble/install/image_transport:/home/dhanush/ros2_humble/install/message_filters:/home/dhanush/ros2_humble/install/demo_nodes_cpp:/home/dhanush/ros2_humble/install/composition:/home/dhanush/ros2_humble/install/laser_geometry:/home/dhanush/ros2_humble/install/rclpy:/home/dhanush/ros2_humble/install/examples_rclcpp_minimal_action_server:/home/dhanush/ros2_humble/install/examples_rclcpp_minimal_action_client:/home/dhanush/ros2_humble/install/action_tutorials_cpp:/home/dhanush/ros2_humble/install/rclcpp_action:/home/dhanush/ros2_humble/install/rcl_action:/home/dhanush/ros2_humble/install/examples_rclcpp_wait_set:/home/dhanush/ros2_humble/install/examples_rclcpp_minimal_service:/home/dhanush/ros2_humble/install/examples_rclcpp_minimal_client:/home/dhanush/ros2_humble/install/examples_rclcpp_async_client:/home/dhanush/ros2_humble/install/example_interfaces:/home/dhanush/ros2_humble/install/action_tutorials_interfaces:/home/dhanush/ros2_humble/install/action_msgs:/home/dhanush/ros2_humble/install/unique_identifier_msgs:/home/dhanush/ros2_humble/install/ament_lint_common:/home/dhanush/ros2_humble/install/ament_cmake_uncrustify:/home/dhanush/ros2_humble/install/uncrustify_vendor:/home/dhanush/ros2_humble/install/trajectory_msgs:/home/dhanush/ros2_humble/install/topic_statistics_demo:/home/dhanush/ros2_humble/install/pendulum_control:/home/dhanush/ros2_humble/install/tlsf_cpp:/home/dhanush/ros2_humble/install/test_tracetools:/home/dhanush/ros2_humble/install/rqt_gui_cpp:/home/dhanush/ros2_humble/install/rosbag2_test_common:/home/dhanush/ros2_humble/install/ros2lifecycle_test_fixtures:/home/dhanush/ros2_humble/install/lifecycle:/home/dhanush/ros2_humble/install/rclcpp_lifecycle:/home/dhanush/ros2_humble/install/logging_demo:/home/dhanush/ros2_humble/install/image_tools:/home/dhanush/ros2_humble/install/examples_rclcpp_minimal_subscriber:/home/dhanush/ros2_humble/install/examples_rclcpp_minimal_composition:/home/dhanush/ros2_humble/install/demo_nodes_cpp_native:/home/dhanush/ros2_humble/install/rclcpp_components:/home/dhanush/ros2_humble/install/intra_process_demo:/home/dhanush/ros2_humble/install/examples_rclcpp_multithreaded_executor:/home/dhanush/ros2_humble/install/examples_rclcpp_minimal_timer:/home/dhanush/ros2_humble/install/examples_rclcpp_minimal_publisher:/home/dhanush/ros2_humble/install/examples_rclcpp_cbg_executor:/home/dhanush/ros2_humble/install/dummy_sensors:/home/dhanush/ros2_humble/install/dummy_map_server:/home/dhanush/ros2_humble/install/rclcpp:/home/dhanush/ros2_humble/install/rcl_lifecycle:/home/dhanush/ros2_humble/install/libstatistics_collector:/home/dhanush/ros2_humble/install/rcl:/home/dhanush/ros2_humble/install/rmw_implementation:/home/dhanush/ros2_humble/install/rmw_fastrtps_dynamic_cpp:/home/dhanush/ros2_humble/install/rmw_fastrtps_cpp:/home/dhanush/ros2_humble/install/rmw_fastrtps_shared_cpp:/home/dhanush/ros2_humble/install/rmw_cyclonedds_cpp:/home/dhanush/ros2_humble/install/tracetools:/home/dhanush/ros2_humble/install/tlsf:/home/dhanush/ros2_humble/install/tinyxml_vendor:/home/dhanush/ros2_humble/install/qt_gui_core:/home/dhanush/ros2_humble/install/qt_gui_cpp:/home/dhanush/ros2_humble/install/pluginlib:/home/dhanush/ros2_humble/install/tinyxml2_vendor:/home/dhanush/ros2_humble/install/tf2_eigen_kdl:/home/dhanush/ros2_humble/install/tf2:/home/dhanush/ros2_humble/install/test_security:/home/dhanush/ros2_humble/install/test_rmw_implementation:/home/dhanush/ros2_humble/install/test_rclcpp:/home/dhanush/ros2_humble/install/test_quality_of_service:/home/dhanush/ros2_humble/install/test_launch_testing:/home/dhanush/ros2_humble/install/test_interface_files:/home/dhanush/ros2_humble/install/test_communication:/home/dhanush/ros2_humble/install/test_cli_remapping:/home/dhanush/ros2_humble/install/test_cli:/home/dhanush/ros2_humble/install/qt_gui_app:/home/dhanush/ros2_humble/install/qt_gui:/home/dhanush/ros2_humble/install/tango_icons_vendor:/home/dhanush/ros2_humble/install/stereo_msgs:/home/dhanush/ros2_humble/install/std_srvs:/home/dhanush/ros2_humble/install/shape_msgs:/home/dhanush/ros2_humble/install/map_msgs:/home/dhanush/ros2_humble/install/sensor_msgs:/home/dhanush/ros2_humble/install/nav_msgs:/home/dhanush/ros2_humble/install/diagnostic_msgs:/home/dhanush/ros2_humble/install/geometry_msgs:/home/dhanush/ros2_humble/install/actionlib_msgs:/home/dhanush/ros2_humble/install/std_msgs:/home/dhanush/ros2_humble/install/statistics_msgs:/home/dhanush/ros2_humble/install/sqlite3_vendor:/home/dhanush/ros2_humble/install/rcl_logging_spdlog:/home/dhanush/ros2_humble/install/spdlog_vendor:/home/dhanush/ros2_humble/install/shared_queues_vendor:/home/dhanush/ros2_humble/install/rviz_rendering_tests:/home/dhanush/ros2_humble/install/rviz_rendering:/home/dhanush/ros2_humble/install/rviz_ogre_vendor:/home/dhanush/ros2_humble/install/rviz_assimp_vendor:/home/dhanush/ros2_humble/install/rttest:/home/dhanush/ros2_humble/install/rmw_connextddsmicro:/home/dhanush/ros2_humble/install/rmw_connextdds:/home/dhanush/ros2_humble/install/rmw_connextdds_common:/home/dhanush/ros2_humble/install/rti_connext_dds_cmake_module:/home/dhanush/ros2_humble/install/rosgraph_msgs:/home/dhanush/ros2_humble/install/rosbag2_interfaces:/home/dhanush/ros2_humble/install/rmw_dds_common:/home/dhanush/ros2_humble/install/composition_interfaces:/home/dhanush/ros2_humble/install/rcl_interfaces:/home/dhanush/ros2_humble/install/pendulum_msgs:/home/dhanush/ros2_humble/install/lifecycle_msgs:/home/dhanush/ros2_humble/install/builtin_interfaces:/home/dhanush/ros2_humble/install/rosidl_default_runtime:/home/dhanush/ros2_humble/install/rosidl_default_generators:/home/dhanush/ros2_humble/install/rosidl_generator_py:/home/dhanush/ros2_humble/install/rosidl_typesupport_introspection_tests:/home/dhanush/ros2_humble/install/rosidl_typesupport_cpp:/home/dhanush/ros2_humble/install/rosidl_typesupport_introspection_cpp:/home/dhanush/ros2_humble/install/rosidl_typesupport_c:/home/dhanush/ros2_humble/install/rosidl_typesupport_introspection_c:/home/dhanush/ros2_humble/install/rosidl_typesupport_fastrtps_c:/home/dhanush/ros2_humble/install/rosidl_typesupport_fastrtps_cpp:/home/dhanush/ros2_humble/install/rosidl_generator_cpp:/home/dhanush/ros2_humble/install/rosidl_runtime_cpp:/home/dhanush/ros2_humble/install/rcl_yaml_param_parser:/home/dhanush/ros2_humble/install/rmw:/home/dhanush/ros2_humble/install/rosidl_runtime_c:/home/dhanush/ros2_humble/install/rosidl_generator_c:/home/dhanush/ros2_humble/install/rosidl_typesupport_interface:/home/dhanush/ros2_humble/install/rosidl_generator_dds_idl:/home/dhanush/ros2_humble/install/rosidl_cmake:/home/dhanush/ros2_humble/install/rosidl_parser:/home/dhanush/ros2_humble/install/rosidl_adapter:/home/dhanush/ros2_humble/install/rosbag2_tests:/home/dhanush/ros2_humble/install/ros_environment:/home/dhanush/ros2_humble/install/rmw_implementation_cmake:/home/dhanush/ros2_humble/install/resource_retriever:/home/dhanush/ros2_humble/install/class_loader:/home/dhanush/ros2_humble/install/rcpputils:/home/dhanush/ros2_humble/install/rcl_logging_noop:/home/dhanush/ros2_humble/install/rcl_logging_interface:/home/dhanush/ros2_humble/install/rcutils:/home/dhanush/ros2_humble/install/qt_gui_py_common:/home/dhanush/ros2_humble/install/qt_dotgraph:/home/dhanush/ros2_humble/install/python_qt_binding:/home/dhanush/ros2_humble/install/python_orocos_kdl_vendor:/home/dhanush/ros2_humble/install/launch_testing_ament_cmake:/home/dhanush/ros2_humble/install/python_cmake_module:/home/dhanush/ros2_humble/install/pybind11_vendor:/home/dhanush/ros2_humble/install/performance_test_fixture:/home/dhanush/ros2_humble/install/osrf_testing_tools_cpp:/home/dhanush/ros2_humble/install/rqt_bag_plugins:/home/dhanush/ros2_humble/install/rqt_bag:/home/dhanush/ros2_humble/install/ros2bag:/home/dhanush/ros2_humble/install/tracetools_test:/home/dhanush/ros2_humble/install/tracetools_launch:/home/dhanush/ros2_humble/install/topic_monitor:/home/dhanush/ros2_humble/install/tf2_tools:/home/dhanush/ros2_humble/install/examples_tf2_py:/home/dhanush/ros2_humble/install/tf2_ros_py:/home/dhanush/ros2_humble/install/sros2:/home/dhanush/ros2_humble/install/rqt_topic:/home/dhanush/ros2_humble/install/rqt_srv:/home/dhanush/ros2_humble/install/rqt_shell:/home/dhanush/ros2_humble/install/rqt_service_caller:/home/dhanush/ros2_humble/install/rqt_reconfigure:/home/dhanush/ros2_humble/install/rqt_py_console:/home/dhanush/ros2_humble/install/rqt_publisher:/home/dhanush/ros2_humble/install/rqt_plot:/home/dhanush/ros2_humble/install/rqt_action:/home/dhanush/ros2_humble/install/rqt_msg:/home/dhanush/ros2_humble/install/rqt_console:/home/dhanush/ros2_humble/install/rqt:/home/dhanush/ros2_humble/install/rqt_graph:/home/dhanush/ros2_humble/install/rqt_gui_py:/home/dhanush/ros2_humble/install/rqt_gui:/home/dhanush/ros2_humble/install/ros2trace:/home/dhanush/ros2_humble/install/ros2topic:/home/dhanush/ros2_humble/install/ros2test:/home/dhanush/ros2_humble/install/ros2component:/home/dhanush/ros2_humble/install/ros2param:/home/dhanush/ros2_humble/install/ros2lifecycle:/home/dhanush/ros2_humble/install/ros2service:/home/dhanush/ros2_humble/install/ros2run:/home/dhanush/ros2_humble/install/ros2launch:/home/dhanush/ros2_humble/install/ros2pkg:/home/dhanush/ros2_humble/install/ros2node:/home/dhanush/ros2_humble/install/ros2multicast:/home/dhanush/ros2_humble/install/ros2interface:/home/dhanush/ros2_humble/install/ros2doctor:/home/dhanush/ros2_humble/install/ros2action:/home/dhanush/ros2_humble/install/ros2cli:/home/dhanush/ros2_humble/install/quality_of_service_demo_py:/home/dhanush/ros2_humble/install/lifecycle_py:/home/dhanush/ros2_humble/install/launch_testing_ros:/home/dhanush/ros2_humble/install/launch_ros:/home/dhanush/ros2_humble/install/examples_rclpy_pointcloud_publisher:/home/dhanush/ros2_humble/install/examples_rclpy_minimal_subscriber:/home/dhanush/ros2_humble/install/examples_rclpy_minimal_service:/home/dhanush/ros2_humble/install/examples_rclpy_minimal_publisher:/home/dhanush/ros2_humble/install/examples_rclpy_minimal_client:/home/dhanush/ros2_humble/install/examples_rclpy_minimal_action_server:/home/dhanush/ros2_humble/install/examples_rclpy_minimal_action_client:/home/dhanush/ros2_humble/install/examples_rclpy_guard_conditions:/home/dhanush/ros2_humble/install/examples_rclpy_executors:/home/dhanush/ros2_humble/install/demo_nodes_py:/home/dhanush/ros2_humble/install/action_tutorials_py:/home/dhanush/ros2_humble/install/ament_uncrustify:/home/dhanush/ros2_humble/install/tracetools_trace:/home/dhanush/ros2_humble/install/tracetools_read:/home/dhanush/ros2_humble/install/test_tracetools_launch:/home/dhanush/ros2_humble/install/test_launch_ros:/home/dhanush/ros2_humble/install/sensor_msgs_py:/home/dhanush/ros2_humble/install/rpyutils:/home/dhanush/ros2_humble/install/rosidl_runtime_py:/home/dhanush/ros2_humble/install/rosidl_cli:/home/dhanush/ros2_humble/install/launch_pytest:/home/dhanush/ros2_humble/install/launch_testing:/home/dhanush/ros2_humble/install/launch_yaml:/home/dhanush/ros2_humble/install/launch_xml:/home/dhanush/ros2_humble/install/launch:/home/dhanush/ros2_humble/install/osrf_pycommon:/home/dhanush/ros2_humble/install/launch_testing_examples:/home/dhanush/ros2_humble/install/domain_coordinator:/home/dhanush/ros2_humble/install/ament_xmllint:/home/dhanush/ros2_humble/install/ament_pyflakes:/home/dhanush/ros2_humble/install/ament_pycodestyle:/home/dhanush/ros2_humble/install/ament_pep257:/home/dhanush/ros2_humble/install/ament_pclint:/home/dhanush/ros2_humble/install/ament_package:/home/dhanush/ros2_humble/install/ament_mypy:/home/dhanush/ros2_humble/install/ament_lint_cmake:/home/dhanush/ros2_humble/install/ament_flake8:/home/dhanush/ros2_humble/install/ament_copyright:/home/dhanush/ros2_humble/install/ament_lint:/home/dhanush/ros2_humble/install/ament_index_python:/home/dhanush/ros2_humble/install/ament_cpplint:/home/dhanush/ros2_humble/install/ament_cppcheck:/home/dhanush/ros2_humble/install/ament_clang_tidy:/home/dhanush/ros2_humble/install/ament_clang_format:/home/dhanush/ros2_humble/install/orocos_kdl_vendor:/home/dhanush/ros2_humble/install/mimick_vendor:/home/dhanush/ros2_humble/install/libyaml_vendor:/home/dhanush/ros2_humble/install/libcurl_vendor:/home/dhanush/ros2_humble/install/keyboard_handler:/home/dhanush/ros2_humble/install/cyclonedds:/home/dhanush/ros2_humble/install/iceoryx_posh:/home/dhanush/ros2_humble/install/iceoryx_hoofs:/home/dhanush/ros2_humble/install/iceoryx_binding_c:/home/dhanush/ros2_humble/install/ament_cmake_ros:/home/dhanush/ros2_humble/install/ament_cmake_gmock:/home/dhanush/ros2_humble/install/gmock_vendor:/home/dhanush/ros2_humble/install/ament_cmake_auto:/home/dhanush/ros2_humble/install/ament_cmake_gtest:/home/dhanush/ros2_humble/install/gtest_vendor:/home/dhanush/ros2_humble/install/ament_cmake_google_benchmark:/home/dhanush/ros2_humble/install/google_benchmark_vendor:/home/dhanush/ros2_humble/install/fastrtps:/home/dhanush/ros2_humble/install/foonathan_memory_vendor:/home/dhanush/ros2_humble/install/fastrtps_cmake_module:/home/dhanush/ros2_humble/install/fastcdr:/home/dhanush/ros2_humble/install/eigen3_cmake_module:/home/dhanush/ros2_humble/install/console_bridge_vendor:/home/dhanush/ros2_humble/install/ament_cmake_xmllint:/home/dhanush/ros2_humble/install/ament_cmake_pyflakes:/home/dhanush/ros2_humble/install/ament_cmake_pycodestyle:/home/dhanush/ros2_humble/install/ament_cmake_pep257:/home/dhanush/ros2_humble/install/ament_cmake_pclint:/home/dhanush/ros2_humble/install/ament_lint_auto:/home/dhanush/ros2_humble/install/ament_cmake:/home/dhanush/ros2_humble/install/ament_cmake_version:/home/dhanush/ros2_humble/install/ament_cmake_pytest:/home/dhanush/ros2_humble/install/ament_cmake_nose:/home/dhanush/ros2_humble/install/ament_cmake_mypy:/home/dhanush/ros2_humble/install/ament_cmake_lint_cmake:/home/dhanush/ros2_humble/install/ament_cmake_flake8:/home/dhanush/ros2_humble/install/ament_cmake_cpplint:/home/dhanush/ros2_humble/install/ament_cmake_cppcheck:/home/dhanush/ros2_humble/install/ament_cmake_copyright:/home/dhanush/ros2_humble/install/ament_cmake_clang_tidy:/home/dhanush/ros2_humble/install/ament_cmake_clang_format:/home/dhanush/ros2_humble/install/ament_cmake_test:/home/dhanush/ros2_humble/install/ament_cmake_target_dependencies:/home/dhanush/ros2_humble/install/ament_cmake_python:/home/dhanush/ros2_humble/install/ament_cmake_export_dependencies:/home/dhanush/ros2_humble/install/ament_cmake_libraries:/home/dhanush/ros2_humble/install/ament_cmake_include_directories:/home/dhanush/ros2_humble/install/ament_cmake_gen_version_h:/home/dhanush/ros2_humble/install/ament_cmake_export_targets:/home/dhanush/ros2_humble/install/ament_cmake_export_link_flags:/home/dhanush/ros2_humble/install/ament_cmake_export_interfaces:/home/dhanush/ros2_humble/install/ament_cmake_export_libraries:/home/dhanush/ros2_humble/install/ament_cmake_export_include_directories:/home/dhanush/ros2_humble/install/ament_cmake_export_definitions:/home/dhanush/ros2_humble/install/ament_cmake_core:/home/dhanush/ros2_humble/install/ament_index_cpp:/home/dhanush/catkin_ws/devel:/opt/ros/noetic /usr/bin/cmake --build /home/dhanush/Documents/HW/ENPM808X/beginner_tutorials/ros2_ws/build/cpp_pubsub -- -j8 -l8
[0.131s] -- Found ament_cmake: 1.3.2 (/home/dhanush/ros2_humble/install/ament_cmake/share/ament_cmake/cmake)
[2.775s] -- Found rclcpp: 16.0.1 (/home/dhanush/ros2_humble/install/rclcpp/share/rclcpp/cmake)
[2.829s] -- Found rosidl_generator_c: 3.1.3 (/home/dhanush/ros2_humble/install/rosidl_generator_c/share/rosidl_generator_c/cmake)
[2.832s] -- Found rosidl_adapter: 3.1.3 (/home/dhanush/ros2_humble/install/rosidl_adapter/share/rosidl_adapter/cmake)
[2.841s] -- Found rosidl_generator_cpp: 3.1.3 (/home/dhanush/ros2_humble/install/rosidl_generator_cpp/share/rosidl_generator_cpp/cmake)
[2.887s] -- Using all available rosidl_typesupport_c: rosidl_typesupport_introspection_c;rosidl_typesupport_fastrtps_c
[2.938s] -- Using all available rosidl_typesupport_cpp: rosidl_typesupport_introspection_cpp;rosidl_typesupport_fastrtps_cpp
[3.055s] -- Found rmw_implementation_cmake: 6.1.0 (/home/dhanush/ros2_humble/install/rmw_implementation_cmake/share/rmw_implementation_cmake/cmake)
[3.087s] -- Found rmw_fastrtps_cpp: 6.2.1 (/home/dhanush/ros2_humble/install/rmw_fastrtps_cpp/share/rmw_fastrtps_cpp/cmake)
[3.409s] -- Using RMW implementation 'rmw_fastrtps_cpp' as default
[3.623s] -- Found rosidl_default_generators: 1.2.0 (/home/dhanush/ros2_humble/install/rosidl_default_generators/share/rosidl_default_generators/cmake)
[3.784s] -- Found geometry_msgs: 4.2.2 (/home/dhanush/ros2_humble/install/geometry_msgs/share/geometry_msgs/cmake)
[4.132s] -- Found tf2: 0.25.1 (/home/dhanush/ros2_humble/install/tf2/share/tf2/cmake)
[4.326s] -- Found tf2_ros: 0.25.1 (/home/dhanush/ros2_humble/install/tf2_ros/share/tf2_ros/cmake)
[10.865s] -- Found ament_cmake_ros: 0.10.0 (/home/dhanush/ros2_humble/install/ament_cmake_ros/share/ament_cmake_ros/cmake)
[19.470s] -- Using all available rosidl_typesupport_c: rosidl_typesupport_introspection_c;rosidl_typesupport_fastrtps_c
[22.863s] -- Using all available rosidl_typesupport_cpp: rosidl_typesupport_introspection_cpp;rosidl_typesupport_fastrtps_cpp
[23.280s] -- Found python_cmake_module: 0.10.0 (/home/dhanush/ros2_humble/install/python_cmake_module/share/python_cmake_module/cmake)
[23.700s] -- Using PYTHON_EXECUTABLE: /usr/bin/python3
[23.700s] -- Using PYTHON_INCLUDE_DIRS: /usr/include/python3.8
[23.701s] -- Using PYTHON_LIBRARIES: /usr/lib/x86_64-linux-gnu/libpython3.8.so
[24.100s] CMake Deprecation Warning at /home/dhanush/ros2_humble/install/rosidl_cmake/share/rosidl_cmake/cmake/rosidl_target_interfaces.cmake:32 (message):
[24.100s]   Use rosidl_get_typesupport_target() and target_link_libraries() instead of
[24.100s]   rosidl_target_interfaces()
[24.100s] Call Stack (most recent call first):
[24.100s]   CMakeLists.txt:38 (rosidl_target_interfaces)
[24.100s] 
[24.100s] 
[24.100s] CMake Deprecation Warning at /home/dhanush/ros2_humble/install/rosidl_cmake/share/rosidl_cmake/cmake/rosidl_target_interfaces.cmake:32 (message):
[24.101s]   Use rosidl_get_typesupport_target() and target_link_libraries() instead of
[24.101s]   rosidl_target_interfaces()
[24.101s] Call Stack (most recent call first):
[24.101s]   CMakeLists.txt:40 (rosidl_target_interfaces)
[24.101s] 
[24.101s] 
[24.101s] -- Found ament_lint_auto: 0.12.4 (/home/dhanush/ros2_humble/install/ament_lint_auto/share/ament_lint_auto/cmake)
[24.112s] -- Added test 'cppcheck' to perform static code analysis on C / C++ code
[24.113s] -- Configured cppcheck include dirs: 
[24.113s] -- Configured cppcheck exclude dirs and/or files: 
[24.114s] -- Added test 'lint_cmake' to check CMake code style
[24.115s] -- Added test 'uncrustify' to check C / C++ code style
[24.115s] -- Configured uncrustify additional arguments: 
[24.116s] -- Added test 'xmllint' to check XML markup files
[24.123s] -- Configuring done
[24.203s] -- Generating done
[24.208s] -- Build files have been written to: /home/dhanush/Documents/HW/ENPM808X/beginner_tutorials/ros2_ws/build/cpp_pubsub
[24.313s] [  2%] Built target cpp_pubsub__cpp
[24.315s] [ 10%] Built target cpp_pubsub__rosidl_generator_c
[24.332s] [ 16%] Built target listener
[24.352s] [ 16%] Built target ament_cmake_python_copy_cpp_pubsub
[24.397s] [ 24%] Built target cpp_pubsub__rosidl_typesupport_cpp
[24.399s] [ 32%] Built target cpp_pubsub__rosidl_typesupport_c
[24.402s] [ 40%] Built target cpp_pubsub__rosidl_typesupport_introspection_cpp
[24.403s] [ 48%] Built target cpp_pubsub__rosidl_typesupport_fastrtps_cpp
[24.404s] [ 56%] Built target cpp_pubsub__rosidl_typesupport_introspection_c
[24.404s] [ 64%] Built target cpp_pubsub__rosidl_typesupport_fastrtps_c
[24.474s] [ 64%] Built target cpp_pubsub
[24.510s] [35m[1mScanning dependencies of target talker[0m
[24.541s] [ 67%] Built target cpp_pubsub__py
[24.552s] [ 72%] Built target client
[24.610s] [ 78%] Built target cpp_pubsub__rosidl_generator_py
[24.711s] [ 89%] Built target cpp_pubsub__rosidl_typesupport_introspection_c__pyext
[24.711s] [ 89%] Built target cpp_pubsub__rosidl_typesupport_c__pyext
[24.786s] [ 94%] Built target cpp_pubsub__rosidl_typesupport_fastrtps_c__pyext
[25.008s] [ 97%] [32mBuilding CXX object CMakeFiles/talker.dir/src/publisher_member_function.cpp.o[0m
[25.275s] running egg_info
[25.276s] writing cpp_pubsub.egg-info/PKG-INFO
[25.276s] writing dependency_links to cpp_pubsub.egg-info/dependency_links.txt
[25.276s] writing top-level names to cpp_pubsub.egg-info/top_level.txt
[25.318s] reading manifest file 'cpp_pubsub.egg-info/SOURCES.txt'
[25.319s] writing manifest file 'cpp_pubsub.egg-info/SOURCES.txt'
[25.365s] [ 97%] Built target ament_cmake_python_build_cpp_pubsub_egg
[27.831s] [01m[K/home/dhanush/Documents/HW/ENPM808X/beginner_tutorials/ros2_ws/src/cpp_pubsub/src/publisher_member_function.cpp:[m[K In constructor â€˜[01m[KMinimalPublisher::MinimalPublisher(char**)[m[Kâ€™:
[27.831s] [01m[K/home/dhanush/Documents/HW/ENPM808X/beginner_tutorials/ros2_ws/src/cpp_pubsub/src/publisher_member_function.cpp:61:37:[m[K [01;31m[Kerror: [m[Kno match for â€˜[01m[Koperator=[m[Kâ€™ (operand types are â€˜[01m[Kstd::shared_ptr<tf2_ros::StaticTransformBroadcaster>[m[Kâ€™ and â€˜[01m[K<unresolved overloaded function type>[m[Kâ€™)
[27.832s]    61 |       tf_static_broadcaster_ = std::[01;31m[Kmake_shared[m[K,tf2_ros::StaticTransformBroadcaster>(this);
[27.832s]       |                                     [01;31m[K^~~~~~~~~~~[m[K
[27.832s] In file included from [01m[K/usr/include/c++/9/memory:81[m[K,
[27.832s]                  from [01m[K/home/dhanush/Documents/HW/ENPM808X/beginner_tutorials/ros2_ws/src/cpp_pubsub/src/publisher_member_function.cpp:14[m[K:
[27.832s] [01m[K/usr/include/c++/9/bits/shared_ptr.h:309:19:[m[K [01;36m[Knote: [m[Kcandidate: â€˜[01m[Kstd::shared_ptr<_Tp>& std::shared_ptr<_Tp>::operator=(const std::shared_ptr<_Tp>&) [with _Tp = tf2_ros::StaticTransformBroadcaster][m[Kâ€™
[27.832s]   309 |       shared_ptr& [01;36m[Koperator[m[K=(const shared_ptr&) noexcept = default;
[27.832s]       |                   [01;36m[K^~~~~~~~[m[K
[27.832s] [01m[K/usr/include/c++/9/bits/shared_ptr.h:309:29:[m[K [01;36m[Knote: [m[K  no known conversion for argument 1 from â€˜[01m[K<unresolved overloaded function type>[m[Kâ€™ to â€˜[01m[Kconst std::shared_ptr<tf2_ros::StaticTransformBroadcaster>&[m[Kâ€™
[27.832s]   309 |       shared_ptr& operator=([01;36m[Kconst shared_ptr&[m[K) noexcept = default;
[27.832s]       |                             [01;36m[K^~~~~~~~~~~~~~~~~[m[K
[27.832s] [01m[K/usr/include/c++/9/bits/shared_ptr.h:313:2:[m[K [01;36m[Knote: [m[Kcandidate: â€˜[01m[Ktemplate<class _Yp> std::shared_ptr<_Tp>::_Assignable<const std::shared_ptr<_Yp>&> std::shared_ptr<_Tp>::operator=(const std::shared_ptr<_Yp>&) [with _Yp = _Yp; _Tp = tf2_ros::StaticTransformBroadcaster][m[Kâ€™
[27.832s]   313 |  [01;36m[Koperator[m[K=(const shared_ptr<_Yp>& __r) noexcept
[27.832s]       |  [01;36m[K^~~~~~~~[m[K
[27.833s] [01m[K/usr/include/c++/9/bits/shared_ptr.h:313:2:[m[K [01;36m[Knote: [m[K  template argument deduction/substitution failed:
[27.833s] [01m[K/home/dhanush/Documents/HW/ENPM808X/beginner_tutorials/ros2_ws/src/cpp_pubsub/src/publisher_member_function.cpp:61:37:[m[K [01;36m[Knote: [m[K  couldnâ€™t deduce template parameter â€˜[01m[K_Yp[m[Kâ€™
[27.833s]    61 |       tf_static_broadcaster_ = std::[01;36m[Kmake_shared[m[K,tf2_ros::StaticTransformBroadcaster>(this);
[27.833s]       |                                     [01;36m[K^~~~~~~~~~~[m[K
[27.833s] In file included from [01m[K/usr/include/c++/9/memory:81[m[K,
[27.833s]                  from [01m[K/home/dhanush/Documents/HW/ENPM808X/beginner_tutorials/ros2_ws/src/cpp_pubsub/src/publisher_member_function.cpp:14[m[K:
[27.833s] [01m[K/usr/include/c++/9/bits/shared_ptr.h:324:2:[m[K [01;36m[Knote: [m[Kcandidate: â€˜[01m[Ktemplate<class _Yp> std::shared_ptr<_Tp>::_Assignable<std::auto_ptr<_Up> > std::shared_ptr<_Tp>::operator=(std::auto_ptr<_Up>&&) [with _Yp = _Yp; _Tp = tf2_ros::StaticTransformBroadcaster][m[Kâ€™
[27.833s]   324 |  [01;36m[Koperator[m[K=(auto_ptr<_Yp>&& __r)
[27.833s]       |  [01;36m[K^~~~~~~~[m[K
[27.833s] [01m[K/usr/include/c++/9/bits/shared_ptr.h:324:2:[m[K [01;36m[Knote: [m[K  template argument deduction/substitution failed:
[27.833s] [01m[K/home/dhanush/Documents/HW/ENPM808X/beginner_tutorials/ros2_ws/src/cpp_pubsub/src/publisher_member_function.cpp:61:37:[m[K [01;36m[Knote: [m[K  couldnâ€™t deduce template parameter â€˜[01m[K_Yp[m[Kâ€™
[27.833s]    61 |       tf_static_broadcaster_ = std::[01;36m[Kmake_shared[m[K,tf2_ros::StaticTransformBroadcaster>(this);
[27.833s]       |                                     [01;36m[K^~~~~~~~~~~[m[K
[27.833s] In file included from [01m[K/usr/include/c++/9/memory:81[m[K,
[27.834s]                  from [01m[K/home/dhanush/Documents/HW/ENPM808X/beginner_tutorials/ros2_ws/src/cpp_pubsub/src/publisher_member_function.cpp:14[m[K:
[27.834s] [01m[K/usr/include/c++/9/bits/shared_ptr.h:333:7:[m[K [01;36m[Knote: [m[Kcandidate: â€˜[01m[Kstd::shared_ptr<_Tp>& std::shared_ptr<_Tp>::operator=(std::shared_ptr<_Tp>&&) [with _Tp = tf2_ros::StaticTransformBroadcaster][m[Kâ€™
[27.834s]   333 |       [01;36m[Koperator[m[K=(shared_ptr&& __r) noexcept
[27.834s]       |       [01;36m[K^~~~~~~~[m[K
[27.834s] [01m[K/usr/include/c++/9/bits/shared_ptr.h:333:30:[m[K [01;36m[Knote: [m[K  no known conversion for argument 1 from â€˜[01m[K<unresolved overloaded function type>[m[Kâ€™ to â€˜[01m[Kstd::shared_ptr<tf2_ros::StaticTransformBroadcaster>&&[m[Kâ€™
[27.834s]   333 |       operator=([01;36m[Kshared_ptr&& __r[m[K) noexcept
[27.834s]       |                 [01;36m[K~~~~~~~~~~~~~^~~[m[K
[27.834s] [01m[K/usr/include/c++/9/bits/shared_ptr.h:341:2:[m[K [01;36m[Knote: [m[Kcandidate: â€˜[01m[Ktemplate<class _Yp> std::shared_ptr<_Tp>::_Assignable<std::shared_ptr<_Yp> > std::shared_ptr<_Tp>::operator=(std::shared_ptr<_Yp>&&) [with _Yp = _Yp; _Tp = tf2_ros::StaticTransformBroadcaster][m[Kâ€™
[27.834s]   341 |  [01;36m[Koperator[m[K=(shared_ptr<_Yp>&& __r) noexcept
[27.834s]       |  [01;36m[K^~~~~~~~[m[K
[27.834s] [01m[K/usr/include/c++/9/bits/shared_ptr.h:341:2:[m[K [01;36m[Knote: [m[K  template argument deduction/substitution failed:
[27.834s] [01m[K/home/dhanush/Documents/HW/ENPM808X/beginner_tutorials/ros2_ws/src/cpp_pubsub/src/publisher_member_function.cpp:61:37:[m[K [01;36m[Knote: [m[K  couldnâ€™t deduce template parameter â€˜[01m[K_Yp[m[Kâ€™
[27.834s]    61 |       tf_static_broadcaster_ = std::[01;36m[Kmake_shared[m[K,tf2_ros::StaticTransformBroadcaster>(this);
[27.834s]       |                                     [01;36m[K^~~~~~~~~~~[m[K
[27.834s] In file included from [01m[K/usr/include/c++/9/memory:81[m[K,
[27.835s]                  from [01m[K/home/dhanush/Documents/HW/ENPM808X/beginner_tutorials/ros2_ws/src/cpp_pubsub/src/publisher_member_function.cpp:14[m[K:
[27.835s] [01m[K/usr/include/c++/9/bits/shared_ptr.h:349:2:[m[K [01;36m[Knote: [m[Kcandidate: â€˜[01m[Ktemplate<class _Yp, class _Del> std::shared_ptr<_Tp>::_Assignable<std::unique_ptr<_Up, _Ep> > std::shared_ptr<_Tp>::operator=(std::unique_ptr<_Up, _Ep>&&) [with _Yp = _Yp; _Del = _Del; _Tp = tf2_ros::StaticTransformBroadcaster][m[Kâ€™
[27.835s]   349 |  [01;36m[Koperator[m[K=(unique_ptr<_Yp, _Del>&& __r)
[27.835s]       |  [01;36m[K^~~~~~~~[m[K
[27.835s] [01m[K/usr/include/c++/9/bits/shared_ptr.h:349:2:[m[K [01;36m[Knote: [m[K  template argument deduction/substitution failed:
[27.835s] [01m[K/home/dhanush/Documents/HW/ENPM808X/beginner_tutorials/ros2_ws/src/cpp_pubsub/src/publisher_member_function.cpp:61:37:[m[K [01;36m[Knote: [m[K  couldnâ€™t deduce template parameter â€˜[01m[K_Yp[m[Kâ€™
[27.835s]    61 |       tf_static_broadcaster_ = std::[01;36m[Kmake_shared[m[K,tf2_ros::StaticTransformBroadcaster>(this);
[27.835s]       |                                     [01;36m[K^~~~~~~~~~~[m[K
[27.835s] [01m[K/home/dhanush/Documents/HW/ENPM808X/beginner_tutorials/ros2_ws/src/cpp_pubsub/src/publisher_member_function.cpp:61:84:[m[K [01;31m[Kerror: [m[Kexpected primary-expression before â€˜[01m[K>[m[Kâ€™ token
[27.835s]    61 |       tf_static_broadcaster_ = std::make_shared,tf2_ros::StaticTransformBroadcaster[01;31m[K>[m[K(this);
[27.835s]       |                                                                                    [01;31m[K^[m[K
[27.843s] [01m[K/home/dhanush/Documents/HW/ENPM808X/beginner_tutorials/ros2_ws/src/cpp_pubsub/src/publisher_member_function.cpp:[m[K In member function â€˜[01m[Kvoid MinimalPublisher::make_transforms(char**)[m[Kâ€™:
[27.843s] [01m[K/home/dhanush/Documents/HW/ENPM808X/beginner_tutorials/ros2_ws/src/cpp_pubsub/src/publisher_member_function.cpp:122:25:[m[K [01;31m[Kerror: [m[Kâ€˜[01m[KtransformStamped[m[Kâ€™ is not a member of â€˜[01m[Kgeometry_msgs::msg[m[Kâ€™; did you mean â€˜[01m[KTransformStamped[m[Kâ€™?
[27.843s]   122 |     geometry_msgs::msg::[01;31m[KtransformStamped[m[K t;
[27.843s]       |                         [01;31m[K^~~~~~~~~~~~~~~~[m[K
[27.843s]       |                         [32m[KTransformStamped[m[K
[27.845s] [01m[K/home/dhanush/Documents/HW/ENPM808X/beginner_tutorials/ros2_ws/src/cpp_pubsub/src/publisher_member_function.cpp:123:5:[m[K [01;31m[Kerror: [m[Kâ€˜[01m[Kt[m[Kâ€™ was not declared in this scope; did you mean â€˜[01m[Ktm[m[Kâ€™?
[27.845s]   123 |     [01;31m[Kt[m[K.header.stamp = this->get_clock()->now();
[27.845s]       |     [01;31m[K^[m[K
[27.845s]       |     [32m[Ktm[m[K
[28.468s] In file included from [01m[K/usr/include/x86_64-linux-gnu/c++/9/bits/c++allocator.h:33[m[K,
[28.469s]                  from [01m[K/usr/include/c++/9/bits/allocator.h:46[m[K,
[28.469s]                  from [01m[K/usr/include/c++/9/string:41[m[K,
[28.469s]                  from [01m[K/usr/include/c++/9/stdexcept:39[m[K,
[28.469s]                  from [01m[K/usr/include/c++/9/array:39[m[K,
[28.469s]                  from [01m[K/usr/include/c++/9/tuple:39[m[K,
[28.469s]                  from [01m[K/usr/include/c++/9/functional:54[m[K,
[28.469s]                  from [01m[K/home/dhanush/Documents/HW/ENPM808X/beginner_tutorials/ros2_ws/src/cpp_pubsub/src/publisher_member_function.cpp:13[m[K:
[28.469s] /usr/include/c++/9/ext/new_allocator.h: In instantiation of â€˜[01m[Kvoid __gnu_cxx::new_allocator<_Tp>::construct(_Up*, _Args&& ...) [with _Up = MinimalPublisher; _Args = {}; _Tp = MinimalPublisher][m[Kâ€™:
[28.469s] [01m[K/usr/include/c++/9/bits/alloc_traits.h:483:4:[m[K   required from â€˜[01m[Kstatic void std::allocator_traits<std::allocator<_CharT> >::construct(std::allocator_traits<std::allocator<_CharT> >::allocator_type&, _Up*, _Args&& ...) [with _Up = MinimalPublisher; _Args = {}; _Tp = MinimalPublisher; std::allocator_traits<std::allocator<_CharT> >::allocator_type = std::allocator<MinimalPublisher>][m[Kâ€™
[28.469s] [01m[K/usr/include/c++/9/bits/shared_ptr_base.h:548:39:[m[K   required from â€˜[01m[Kstd::_Sp_counted_ptr_inplace<_Tp, _Alloc, _Lp>::_Sp_counted_ptr_inplace(_Alloc, _Args&& ...) [with _Args = {}; _Tp = MinimalPublisher; _Alloc = std::allocator<MinimalPublisher>; __gnu_cxx::_Lock_policy _Lp = __gnu_cxx::_S_atomic][m[Kâ€™
[28.469s] [01m[K/usr/include/c++/9/bits/shared_ptr_base.h:679:16:[m[K   required from â€˜[01m[Kstd::__shared_count<_Lp>::__shared_count(_Tp*&, std::_Sp_alloc_shared_tag<_Alloc>, _Args&& ...) [with _Tp = MinimalPublisher; _Alloc = std::allocator<MinimalPublisher>; _Args = {}; __gnu_cxx::_Lock_policy _Lp = __gnu_cxx::_S_atomic][m[Kâ€™
[28.469s] [01m[K/usr/include/c++/9/bits/shared_ptr_base.h:1344:71:[m[K   required from â€˜[01m[Kstd::__shared_ptr<_Tp, _Lp>::__shared_ptr(std::_Sp_alloc_shared_tag<_Tp>, _Args&& ...) [with _Alloc = std::allocator<MinimalPublisher>; _Args = {}; _Tp = MinimalPublisher; __gnu_cxx::_Lock_policy _Lp = __gnu_cxx::_S_atomic][m[Kâ€™
[28.470s] [01m[K/usr/include/c++/9/bits/shared_ptr.h:359:59:[m[K   required from â€˜[01m[Kstd::shared_ptr<_Tp>::shared_ptr(std::_Sp_alloc_shared_tag<_Tp>, _Args&& ...) [with _Alloc = std::allocator<MinimalPublisher>; _Args = {}; _Tp = MinimalPublisher][m[Kâ€™
[28.470s] [01m[K/usr/include/c++/9/bits/shared_ptr.h:701:14:[m[K   required from â€˜[01m[Kstd::shared_ptr<_Tp> std::allocate_shared(const _Alloc&, _Args&& ...) [with _Tp = MinimalPublisher; _Alloc = std::allocator<MinimalPublisher>; _Args = {}][m[Kâ€™
[28.470s] [01m[K/usr/include/c++/9/bits/shared_ptr.h:717:39:[m[K   required from â€˜[01m[Kstd::shared_ptr<_Tp> std::make_shared(_Args&& ...) [with _Tp = MinimalPublisher; _Args = {}][m[Kâ€™
[28.470s] [01m[K/home/dhanush/Documents/HW/ENPM808X/beginner_tutorials/ros2_ws/src/cpp_pubsub/src/publisher_member_function.cpp:157:51:[m[K   required from here
[28.470s] [01m[K/usr/include/c++/9/ext/new_allocator.h:146:4:[m[K [01;31m[Kerror: [m[Kno matching function for call to â€˜[01m[KMinimalPublisher::MinimalPublisher()[m[Kâ€™
[28.470s]   146 |  { [01;31m[K::new((void *)__p) _Up(std::forward<_Args>(__args)...)[m[K; }
[28.470s]       |    [01;31m[K^~~~~~~~~~~~~~~~~~~~~~~~~~~~~~~~~~~~~~~~~~~~~~~~~~~~~~[m[K
[28.470s] [01m[K/home/dhanush/Documents/HW/ENPM808X/beginner_tutorials/ros2_ws/src/cpp_pubsub/src/publisher_member_function.cpp:38:3:[m[K [01;36m[Knote: [m[Kcandidate: â€˜[01m[KMinimalPublisher::MinimalPublisher(char**)[m[Kâ€™
[28.470s]    38 |   [01;36m[KMinimalPublisher[m[K(char * transformation[]) : Node("minimal_publisher"), count_(0) {
[28.470s]       |   [01;36m[K^~~~~~~~~~~~~~~~[m[K
[28.470s] [01m[K/home/dhanush/Documents/HW/ENPM808X/beginner_tutorials/ros2_ws/src/cpp_pubsub/src/publisher_member_function.cpp:38:3:[m[K [01;36m[Knote: [m[K  candidate expects 1 argument, 0 provided
[30.730s] make[2]: *** [CMakeFiles/talker.dir/build.make:63: CMakeFiles/talker.dir/src/publisher_member_function.cpp.o] Error 1
[30.730s] make[1]: *** [CMakeFiles/Makefile2:188: CMakeFiles/talker.dir/all] Error 2
[30.731s] make: *** [Makefile:141: all] Error 2
[30.733s] Invoked command in '/home/dhanush/Documents/HW/ENPM808X/beginner_tutorials/ros2_ws/build/cpp_pubsub' returned '2': CMAKE_PREFIX_PATH=/home/dhanush/Documents/HW/ENPM808X/beginner_tutorials/ros2_ws/install/cpp_pubsub:/home/dhanush/ros2_humble/install/rosbag2:/home/dhanush/ros2_humble/install/rosbag2_compression_zstd:/home/dhanush/ros2_humble/install/zstd_vendor:/home/dhanush/ros2_humble/install/rviz_visual_testing_framework:/home/dhanush/ros2_humble/install/rviz2:/home/dhanush/ros2_humble/install/rviz_default_plugins:/home/dhanush/ros2_humble/install/rviz_common:/home/dhanush/ros2_humble/install/rosbag2_py:/home/dhanush/ros2_humble/install/rosbag2_transport:/home/dhanush/ros2_humble/install/rosbag2_performance_benchmarking:/home/dhanush/ros2_humble/install/rosbag2_compression:/home/dhanush/ros2_humble/install/rosbag2_cpp:/home/dhanush/ros2_humble/install/rosbag2_storage_default_plugins:/home/dhanush/ros2_humble/install/rosbag2_storage:/home/dhanush/ros2_humble/install/image_common:/home/dhanush/ros2_humble/install/camera_info_manager:/home/dhanush/ros2_humble/install/camera_calibration_parsers:/home/dhanush/ros2_humble/install/yaml_cpp_vendor:/home/dhanush/ros2_humble/install/interactive_markers:/home/dhanush/ros2_humble/install/common_interfaces:/home/dhanush/ros2_humble/install/visualization_msgs:/home/dhanush/ros2_humble/install/dummy_robot_bringup:/home/dhanush/ros2_humble/install/robot_state_publisher:/home/dhanush/ros2_humble/install/kdl_parser:/home/dhanush/ros2_humble/install/urdf:/home/dhanush/ros2_humble/install/urdfdom:/home/dhanush/ros2_humble/install/urdf_parser_plugin:/home/dhanush/ros2_humble/install/urdfdom_headers:/home/dhanush/ros2_humble/install/turtlesim:/home/dhanush/ros2_humble/install/geometry2:/home/dhanush/ros2_humble/install/tf2_sensor_msgs:/home/dhanush/ros2_humble/install/test_tf2:/home/dhanush/ros2_humble/install/tf2_kdl:/home/dhanush/ros2_humble/install/tf2_geometry_msgs:/home/dhanush/ros2_humble/install/tf2_eigen:/home/dhanush/ros2_humble/install/tf2_bullet:/home/dhanush/ros2_humble/install/tf2_ros:/home/dhanush/ros2_humble/install/tf2_py:/home/dhanush/ros2_humble/install/tf2_msgs:/home/dhanush/ros2_humble/install/test_msgs:/home/dhanush/ros2_humble/install/sros2_cmake:/home/dhanush/ros2_humble/install/ros2cli_common_extensions:/home/dhanush/ros2_humble/install/rqt_py_common:/home/dhanush/ros2_humble/install/ros_testing:/home/dhanush/ros2_humble/install/ros2cli_test_interfaces:/home/dhanush/ros2_humble/install/quality_of_service_demo_cpp:/home/dhanush/ros2_humble/install/image_transport:/home/dhanush/ros2_humble/install/message_filters:/home/dhanush/ros2_humble/install/demo_nodes_cpp:/home/dhanush/ros2_humble/install/composition:/home/dhanush/ros2_humble/install/laser_geometry:/home/dhanush/ros2_humble/install/rclpy:/home/dhanush/ros2_humble/install/examples_rclcpp_minimal_action_server:/home/dhanush/ros2_humble/install/examples_rclcpp_minimal_action_client:/home/dhanush/ros2_humble/install/action_tutorials_cpp:/home/dhanush/ros2_humble/install/rclcpp_action:/home/dhanush/ros2_humble/install/rcl_action:/home/dhanush/ros2_humble/install/examples_rclcpp_wait_set:/home/dhanush/ros2_humble/install/examples_rclcpp_minimal_service:/home/dhanush/ros2_humble/install/examples_rclcpp_minimal_client:/home/dhanush/ros2_humble/install/examples_rclcpp_async_client:/home/dhanush/ros2_humble/install/example_interfaces:/home/dhanush/ros2_humble/install/action_tutorials_interfaces:/home/dhanush/ros2_humble/install/action_msgs:/home/dhanush/ros2_humble/install/unique_identifier_msgs:/home/dhanush/ros2_humble/install/ament_lint_common:/home/dhanush/ros2_humble/install/ament_cmake_uncrustify:/home/dhanush/ros2_humble/install/uncrustify_vendor:/home/dhanush/ros2_humble/install/trajectory_msgs:/home/dhanush/ros2_humble/install/topic_statistics_demo:/home/dhanush/ros2_humble/install/pendulum_control:/home/dhanush/ros2_humble/install/tlsf_cpp:/home/dhanush/ros2_humble/install/test_tracetools:/home/dhanush/ros2_humble/install/rqt_gui_cpp:/home/dhanush/ros2_humble/install/rosbag2_test_common:/home/dhanush/ros2_humble/install/ros2lifecycle_test_fixtures:/home/dhanush/ros2_humble/install/lifecycle:/home/dhanush/ros2_humble/install/rclcpp_lifecycle:/home/dhanush/ros2_humble/install/logging_demo:/home/dhanush/ros2_humble/install/image_tools:/home/dhanush/ros2_humble/install/examples_rclcpp_minimal_subscriber:/home/dhanush/ros2_humble/install/examples_rclcpp_minimal_composition:/home/dhanush/ros2_humble/install/demo_nodes_cpp_native:/home/dhanush/ros2_humble/install/rclcpp_components:/home/dhanush/ros2_humble/install/intra_process_demo:/home/dhanush/ros2_humble/install/examples_rclcpp_multithreaded_executor:/home/dhanush/ros2_humble/install/examples_rclcpp_minimal_timer:/home/dhanush/ros2_humble/install/examples_rclcpp_minimal_publisher:/home/dhanush/ros2_humble/install/examples_rclcpp_cbg_executor:/home/dhanush/ros2_humble/install/dummy_sensors:/home/dhanush/ros2_humble/install/dummy_map_server:/home/dhanush/ros2_humble/install/rclcpp:/home/dhanush/ros2_humble/install/rcl_lifecycle:/home/dhanush/ros2_humble/install/libstatistics_collector:/home/dhanush/ros2_humble/install/rcl:/home/dhanush/ros2_humble/install/rmw_implementation:/home/dhanush/ros2_humble/install/rmw_fastrtps_dynamic_cpp:/home/dhanush/ros2_humble/install/rmw_fastrtps_cpp:/home/dhanush/ros2_humble/install/rmw_fastrtps_shared_cpp:/home/dhanush/ros2_humble/install/rmw_cyclonedds_cpp:/home/dhanush/ros2_humble/install/tracetools:/home/dhanush/ros2_humble/install/tlsf:/home/dhanush/ros2_humble/install/tinyxml_vendor:/home/dhanush/ros2_humble/install/qt_gui_core:/home/dhanush/ros2_humble/install/qt_gui_cpp:/home/dhanush/ros2_humble/install/pluginlib:/home/dhanush/ros2_humble/install/tinyxml2_vendor:/home/dhanush/ros2_humble/install/tf2_eigen_kdl:/home/dhanush/ros2_humble/install/tf2:/home/dhanush/ros2_humble/install/test_security:/home/dhanush/ros2_humble/install/test_rmw_implementation:/home/dhanush/ros2_humble/install/test_rclcpp:/home/dhanush/ros2_humble/install/test_quality_of_service:/home/dhanush/ros2_humble/install/test_launch_testing:/home/dhanush/ros2_humble/install/test_interface_files:/home/dhanush/ros2_humble/install/test_communication:/home/dhanush/ros2_humble/install/test_cli_remapping:/home/dhanush/ros2_humble/install/test_cli:/home/dhanush/ros2_humble/install/qt_gui_app:/home/dhanush/ros2_humble/install/qt_gui:/home/dhanush/ros2_humble/install/tango_icons_vendor:/home/dhanush/ros2_humble/install/stereo_msgs:/home/dhanush/ros2_humble/install/std_srvs:/home/dhanush/ros2_humble/install/shape_msgs:/home/dhanush/ros2_humble/install/map_msgs:/home/dhanush/ros2_humble/install/sensor_msgs:/home/dhanush/ros2_humble/install/nav_msgs:/home/dhanush/ros2_humble/install/diagnostic_msgs:/home/dhanush/ros2_humble/install/geometry_msgs:/home/dhanush/ros2_humble/install/actionlib_msgs:/home/dhanush/ros2_humble/install/std_msgs:/home/dhanush/ros2_humble/install/statistics_msgs:/home/dhanush/ros2_humble/install/sqlite3_vendor:/home/dhanush/ros2_humble/install/rcl_logging_spdlog:/home/dhanush/ros2_humble/install/spdlog_vendor:/home/dhanush/ros2_humble/install/shared_queues_vendor:/home/dhanush/ros2_humble/install/rviz_rendering_tests:/home/dhanush/ros2_humble/install/rviz_rendering:/home/dhanush/ros2_humble/install/rviz_ogre_vendor:/home/dhanush/ros2_humble/install/rviz_assimp_vendor:/home/dhanush/ros2_humble/install/rttest:/home/dhanush/ros2_humble/install/rmw_connextddsmicro:/home/dhanush/ros2_humble/install/rmw_connextdds:/home/dhanush/ros2_humble/install/rmw_connextdds_common:/home/dhanush/ros2_humble/install/rti_connext_dds_cmake_module:/home/dhanush/ros2_humble/install/rosgraph_msgs:/home/dhanush/ros2_humble/install/rosbag2_interfaces:/home/dhanush/ros2_humble/install/rmw_dds_common:/home/dhanush/ros2_humble/install/composition_interfaces:/home/dhanush/ros2_humble/install/rcl_interfaces:/home/dhanush/ros2_humble/install/pendulum_msgs:/home/dhanush/ros2_humble/install/lifecycle_msgs:/home/dhanush/ros2_humble/install/builtin_interfaces:/home/dhanush/ros2_humble/install/rosidl_default_runtime:/home/dhanush/ros2_humble/install/rosidl_default_generators:/home/dhanush/ros2_humble/install/rosidl_generator_py:/home/dhanush/ros2_humble/install/rosidl_typesupport_introspection_tests:/home/dhanush/ros2_humble/install/rosidl_typesupport_cpp:/home/dhanush/ros2_humble/install/rosidl_typesupport_introspection_cpp:/home/dhanush/ros2_humble/install/rosidl_typesupport_c:/home/dhanush/ros2_humble/install/rosidl_typesupport_introspection_c:/home/dhanush/ros2_humble/install/rosidl_typesupport_fastrtps_c:/home/dhanush/ros2_humble/install/rosidl_typesupport_fastrtps_cpp:/home/dhanush/ros2_humble/install/rosidl_generator_cpp:/home/dhanush/ros2_humble/install/rosidl_runtime_cpp:/home/dhanush/ros2_humble/install/rcl_yaml_param_parser:/home/dhanush/ros2_humble/install/rmw:/home/dhanush/ros2_humble/install/rosidl_runtime_c:/home/dhanush/ros2_humble/install/rosidl_generator_c:/home/dhanush/ros2_humble/install/rosidl_typesupport_interface:/home/dhanush/ros2_humble/install/rosidl_generator_dds_idl:/home/dhanush/ros2_humble/install/rosidl_cmake:/home/dhanush/ros2_humble/install/rosidl_parser:/home/dhanush/ros2_humble/install/rosidl_adapter:/home/dhanush/ros2_humble/install/rosbag2_tests:/home/dhanush/ros2_humble/install/ros_environment:/home/dhanush/ros2_humble/install/rmw_implementation_cmake:/home/dhanush/ros2_humble/install/resource_retriever:/home/dhanush/ros2_humble/install/class_loader:/home/dhanush/ros2_humble/install/rcpputils:/home/dhanush/ros2_humble/install/rcl_logging_noop:/home/dhanush/ros2_humble/install/rcl_logging_interface:/home/dhanush/ros2_humble/install/rcutils:/home/dhanush/ros2_humble/install/qt_gui_py_common:/home/dhanush/ros2_humble/install/qt_dotgraph:/home/dhanush/ros2_humble/install/python_qt_binding:/home/dhanush/ros2_humble/install/python_orocos_kdl_vendor:/home/dhanush/ros2_humble/install/launch_testing_ament_cmake:/home/dhanush/ros2_humble/install/python_cmake_module:/home/dhanush/ros2_humble/install/pybind11_vendor:/home/dhanush/ros2_humble/install/performance_test_fixture:/home/dhanush/ros2_humble/install/osrf_testing_tools_cpp:/home/dhanush/ros2_humble/install/rqt_bag_plugins:/home/dhanush/ros2_humble/install/rqt_bag:/home/dhanush/ros2_humble/install/ros2bag:/home/dhanush/ros2_humble/install/tracetools_test:/home/dhanush/ros2_humble/install/tracetools_launch:/home/dhanush/ros2_humble/install/topic_monitor:/home/dhanush/ros2_humble/install/tf2_tools:/home/dhanush/ros2_humble/install/examples_tf2_py:/home/dhanush/ros2_humble/install/tf2_ros_py:/home/dhanush/ros2_humble/install/sros2:/home/dhanush/ros2_humble/install/rqt_topic:/home/dhanush/ros2_humble/install/rqt_srv:/home/dhanush/ros2_humble/install/rqt_shell:/home/dhanush/ros2_humble/install/rqt_service_caller:/home/dhanush/ros2_humble/install/rqt_reconfigure:/home/dhanush/ros2_humble/install/rqt_py_console:/home/dhanush/ros2_humble/install/rqt_publisher:/home/dhanush/ros2_humble/install/rqt_plot:/home/dhanush/ros2_humble/install/rqt_action:/home/dhanush/ros2_humble/install/rqt_msg:/home/dhanush/ros2_humble/install/rqt_console:/home/dhanush/ros2_humble/install/rqt:/home/dhanush/ros2_humble/install/rqt_graph:/home/dhanush/ros2_humble/install/rqt_gui_py:/home/dhanush/ros2_humble/install/rqt_gui:/home/dhanush/ros2_humble/install/ros2trace:/home/dhanush/ros2_humble/install/ros2topic:/home/dhanush/ros2_humble/install/ros2test:/home/dhanush/ros2_humble/install/ros2component:/home/dhanush/ros2_humble/install/ros2param:/home/dhanush/ros2_humble/install/ros2lifecycle:/home/dhanush/ros2_humble/install/ros2service:/home/dhanush/ros2_humble/install/ros2run:/home/dhanush/ros2_humble/install/ros2launch:/home/dhanush/ros2_humble/install/ros2pkg:/home/dhanush/ros2_humble/install/ros2node:/home/dhanush/ros2_humble/install/ros2multicast:/home/dhanush/ros2_humble/install/ros2interface:/home/dhanush/ros2_humble/install/ros2doctor:/home/dhanush/ros2_humble/install/ros2action:/home/dhanush/ros2_humble/install/ros2cli:/home/dhanush/ros2_humble/install/quality_of_service_demo_py:/home/dhanush/ros2_humble/install/lifecycle_py:/home/dhanush/ros2_humble/install/launch_testing_ros:/home/dhanush/ros2_humble/install/launch_ros:/home/dhanush/ros2_humble/install/examples_rclpy_pointcloud_publisher:/home/dhanush/ros2_humble/install/examples_rclpy_minimal_subscriber:/home/dhanush/ros2_humble/install/examples_rclpy_minimal_service:/home/dhanush/ros2_humble/install/examples_rclpy_minimal_publisher:/home/dhanush/ros2_humble/install/examples_rclpy_minimal_client:/home/dhanush/ros2_humble/install/examples_rclpy_minimal_action_server:/home/dhanush/ros2_humble/install/examples_rclpy_minimal_action_client:/home/dhanush/ros2_humble/install/examples_rclpy_guard_conditions:/home/dhanush/ros2_humble/install/examples_rclpy_executors:/home/dhanush/ros2_humble/install/demo_nodes_py:/home/dhanush/ros2_humble/install/action_tutorials_py:/home/dhanush/ros2_humble/install/ament_uncrustify:/home/dhanush/ros2_humble/install/tracetools_trace:/home/dhanush/ros2_humble/install/tracetools_read:/home/dhanush/ros2_humble/install/test_tracetools_launch:/home/dhanush/ros2_humble/install/test_launch_ros:/home/dhanush/ros2_humble/install/sensor_msgs_py:/home/dhanush/ros2_humble/install/rpyutils:/home/dhanush/ros2_humble/install/rosidl_runtime_py:/home/dhanush/ros2_humble/install/rosidl_cli:/home/dhanush/ros2_humble/install/launch_pytest:/home/dhanush/ros2_humble/install/launch_testing:/home/dhanush/ros2_humble/install/launch_yaml:/home/dhanush/ros2_humble/install/launch_xml:/home/dhanush/ros2_humble/install/launch:/home/dhanush/ros2_humble/install/osrf_pycommon:/home/dhanush/ros2_humble/install/launch_testing_examples:/home/dhanush/ros2_humble/install/domain_coordinator:/home/dhanush/ros2_humble/install/ament_xmllint:/home/dhanush/ros2_humble/install/ament_pyflakes:/home/dhanush/ros2_humble/install/ament_pycodestyle:/home/dhanush/ros2_humble/install/ament_pep257:/home/dhanush/ros2_humble/install/ament_pclint:/home/dhanush/ros2_humble/install/ament_package:/home/dhanush/ros2_humble/install/ament_mypy:/home/dhanush/ros2_humble/install/ament_lint_cmake:/home/dhanush/ros2_humble/install/ament_flake8:/home/dhanush/ros2_humble/install/ament_copyright:/home/dhanush/ros2_humble/install/ament_lint:/home/dhanush/ros2_humble/install/ament_index_python:/home/dhanush/ros2_humble/install/ament_cpplint:/home/dhanush/ros2_humble/install/ament_cppcheck:/home/dhanush/ros2_humble/install/ament_clang_tidy:/home/dhanush/ros2_humble/install/ament_clang_format:/home/dhanush/ros2_humble/install/orocos_kdl_vendor:/home/dhanush/ros2_humble/install/mimick_vendor:/home/dhanush/ros2_humble/install/libyaml_vendor:/home/dhanush/ros2_humble/install/libcurl_vendor:/home/dhanush/ros2_humble/install/keyboard_handler:/home/dhanush/ros2_humble/install/cyclonedds:/home/dhanush/ros2_humble/install/iceoryx_posh:/home/dhanush/ros2_humble/install/iceoryx_hoofs:/home/dhanush/ros2_humble/install/iceoryx_binding_c:/home/dhanush/ros2_humble/install/ament_cmake_ros:/home/dhanush/ros2_humble/install/ament_cmake_gmock:/home/dhanush/ros2_humble/install/gmock_vendor:/home/dhanush/ros2_humble/install/ament_cmake_auto:/home/dhanush/ros2_humble/install/ament_cmake_gtest:/home/dhanush/ros2_humble/install/gtest_vendor:/home/dhanush/ros2_humble/install/ament_cmake_google_benchmark:/home/dhanush/ros2_humble/install/google_benchmark_vendor:/home/dhanush/ros2_humble/install/fastrtps:/home/dhanush/ros2_humble/install/foonathan_memory_vendor:/home/dhanush/ros2_humble/install/fastrtps_cmake_module:/home/dhanush/ros2_humble/install/fastcdr:/home/dhanush/ros2_humble/install/eigen3_cmake_module:/home/dhanush/ros2_humble/install/console_bridge_vendor:/home/dhanush/ros2_humble/install/ament_cmake_xmllint:/home/dhanush/ros2_humble/install/ament_cmake_pyflakes:/home/dhanush/ros2_humble/install/ament_cmake_pycodestyle:/home/dhanush/ros2_humble/install/ament_cmake_pep257:/home/dhanush/ros2_humble/install/ament_cmake_pclint:/home/dhanush/ros2_humble/install/ament_lint_auto:/home/dhanush/ros2_humble/install/ament_cmake:/home/dhanush/ros2_humble/install/ament_cmake_version:/home/dhanush/ros2_humble/install/ament_cmake_pytest:/home/dhanush/ros2_humble/install/ament_cmake_nose:/home/dhanush/ros2_humble/install/ament_cmake_mypy:/home/dhanush/ros2_humble/install/ament_cmake_lint_cmake:/home/dhanush/ros2_humble/install/ament_cmake_flake8:/home/dhanush/ros2_humble/install/ament_cmake_cpplint:/home/dhanush/ros2_humble/install/ament_cmake_cppcheck:/home/dhanush/ros2_humble/install/ament_cmake_copyright:/home/dhanush/ros2_humble/install/ament_cmake_clang_tidy:/home/dhanush/ros2_humble/install/ament_cmake_clang_format:/home/dhanush/ros2_humble/install/ament_cmake_test:/home/dhanush/ros2_humble/install/ament_cmake_target_dependencies:/home/dhanush/ros2_humble/install/ament_cmake_python:/home/dhanush/ros2_humble/install/ament_cmake_export_dependencies:/home/dhanush/ros2_humble/install/ament_cmake_libraries:/home/dhanush/ros2_humble/install/ament_cmake_include_directories:/home/dhanush/ros2_humble/install/ament_cmake_gen_version_h:/home/dhanush/ros2_humble/install/ament_cmake_export_targets:/home/dhanush/ros2_humble/install/ament_cmake_export_link_flags:/home/dhanush/ros2_humble/install/ament_cmake_export_interfaces:/home/dhanush/ros2_humble/install/ament_cmake_export_libraries:/home/dhanush/ros2_humble/install/ament_cmake_export_include_directories:/home/dhanush/ros2_humble/install/ament_cmake_export_definitions:/home/dhanush/ros2_humble/install/ament_cmake_core:/home/dhanush/ros2_humble/install/ament_index_cpp:/home/dhanush/catkin_ws/devel:/opt/ros/noetic /usr/bin/cmake --build /home/dhanush/Documents/HW/ENPM808X/beginner_tutorials/ros2_ws/build/cpp_pubsub -- -j8 -l8
