[  2%] Built target cpp_pubsub__cpp
[ 10%] Built target cpp_pubsub__rosidl_generator_c
[ 16%] Built target listener
[ 16%] Built target ament_cmake_python_copy_cpp_pubsub
[ 27%] Built target cpp_pubsub__rosidl_typesupport_fastrtps_c
[ 32%] Built target cpp_pubsub__rosidl_typesupport_introspection_cpp
[ 56%] Built target cpp_pubsub__rosidl_typesupport_cpp
[ 56%] Built target cpp_pubsub__rosidl_typesupport_fastrtps_cpp
[ 64%] Built target cpp_pubsub__rosidl_typesupport_c
[ 64%] Built target cpp_pubsub__rosidl_typesupport_introspection_c
[ 64%] Built target cpp_pubsub
[35m[1mScanning dependencies of target talker[0m
[ 67%] Built target cpp_pubsub__py
[ 72%] Built target client
[ 75%] [32mBuilding CXX object CMakeFiles/talker.dir/src/publisher_member_function.cpp.o[0m
[ 81%] Built target cpp_pubsub__rosidl_generator_py
[ 86%] Built target cpp_pubsub__rosidl_typesupport_c__pyext
[ 91%] Built target cpp_pubsub__rosidl_typesupport_introspection_c__pyext
[ 97%] Built target cpp_pubsub__rosidl_typesupport_fastrtps_c__pyext
running egg_info
writing cpp_pubsub.egg-info/PKG-INFO
writing dependency_links to cpp_pubsub.egg-info/dependency_links.txt
writing top-level names to cpp_pubsub.egg-info/top_level.txt
reading manifest file 'cpp_pubsub.egg-info/SOURCES.txt'
writing manifest file 'cpp_pubsub.egg-info/SOURCES.txt'
[ 97%] Built target ament_cmake_python_build_cpp_pubsub_egg
[01m[K/home/dhanush/Documents/HW/ENPM808X/beginner_tutorials/ros2_ws/src/cpp_pubsub/src/publisher_member_function.cpp:[m[K In constructor â€˜[01m[KMinimalPublisher::MinimalPublisher()[m[Kâ€™:
[01m[K/home/dhanush/Documents/HW/ENPM808X/beginner_tutorials/ros2_ws/src/cpp_pubsub/src/publisher_member_function.cpp:41:7:[m[K [01;31m[Kerror: [m[Kâ€˜[01m[Km_param_subscriber_[m[Kâ€™ was not declared in this scope
   41 |       [01;31m[Km_param_subscriber_[m[K = std::make_shared<rclcpp::ParameterEventHandler>(this);
      |       [01;31m[K^~~~~~~~~~~~~~~~~~~[m[K
[01m[K/home/dhanush/Documents/HW/ENPM808X/beginner_tutorials/ros2_ws/src/cpp_pubsub/src/publisher_member_function.cpp:43:7:[m[K [01;31m[Kerror: [m[Kâ€˜[01m[Km_paramHandle_[m[Kâ€™ was not declared in this scope
   43 |       [01;31m[Km_paramHandle_[m[K = m_param_subscriber_->add_parameter_callback ("freq", paramCallbackPtr);
      |       [01;31m[K^~~~~~~~~~~~~~[m[K
make[2]: *** [CMakeFiles/talker.dir/build.make:63: CMakeFiles/talker.dir/src/publisher_member_function.cpp.o] Error 1
make[1]: *** [CMakeFiles/Makefile2:188: CMakeFiles/talker.dir/all] Error 2
make: *** [Makefile:141: all] Error 2
