<?xml version="1.0" encoding="UTF-8"?>
<Site BuildName="(empty)"
	BuildStamp="20221206-0353-Experimental"
	Name="dhanush-Inspiron-5570"
	Generator="ctest-3.16.3"
	CompilerName="/usr/bin/c++"
	CompilerVersion="9.4.0"
	OSName="Linux"
	Hostname="dhanush-Inspiron-5570"
	OSRelease="5.15.0-53-generic"
	OSVersion="#59~20.04.1-Ubuntu SMP Thu Oct 20 15:10:22 UTC 2022"
	OSPlatform="x86_64"
	Is64Bits="1"
	VendorString="GenuineIntel"
	VendorID="Intel Corporation"
	FamilyID="6"
	ModelID="142"
	ProcessorCacheSize="8192"
	NumberOfLogicalCPU="8"
	NumberOfPhysicalCPU="4"
	TotalVirtualMemory="2047"
	TotalPhysicalMemory="7845"
	LogicalProcessorsPerPhysical="2"
	ProcessorClockFrequency="2000"
	>
	<Testing>
		<StartDateTime>Dec 05 22:53 EST</StartDateTime>
		<StartTestTime>1670298817</StartTestTime>
		<TestList>
			<Test>./test_cpp_pubsub</Test>
		</TestList>
		<Test Status="passed">
			<Name>test_cpp_pubsub</Name>
			<Path>.</Path>
			<FullName>./test_cpp_pubsub</FullName>
			<FullCommandLine>/usr/bin/python3.8 "-u" "/home/dhanush/ros2_humble/install/ament_cmake_test/share/ament_cmake_test/cmake/run_test.py" "/home/dhanush/Documents/HW/ENPM808X/beginner_tutorials/ros2_ws/build/cpp_pubsub/test_results/cpp_pubsub/test_cpp_pubsub.gtest.xml" "--package-name" "cpp_pubsub" "--output-file" "/home/dhanush/Documents/HW/ENPM808X/beginner_tutorials/ros2_ws/build/cpp_pubsub/ament_cmake_gtest/test_cpp_pubsub.txt" "--command" "/home/dhanush/Documents/HW/ENPM808X/beginner_tutorials/ros2_ws/build/cpp_pubsub/test_cpp_pubsub" "--gtest_output=xml:/home/dhanush/Documents/HW/ENPM808X/beginner_tutorials/ros2_ws/build/cpp_pubsub/test_results/cpp_pubsub/test_cpp_pubsub.gtest.xml"</FullCommandLine>
			<Results>
				<NamedMeasurement type="numeric/double" name="Execution Time">
					<Value>0.711808</Value>
				</NamedMeasurement>
				<NamedMeasurement type="numeric/double" name="Processors">
					<Value>1</Value>
				</NamedMeasurement>
				<NamedMeasurement type="text/string" name="Completion Status">
					<Value>Completed</Value>
				</NamedMeasurement>
				<NamedMeasurement type="text/string" name="Command Line">
					<Value>/usr/bin/python3.8 "-u" "/home/dhanush/ros2_humble/install/ament_cmake_test/share/ament_cmake_test/cmake/run_test.py" "/home/dhanush/Documents/HW/ENPM808X/beginner_tutorials/ros2_ws/build/cpp_pubsub/test_results/cpp_pubsub/test_cpp_pubsub.gtest.xml" "--package-name" "cpp_pubsub" "--output-file" "/home/dhanush/Documents/HW/ENPM808X/beginner_tutorials/ros2_ws/build/cpp_pubsub/ament_cmake_gtest/test_cpp_pubsub.txt" "--command" "/home/dhanush/Documents/HW/ENPM808X/beginner_tutorials/ros2_ws/build/cpp_pubsub/test_cpp_pubsub" "--gtest_output=xml:/home/dhanush/Documents/HW/ENPM808X/beginner_tutorials/ros2_ws/build/cpp_pubsub/test_results/cpp_pubsub/test_cpp_pubsub.gtest.xml"</Value>
				</NamedMeasurement>
				<Measurement>
					<Value>-- run_test.py: invoking following command in '/home/dhanush/Documents/HW/ENPM808X/beginner_tutorials/ros2_ws/build/cpp_pubsub':
 - /home/dhanush/Documents/HW/ENPM808X/beginner_tutorials/ros2_ws/build/cpp_pubsub/test_cpp_pubsub --gtest_output=xml:/home/dhanush/Documents/HW/ENPM808X/beginner_tutorials/ros2_ws/build/cpp_pubsub/test_results/cpp_pubsub/test_cpp_pubsub.gtest.xml
[==========] Running 1 test from 1 test suite.
[----------] Global test environment set-up.
[----------] 1 test from TaskPublisher
[ RUN      ] TaskPublisher.test_num_publishers
[       OK ] TaskPublisher.test_num_publishers (26 ms)
[----------] 1 test from TaskPublisher (26 ms total)

[----------] Global test environment tear-down
[==========] 1 test from 1 test suite ran. (26 ms total)
[  PASSED  ] 1 test.
-- run_test.py: return code 0
-- run_test.py: inject classname prefix into gtest result file '/home/dhanush/Documents/HW/ENPM808X/beginner_tutorials/ros2_ws/build/cpp_pubsub/test_results/cpp_pubsub/test_cpp_pubsub.gtest.xml'
-- run_test.py: verify result file '/home/dhanush/Documents/HW/ENPM808X/beginner_tutorials/ros2_ws/build/cpp_pubsub/test_results/cpp_pubsub/test_cpp_pubsub.gtest.xml'
</Value>
				</Measurement>
			</Results>
			<Labels>
				<Label>gtest</Label>
			</Labels>
		</Test>
		<EndDateTime>Dec 05 22:53 EST</EndDateTime>
		<EndTestTime>1670298818</EndTestTime>
		<ElapsedMinutes>0</ElapsedMinutes>
	</Testing>
</Site>
