[0.052s] Invoking command in '/home/dhanush/Documents/HW/ENPM808X/beginner_tutorials/build/cpp_pubsub': CMAKE_PREFIX_PATH=/home/dhanush/Documents/HW/ENPM808X/beginner_tutorials/ros2_ws/install/cpp_pubsub:/home/dhanush/ros2_humble/install/rosbag2:/home/dhanush/ros2_humble/install/rosbag2_compression_zstd:/home/dhanush/ros2_humble/install/zstd_vendor:/home/dhanush/ros2_humble/install/rviz_visual_testing_framework:/home/dhanush/ros2_humble/install/rviz2:/home/dhanush/ros2_humble/install/rviz_default_plugins:/home/dhanush/ros2_humble/install/rviz_common:/home/dhanush/ros2_humble/install/rosbag2_py:/home/dhanush/ros2_humble/install/rosbag2_transport:/home/dhanush/ros2_humble/install/rosbag2_performance_benchmarking:/home/dhanush/ros2_humble/install/rosbag2_compression:/home/dhanush/ros2_humble/install/rosbag2_cpp:/home/dhanush/ros2_humble/install/rosbag2_storage_default_plugins:/home/dhanush/ros2_humble/install/rosbag2_storage:/home/dhanush/ros2_humble/install/image_common:/home/dhanush/ros2_humble/install/camera_info_manager:/home/dhanush/ros2_humble/install/camera_calibration_parsers:/home/dhanush/ros2_humble/install/yaml_cpp_vendor:/home/dhanush/ros2_humble/install/interactive_markers:/home/dhanush/ros2_humble/install/common_interfaces:/home/dhanush/ros2_humble/install/visualization_msgs:/home/dhanush/ros2_humble/install/dummy_robot_bringup:/home/dhanush/ros2_humble/install/robot_state_publisher:/home/dhanush/ros2_humble/install/kdl_parser:/home/dhanush/ros2_humble/install/urdf:/home/dhanush/ros2_humble/install/urdfdom:/home/dhanush/ros2_humble/install/urdf_parser_plugin:/home/dhanush/ros2_humble/install/urdfdom_headers:/home/dhanush/ros2_humble/install/turtlesim:/home/dhanush/ros2_humble/install/geometry2:/home/dhanush/ros2_humble/install/tf2_sensor_msgs:/home/dhanush/ros2_humble/install/test_tf2:/home/dhanush/ros2_humble/install/tf2_kdl:/home/dhanush/ros2_humble/install/tf2_geometry_msgs:/home/dhanush/ros2_humble/install/tf2_eigen:/home/dhanush/ros2_humble/install/tf2_bullet:/home/dhanush/ros2_humble/install/tf2_ros:/home/dhanush/ros2_humble/install/tf2_py:/home/dhanush/ros2_humble/install/tf2_msgs:/home/dhanush/ros2_humble/install/test_msgs:/home/dhanush/ros2_humble/install/sros2_cmake:/home/dhanush/ros2_humble/install/ros2cli_common_extensions:/home/dhanush/ros2_humble/install/rqt_py_common:/home/dhanush/ros2_humble/install/ros_testing:/home/dhanush/ros2_humble/install/ros2cli_test_interfaces:/home/dhanush/ros2_humble/install/quality_of_service_demo_cpp:/home/dhanush/ros2_humble/install/image_transport:/home/dhanush/ros2_humble/install/message_filters:/home/dhanush/ros2_humble/install/demo_nodes_cpp:/home/dhanush/ros2_humble/install/composition:/home/dhanush/ros2_humble/install/laser_geometry:/home/dhanush/ros2_humble/install/rclpy:/home/dhanush/ros2_humble/install/examples_rclcpp_minimal_action_server:/home/dhanush/ros2_humble/install/examples_rclcpp_minimal_action_client:/home/dhanush/ros2_humble/install/action_tutorials_cpp:/home/dhanush/ros2_humble/install/rclcpp_action:/home/dhanush/ros2_humble/install/rcl_action:/home/dhanush/ros2_humble/install/examples_rclcpp_wait_set:/home/dhanush/ros2_humble/install/examples_rclcpp_minimal_service:/home/dhanush/ros2_humble/install/examples_rclcpp_minimal_client:/home/dhanush/ros2_humble/install/examples_rclcpp_async_client:/home/dhanush/ros2_humble/install/example_interfaces:/home/dhanush/ros2_humble/install/action_tutorials_interfaces:/home/dhanush/ros2_humble/install/action_msgs:/home/dhanush/ros2_humble/install/unique_identifier_msgs:/home/dhanush/ros2_humble/install/ament_lint_common:/home/dhanush/ros2_humble/install/ament_cmake_uncrustify:/home/dhanush/ros2_humble/install/uncrustify_vendor:/home/dhanush/ros2_humble/install/trajectory_msgs:/home/dhanush/ros2_humble/install/topic_statistics_demo:/home/dhanush/ros2_humble/install/pendulum_control:/home/dhanush/ros2_humble/install/tlsf_cpp:/home/dhanush/ros2_humble/install/test_tracetools:/home/dhanush/ros2_humble/install/rqt_gui_cpp:/home/dhanush/ros2_humble/install/rosbag2_test_common:/home/dhanush/ros2_humble/install/ros2lifecycle_test_fixtures:/home/dhanush/ros2_humble/install/lifecycle:/home/dhanush/ros2_humble/install/rclcpp_lifecycle:/home/dhanush/ros2_humble/install/logging_demo:/home/dhanush/ros2_humble/install/image_tools:/home/dhanush/ros2_humble/install/examples_rclcpp_minimal_subscriber:/home/dhanush/ros2_humble/install/examples_rclcpp_minimal_composition:/home/dhanush/ros2_humble/install/demo_nodes_cpp_native:/home/dhanush/ros2_humble/install/rclcpp_components:/home/dhanush/ros2_humble/install/intra_process_demo:/home/dhanush/ros2_humble/install/examples_rclcpp_multithreaded_executor:/home/dhanush/ros2_humble/install/examples_rclcpp_minimal_timer:/home/dhanush/ros2_humble/install/examples_rclcpp_minimal_publisher:/home/dhanush/ros2_humble/install/examples_rclcpp_cbg_executor:/home/dhanush/ros2_humble/install/dummy_sensors:/home/dhanush/ros2_humble/install/dummy_map_server:/home/dhanush/ros2_humble/install/rclcpp:/home/dhanush/ros2_humble/install/rcl_lifecycle:/home/dhanush/ros2_humble/install/libstatistics_collector:/home/dhanush/ros2_humble/install/rcl:/home/dhanush/ros2_humble/install/rmw_implementation:/home/dhanush/ros2_humble/install/rmw_fastrtps_dynamic_cpp:/home/dhanush/ros2_humble/install/rmw_fastrtps_cpp:/home/dhanush/ros2_humble/install/rmw_fastrtps_shared_cpp:/home/dhanush/ros2_humble/install/rmw_cyclonedds_cpp:/home/dhanush/ros2_humble/install/tracetools:/home/dhanush/ros2_humble/install/tlsf:/home/dhanush/ros2_humble/install/tinyxml_vendor:/home/dhanush/ros2_humble/install/qt_gui_core:/home/dhanush/ros2_humble/install/qt_gui_cpp:/home/dhanush/ros2_humble/install/pluginlib:/home/dhanush/ros2_humble/install/tinyxml2_vendor:/home/dhanush/ros2_humble/install/tf2_eigen_kdl:/home/dhanush/ros2_humble/install/tf2:/home/dhanush/ros2_humble/install/test_security:/home/dhanush/ros2_humble/install/test_rmw_implementation:/home/dhanush/ros2_humble/install/test_rclcpp:/home/dhanush/ros2_humble/install/test_quality_of_service:/home/dhanush/ros2_humble/install/test_launch_testing:/home/dhanush/ros2_humble/install/test_interface_files:/home/dhanush/ros2_humble/install/test_communication:/home/dhanush/ros2_humble/install/test_cli_remapping:/home/dhanush/ros2_humble/install/test_cli:/home/dhanush/ros2_humble/install/qt_gui_app:/home/dhanush/ros2_humble/install/qt_gui:/home/dhanush/ros2_humble/install/tango_icons_vendor:/home/dhanush/ros2_humble/install/stereo_msgs:/home/dhanush/ros2_humble/install/std_srvs:/home/dhanush/ros2_humble/install/shape_msgs:/home/dhanush/ros2_humble/install/map_msgs:/home/dhanush/ros2_humble/install/sensor_msgs:/home/dhanush/ros2_humble/install/nav_msgs:/home/dhanush/ros2_humble/install/diagnostic_msgs:/home/dhanush/ros2_humble/install/geometry_msgs:/home/dhanush/ros2_humble/install/actionlib_msgs:/home/dhanush/ros2_humble/install/std_msgs:/home/dhanush/ros2_humble/install/statistics_msgs:/home/dhanush/ros2_humble/install/sqlite3_vendor:/home/dhanush/ros2_humble/install/rcl_logging_spdlog:/home/dhanush/ros2_humble/install/spdlog_vendor:/home/dhanush/ros2_humble/install/shared_queues_vendor:/home/dhanush/ros2_humble/install/rviz_rendering_tests:/home/dhanush/ros2_humble/install/rviz_rendering:/home/dhanush/ros2_humble/install/rviz_ogre_vendor:/home/dhanush/ros2_humble/install/rviz_assimp_vendor:/home/dhanush/ros2_humble/install/rttest:/home/dhanush/ros2_humble/install/rmw_connextddsmicro:/home/dhanush/ros2_humble/install/rmw_connextdds:/home/dhanush/ros2_humble/install/rmw_connextdds_common:/home/dhanush/ros2_humble/install/rti_connext_dds_cmake_module:/home/dhanush/ros2_humble/install/rosgraph_msgs:/home/dhanush/ros2_humble/install/rosbag2_interfaces:/home/dhanush/ros2_humble/install/rmw_dds_common:/home/dhanush/ros2_humble/install/composition_interfaces:/home/dhanush/ros2_humble/install/rcl_interfaces:/home/dhanush/ros2_humble/install/pendulum_msgs:/home/dhanush/ros2_humble/install/lifecycle_msgs:/home/dhanush/ros2_humble/install/builtin_interfaces:/home/dhanush/ros2_humble/install/rosidl_default_runtime:/home/dhanush/ros2_humble/install/rosidl_default_generators:/home/dhanush/ros2_humble/install/rosidl_generator_py:/home/dhanush/ros2_humble/install/rosidl_typesupport_introspection_tests:/home/dhanush/ros2_humble/install/rosidl_typesupport_cpp:/home/dhanush/ros2_humble/install/rosidl_typesupport_introspection_cpp:/home/dhanush/ros2_humble/install/rosidl_typesupport_c:/home/dhanush/ros2_humble/install/rosidl_typesupport_introspection_c:/home/dhanush/ros2_humble/install/rosidl_typesupport_fastrtps_c:/home/dhanush/ros2_humble/install/rosidl_typesupport_fastrtps_cpp:/home/dhanush/ros2_humble/install/rosidl_generator_cpp:/home/dhanush/ros2_humble/install/rosidl_runtime_cpp:/home/dhanush/ros2_humble/install/rcl_yaml_param_parser:/home/dhanush/ros2_humble/install/rmw:/home/dhanush/ros2_humble/install/rosidl_runtime_c:/home/dhanush/ros2_humble/install/rosidl_generator_c:/home/dhanush/ros2_humble/install/rosidl_typesupport_interface:/home/dhanush/ros2_humble/install/rosidl_generator_dds_idl:/home/dhanush/ros2_humble/install/rosidl_cmake:/home/dhanush/ros2_humble/install/rosidl_parser:/home/dhanush/ros2_humble/install/rosidl_adapter:/home/dhanush/ros2_humble/install/rosbag2_tests:/home/dhanush/ros2_humble/install/ros_environment:/home/dhanush/ros2_humble/install/rmw_implementation_cmake:/home/dhanush/ros2_humble/install/resource_retriever:/home/dhanush/ros2_humble/install/class_loader:/home/dhanush/ros2_humble/install/rcpputils:/home/dhanush/ros2_humble/install/rcl_logging_noop:/home/dhanush/ros2_humble/install/rcl_logging_interface:/home/dhanush/ros2_humble/install/rcutils:/home/dhanush/ros2_humble/install/qt_gui_py_common:/home/dhanush/ros2_humble/install/qt_dotgraph:/home/dhanush/ros2_humble/install/python_qt_binding:/home/dhanush/ros2_humble/install/python_orocos_kdl_vendor:/home/dhanush/ros2_humble/install/launch_testing_ament_cmake:/home/dhanush/ros2_humble/install/python_cmake_module:/home/dhanush/ros2_humble/install/pybind11_vendor:/home/dhanush/ros2_humble/install/performance_test_fixture:/home/dhanush/ros2_humble/install/osrf_testing_tools_cpp:/home/dhanush/ros2_humble/install/rqt_bag_plugins:/home/dhanush/ros2_humble/install/rqt_bag:/home/dhanush/ros2_humble/install/ros2bag:/home/dhanush/ros2_humble/install/tracetools_test:/home/dhanush/ros2_humble/install/tracetools_launch:/home/dhanush/ros2_humble/install/topic_monitor:/home/dhanush/ros2_humble/install/tf2_tools:/home/dhanush/ros2_humble/install/examples_tf2_py:/home/dhanush/ros2_humble/install/tf2_ros_py:/home/dhanush/ros2_humble/install/sros2:/home/dhanush/ros2_humble/install/rqt_topic:/home/dhanush/ros2_humble/install/rqt_srv:/home/dhanush/ros2_humble/install/rqt_shell:/home/dhanush/ros2_humble/install/rqt_service_caller:/home/dhanush/ros2_humble/install/rqt_reconfigure:/home/dhanush/ros2_humble/install/rqt_py_console:/home/dhanush/ros2_humble/install/rqt_publisher:/home/dhanush/ros2_humble/install/rqt_plot:/home/dhanush/ros2_humble/install/rqt_action:/home/dhanush/ros2_humble/install/rqt_msg:/home/dhanush/ros2_humble/install/rqt_console:/home/dhanush/ros2_humble/install/rqt:/home/dhanush/ros2_humble/install/rqt_graph:/home/dhanush/ros2_humble/install/rqt_gui_py:/home/dhanush/ros2_humble/install/rqt_gui:/home/dhanush/ros2_humble/install/ros2trace:/home/dhanush/ros2_humble/install/ros2topic:/home/dhanush/ros2_humble/install/ros2test:/home/dhanush/ros2_humble/install/ros2component:/home/dhanush/ros2_humble/install/ros2param:/home/dhanush/ros2_humble/install/ros2lifecycle:/home/dhanush/ros2_humble/install/ros2service:/home/dhanush/ros2_humble/install/ros2run:/home/dhanush/ros2_humble/install/ros2launch:/home/dhanush/ros2_humble/install/ros2pkg:/home/dhanush/ros2_humble/install/ros2node:/home/dhanush/ros2_humble/install/ros2multicast:/home/dhanush/ros2_humble/install/ros2interface:/home/dhanush/ros2_humble/install/ros2doctor:/home/dhanush/ros2_humble/install/ros2action:/home/dhanush/ros2_humble/install/ros2cli:/home/dhanush/ros2_humble/install/quality_of_service_demo_py:/home/dhanush/ros2_humble/install/lifecycle_py:/home/dhanush/ros2_humble/install/launch_testing_ros:/home/dhanush/ros2_humble/install/launch_ros:/home/dhanush/ros2_humble/install/examples_rclpy_pointcloud_publisher:/home/dhanush/ros2_humble/install/examples_rclpy_minimal_subscriber:/home/dhanush/ros2_humble/install/examples_rclpy_minimal_service:/home/dhanush/ros2_humble/install/examples_rclpy_minimal_publisher:/home/dhanush/ros2_humble/install/examples_rclpy_minimal_client:/home/dhanush/ros2_humble/install/examples_rclpy_minimal_action_server:/home/dhanush/ros2_humble/install/examples_rclpy_minimal_action_client:/home/dhanush/ros2_humble/install/examples_rclpy_guard_conditions:/home/dhanush/ros2_humble/install/examples_rclpy_executors:/home/dhanush/ros2_humble/install/demo_nodes_py:/home/dhanush/ros2_humble/install/action_tutorials_py:/home/dhanush/ros2_humble/install/ament_uncrustify:/home/dhanush/ros2_humble/install/tracetools_trace:/home/dhanush/ros2_humble/install/tracetools_read:/home/dhanush/ros2_humble/install/test_tracetools_launch:/home/dhanush/ros2_humble/install/test_launch_ros:/home/dhanush/ros2_humble/install/sensor_msgs_py:/home/dhanush/ros2_humble/install/rpyutils:/home/dhanush/ros2_humble/install/rosidl_runtime_py:/home/dhanush/ros2_humble/install/rosidl_cli:/home/dhanush/ros2_humble/install/launch_pytest:/home/dhanush/ros2_humble/install/launch_testing:/home/dhanush/ros2_humble/install/launch_yaml:/home/dhanush/ros2_humble/install/launch_xml:/home/dhanush/ros2_humble/install/launch:/home/dhanush/ros2_humble/install/osrf_pycommon:/home/dhanush/ros2_humble/install/launch_testing_examples:/home/dhanush/ros2_humble/install/domain_coordinator:/home/dhanush/ros2_humble/install/ament_xmllint:/home/dhanush/ros2_humble/install/ament_pyflakes:/home/dhanush/ros2_humble/install/ament_pycodestyle:/home/dhanush/ros2_humble/install/ament_pep257:/home/dhanush/ros2_humble/install/ament_pclint:/home/dhanush/ros2_humble/install/ament_package:/home/dhanush/ros2_humble/install/ament_mypy:/home/dhanush/ros2_humble/install/ament_lint_cmake:/home/dhanush/ros2_humble/install/ament_flake8:/home/dhanush/ros2_humble/install/ament_copyright:/home/dhanush/ros2_humble/install/ament_lint:/home/dhanush/ros2_humble/install/ament_index_python:/home/dhanush/ros2_humble/install/ament_cpplint:/home/dhanush/ros2_humble/install/ament_cppcheck:/home/dhanush/ros2_humble/install/ament_clang_tidy:/home/dhanush/ros2_humble/install/ament_clang_format:/home/dhanush/ros2_humble/install/orocos_kdl_vendor:/home/dhanush/ros2_humble/install/mimick_vendor:/home/dhanush/ros2_humble/install/libyaml_vendor:/home/dhanush/ros2_humble/install/libcurl_vendor:/home/dhanush/ros2_humble/install/keyboard_handler:/home/dhanush/ros2_humble/install/cyclonedds:/home/dhanush/ros2_humble/install/iceoryx_posh:/home/dhanush/ros2_humble/install/iceoryx_hoofs:/home/dhanush/ros2_humble/install/iceoryx_binding_c:/home/dhanush/ros2_humble/install/ament_cmake_ros:/home/dhanush/ros2_humble/install/ament_cmake_gmock:/home/dhanush/ros2_humble/install/gmock_vendor:/home/dhanush/ros2_humble/install/ament_cmake_auto:/home/dhanush/ros2_humble/install/ament_cmake_gtest:/home/dhanush/ros2_humble/install/gtest_vendor:/home/dhanush/ros2_humble/install/ament_cmake_google_benchmark:/home/dhanush/ros2_humble/install/google_benchmark_vendor:/home/dhanush/ros2_humble/install/fastrtps:/home/dhanush/ros2_humble/install/foonathan_memory_vendor:/home/dhanush/ros2_humble/install/fastrtps_cmake_module:/home/dhanush/ros2_humble/install/fastcdr:/home/dhanush/ros2_humble/install/eigen3_cmake_module:/home/dhanush/ros2_humble/install/console_bridge_vendor:/home/dhanush/ros2_humble/install/ament_cmake_xmllint:/home/dhanush/ros2_humble/install/ament_cmake_pyflakes:/home/dhanush/ros2_humble/install/ament_cmake_pycodestyle:/home/dhanush/ros2_humble/install/ament_cmake_pep257:/home/dhanush/ros2_humble/install/ament_cmake_pclint:/home/dhanush/ros2_humble/install/ament_lint_auto:/home/dhanush/ros2_humble/install/ament_cmake:/home/dhanush/ros2_humble/install/ament_cmake_version:/home/dhanush/ros2_humble/install/ament_cmake_pytest:/home/dhanush/ros2_humble/install/ament_cmake_nose:/home/dhanush/ros2_humble/install/ament_cmake_mypy:/home/dhanush/ros2_humble/install/ament_cmake_lint_cmake:/home/dhanush/ros2_humble/install/ament_cmake_flake8:/home/dhanush/ros2_humble/install/ament_cmake_cpplint:/home/dhanush/ros2_humble/install/ament_cmake_cppcheck:/home/dhanush/ros2_humble/install/ament_cmake_copyright:/home/dhanush/ros2_humble/install/ament_cmake_clang_tidy:/home/dhanush/ros2_humble/install/ament_cmake_clang_format:/home/dhanush/ros2_humble/install/ament_cmake_test:/home/dhanush/ros2_humble/install/ament_cmake_target_dependencies:/home/dhanush/ros2_humble/install/ament_cmake_python:/home/dhanush/ros2_humble/install/ament_cmake_export_dependencies:/home/dhanush/ros2_humble/install/ament_cmake_libraries:/home/dhanush/ros2_humble/install/ament_cmake_include_directories:/home/dhanush/ros2_humble/install/ament_cmake_gen_version_h:/home/dhanush/ros2_humble/install/ament_cmake_export_targets:/home/dhanush/ros2_humble/install/ament_cmake_export_link_flags:/home/dhanush/ros2_humble/install/ament_cmake_export_interfaces:/home/dhanush/ros2_humble/install/ament_cmake_export_libraries:/home/dhanush/ros2_humble/install/ament_cmake_export_include_directories:/home/dhanush/ros2_humble/install/ament_cmake_export_definitions:/home/dhanush/ros2_humble/install/ament_cmake_core:/home/dhanush/ros2_humble/install/ament_index_cpp:/home/dhanush/catkin_ws/devel:/opt/ros/noetic /usr/bin/cmake /home/dhanush/Documents/HW/ENPM808X/beginner_tutorials/ros2_ws/src/cpp_pubsub -DCMAKE_INSTALL_PREFIX=/home/dhanush/Documents/HW/ENPM808X/beginner_tutorials/install/cpp_pubsub
[0.195s] -- The C compiler identification is GNU 9.4.0
[0.334s] -- The CXX compiler identification is GNU 9.4.0
[0.358s] -- Check for working C compiler: /usr/bin/cc
[0.516s] -- Check for working C compiler: /usr/bin/cc -- works
[0.517s] -- Detecting C compiler ABI info
[0.682s] -- Detecting C compiler ABI info - done
[0.696s] -- Detecting C compile features
[0.697s] -- Detecting C compile features - done
[0.701s] -- Check for working CXX compiler: /usr/bin/c++
[0.872s] -- Check for working CXX compiler: /usr/bin/c++ -- works
[0.874s] -- Detecting CXX compiler ABI info
[1.051s] -- Detecting CXX compiler ABI info - done
[1.064s] -- Detecting CXX compile features
[1.064s] -- Detecting CXX compile features - done
[1.096s] -- Found ament_cmake: 1.3.2 (/home/dhanush/ros2_humble/install/ament_cmake/share/ament_cmake/cmake)
[3.797s] -- Found Python3: /usr/bin/python3.8 (found version "3.8.10") found components: Interpreter 
[4.714s] -- Found rclcpp: 16.0.1 (/home/dhanush/ros2_humble/install/rclcpp/share/rclcpp/cmake)
[4.989s] -- Found rosidl_generator_c: 3.1.3 (/home/dhanush/ros2_humble/install/rosidl_generator_c/share/rosidl_generator_c/cmake)
[5.021s] -- Found rosidl_adapter: 3.1.3 (/home/dhanush/ros2_humble/install/rosidl_adapter/share/rosidl_adapter/cmake)
[5.057s] -- Found rosidl_generator_cpp: 3.1.3 (/home/dhanush/ros2_humble/install/rosidl_generator_cpp/share/rosidl_generator_cpp/cmake)
[5.131s] -- Using all available rosidl_typesupport_c: rosidl_typesupport_introspection_c;rosidl_typesupport_fastrtps_c
[5.225s] -- Using all available rosidl_typesupport_cpp: rosidl_typesupport_introspection_cpp;rosidl_typesupport_fastrtps_cpp
[5.468s] -- Found rmw_implementation_cmake: 6.1.0 (/home/dhanush/ros2_humble/install/rmw_implementation_cmake/share/rmw_implementation_cmake/cmake)
[5.508s] -- Found rmw_fastrtps_cpp: 6.2.1 (/home/dhanush/ros2_humble/install/rmw_fastrtps_cpp/share/rmw_fastrtps_cpp/cmake)
[5.875s] -- Found OpenSSL: /usr/lib/x86_64-linux-gnu/libcrypto.so (found version "1.1.1f")  
[5.965s] -- Found FastRTPS: /home/dhanush/ros2_humble/install/fastrtps/include  
[6.126s] -- Using RMW implementation 'rmw_fastrtps_cpp' as default
[6.185s] -- Looking for pthread.h
[6.356s] -- Looking for pthread.h - found
[6.356s] -- Performing Test CMAKE_HAVE_LIBC_PTHREAD
[6.642s] -- Performing Test CMAKE_HAVE_LIBC_PTHREAD - Failed
[6.642s] -- Looking for pthread_create in pthreads
[6.796s] -- Looking for pthread_create in pthreads - not found
[6.796s] -- Looking for pthread_create in pthread
[6.963s] -- Looking for pthread_create in pthread - found
[6.964s] -- Found Threads: TRUE  
[7.222s] -- Found rosidl_default_generators: 1.2.0 (/home/dhanush/ros2_humble/install/rosidl_default_generators/share/rosidl_default_generators/cmake)
[11.783s] -- Found ament_cmake_ros: 0.10.0 (/home/dhanush/ros2_humble/install/ament_cmake_ros/share/ament_cmake_ros/cmake)
[20.364s] -- Using all available rosidl_typesupport_c: rosidl_typesupport_introspection_c;rosidl_typesupport_fastrtps_c
[23.703s] -- Using all available rosidl_typesupport_cpp: rosidl_typesupport_introspection_cpp;rosidl_typesupport_fastrtps_cpp
[24.122s] -- Found PythonInterp: /usr/bin/python3 (found suitable version "3.8.10", minimum required is "3.6") 
[24.138s] -- Found python_cmake_module: 0.10.0 (/home/dhanush/ros2_humble/install/python_cmake_module/share/python_cmake_module/cmake)
[24.587s] -- Found PythonLibs: /usr/lib/x86_64-linux-gnu/libpython3.8.so (found suitable version "3.8.10", minimum required is "3.5") 
[24.587s] -- Using PYTHON_EXECUTABLE: /usr/bin/python3
[24.587s] -- Using PYTHON_INCLUDE_DIRS: /usr/include/python3.8
[24.587s] -- Using PYTHON_LIBRARIES: /usr/lib/x86_64-linux-gnu/libpython3.8.so
[25.005s] -- Found PythonExtra: .so  
[25.813s] CMake Deprecation Warning at /home/dhanush/ros2_humble/install/rosidl_cmake/share/rosidl_cmake/cmake/rosidl_target_interfaces.cmake:32 (message):
[25.813s]   Use rosidl_get_typesupport_target() and target_link_libraries() instead of
[25.813s]   rosidl_target_interfaces()
[25.813s] Call Stack (most recent call first):
[25.813s]   CMakeLists.txt:35 (rosidl_target_interfaces)
[25.813s] 
[25.813s] 
[25.814s] CMake Deprecation Warning at /home/dhanush/ros2_humble/install/rosidl_cmake/share/rosidl_cmake/cmake/rosidl_target_interfaces.cmake:32 (message):
[25.814s]   Use rosidl_get_typesupport_target() and target_link_libraries() instead of
[25.814s]   rosidl_target_interfaces()
[25.814s] Call Stack (most recent call first):
[25.814s]   CMakeLists.txt:37 (rosidl_target_interfaces)
[25.814s] 
[25.814s] 
[25.840s] -- Found ament_lint_auto: 0.12.4 (/home/dhanush/ros2_humble/install/ament_lint_auto/share/ament_lint_auto/cmake)
[25.994s] -- Added test 'cppcheck' to perform static code analysis on C / C++ code
[25.994s] -- Configured cppcheck include dirs: 
[25.995s] -- Configured cppcheck exclude dirs and/or files: 
[25.999s] -- Added test 'lint_cmake' to check CMake code style
[26.005s] -- Added test 'uncrustify' to check C / C++ code style
[26.005s] -- Configured uncrustify additional arguments: 
[26.010s] -- Added test 'xmllint' to check XML markup files
[26.025s] -- Configuring done
[26.087s] -- Generating done
[26.094s] -- Build files have been written to: /home/dhanush/Documents/HW/ENPM808X/beginner_tutorials/build/cpp_pubsub
[26.105s] Invoked command in '/home/dhanush/Documents/HW/ENPM808X/beginner_tutorials/build/cpp_pubsub' returned '0': CMAKE_PREFIX_PATH=/home/dhanush/Documents/HW/ENPM808X/beginner_tutorials/ros2_ws/install/cpp_pubsub:/home/dhanush/ros2_humble/install/rosbag2:/home/dhanush/ros2_humble/install/rosbag2_compression_zstd:/home/dhanush/ros2_humble/install/zstd_vendor:/home/dhanush/ros2_humble/install/rviz_visual_testing_framework:/home/dhanush/ros2_humble/install/rviz2:/home/dhanush/ros2_humble/install/rviz_default_plugins:/home/dhanush/ros2_humble/install/rviz_common:/home/dhanush/ros2_humble/install/rosbag2_py:/home/dhanush/ros2_humble/install/rosbag2_transport:/home/dhanush/ros2_humble/install/rosbag2_performance_benchmarking:/home/dhanush/ros2_humble/install/rosbag2_compression:/home/dhanush/ros2_humble/install/rosbag2_cpp:/home/dhanush/ros2_humble/install/rosbag2_storage_default_plugins:/home/dhanush/ros2_humble/install/rosbag2_storage:/home/dhanush/ros2_humble/install/image_common:/home/dhanush/ros2_humble/install/camera_info_manager:/home/dhanush/ros2_humble/install/camera_calibration_parsers:/home/dhanush/ros2_humble/install/yaml_cpp_vendor:/home/dhanush/ros2_humble/install/interactive_markers:/home/dhanush/ros2_humble/install/common_interfaces:/home/dhanush/ros2_humble/install/visualization_msgs:/home/dhanush/ros2_humble/install/dummy_robot_bringup:/home/dhanush/ros2_humble/install/robot_state_publisher:/home/dhanush/ros2_humble/install/kdl_parser:/home/dhanush/ros2_humble/install/urdf:/home/dhanush/ros2_humble/install/urdfdom:/home/dhanush/ros2_humble/install/urdf_parser_plugin:/home/dhanush/ros2_humble/install/urdfdom_headers:/home/dhanush/ros2_humble/install/turtlesim:/home/dhanush/ros2_humble/install/geometry2:/home/dhanush/ros2_humble/install/tf2_sensor_msgs:/home/dhanush/ros2_humble/install/test_tf2:/home/dhanush/ros2_humble/install/tf2_kdl:/home/dhanush/ros2_humble/install/tf2_geometry_msgs:/home/dhanush/ros2_humble/install/tf2_eigen:/home/dhanush/ros2_humble/install/tf2_bullet:/home/dhanush/ros2_humble/install/tf2_ros:/home/dhanush/ros2_humble/install/tf2_py:/home/dhanush/ros2_humble/install/tf2_msgs:/home/dhanush/ros2_humble/install/test_msgs:/home/dhanush/ros2_humble/install/sros2_cmake:/home/dhanush/ros2_humble/install/ros2cli_common_extensions:/home/dhanush/ros2_humble/install/rqt_py_common:/home/dhanush/ros2_humble/install/ros_testing:/home/dhanush/ros2_humble/install/ros2cli_test_interfaces:/home/dhanush/ros2_humble/install/quality_of_service_demo_cpp:/home/dhanush/ros2_humble/install/image_transport:/home/dhanush/ros2_humble/install/message_filters:/home/dhanush/ros2_humble/install/demo_nodes_cpp:/home/dhanush/ros2_humble/install/composition:/home/dhanush/ros2_humble/install/laser_geometry:/home/dhanush/ros2_humble/install/rclpy:/home/dhanush/ros2_humble/install/examples_rclcpp_minimal_action_server:/home/dhanush/ros2_humble/install/examples_rclcpp_minimal_action_client:/home/dhanush/ros2_humble/install/action_tutorials_cpp:/home/dhanush/ros2_humble/install/rclcpp_action:/home/dhanush/ros2_humble/install/rcl_action:/home/dhanush/ros2_humble/install/examples_rclcpp_wait_set:/home/dhanush/ros2_humble/install/examples_rclcpp_minimal_service:/home/dhanush/ros2_humble/install/examples_rclcpp_minimal_client:/home/dhanush/ros2_humble/install/examples_rclcpp_async_client:/home/dhanush/ros2_humble/install/example_interfaces:/home/dhanush/ros2_humble/install/action_tutorials_interfaces:/home/dhanush/ros2_humble/install/action_msgs:/home/dhanush/ros2_humble/install/unique_identifier_msgs:/home/dhanush/ros2_humble/install/ament_lint_common:/home/dhanush/ros2_humble/install/ament_cmake_uncrustify:/home/dhanush/ros2_humble/install/uncrustify_vendor:/home/dhanush/ros2_humble/install/trajectory_msgs:/home/dhanush/ros2_humble/install/topic_statistics_demo:/home/dhanush/ros2_humble/install/pendulum_control:/home/dhanush/ros2_humble/install/tlsf_cpp:/home/dhanush/ros2_humble/install/test_tracetools:/home/dhanush/ros2_humble/install/rqt_gui_cpp:/home/dhanush/ros2_humble/install/rosbag2_test_common:/home/dhanush/ros2_humble/install/ros2lifecycle_test_fixtures:/home/dhanush/ros2_humble/install/lifecycle:/home/dhanush/ros2_humble/install/rclcpp_lifecycle:/home/dhanush/ros2_humble/install/logging_demo:/home/dhanush/ros2_humble/install/image_tools:/home/dhanush/ros2_humble/install/examples_rclcpp_minimal_subscriber:/home/dhanush/ros2_humble/install/examples_rclcpp_minimal_composition:/home/dhanush/ros2_humble/install/demo_nodes_cpp_native:/home/dhanush/ros2_humble/install/rclcpp_components:/home/dhanush/ros2_humble/install/intra_process_demo:/home/dhanush/ros2_humble/install/examples_rclcpp_multithreaded_executor:/home/dhanush/ros2_humble/install/examples_rclcpp_minimal_timer:/home/dhanush/ros2_humble/install/examples_rclcpp_minimal_publisher:/home/dhanush/ros2_humble/install/examples_rclcpp_cbg_executor:/home/dhanush/ros2_humble/install/dummy_sensors:/home/dhanush/ros2_humble/install/dummy_map_server:/home/dhanush/ros2_humble/install/rclcpp:/home/dhanush/ros2_humble/install/rcl_lifecycle:/home/dhanush/ros2_humble/install/libstatistics_collector:/home/dhanush/ros2_humble/install/rcl:/home/dhanush/ros2_humble/install/rmw_implementation:/home/dhanush/ros2_humble/install/rmw_fastrtps_dynamic_cpp:/home/dhanush/ros2_humble/install/rmw_fastrtps_cpp:/home/dhanush/ros2_humble/install/rmw_fastrtps_shared_cpp:/home/dhanush/ros2_humble/install/rmw_cyclonedds_cpp:/home/dhanush/ros2_humble/install/tracetools:/home/dhanush/ros2_humble/install/tlsf:/home/dhanush/ros2_humble/install/tinyxml_vendor:/home/dhanush/ros2_humble/install/qt_gui_core:/home/dhanush/ros2_humble/install/qt_gui_cpp:/home/dhanush/ros2_humble/install/pluginlib:/home/dhanush/ros2_humble/install/tinyxml2_vendor:/home/dhanush/ros2_humble/install/tf2_eigen_kdl:/home/dhanush/ros2_humble/install/tf2:/home/dhanush/ros2_humble/install/test_security:/home/dhanush/ros2_humble/install/test_rmw_implementation:/home/dhanush/ros2_humble/install/test_rclcpp:/home/dhanush/ros2_humble/install/test_quality_of_service:/home/dhanush/ros2_humble/install/test_launch_testing:/home/dhanush/ros2_humble/install/test_interface_files:/home/dhanush/ros2_humble/install/test_communication:/home/dhanush/ros2_humble/install/test_cli_remapping:/home/dhanush/ros2_humble/install/test_cli:/home/dhanush/ros2_humble/install/qt_gui_app:/home/dhanush/ros2_humble/install/qt_gui:/home/dhanush/ros2_humble/install/tango_icons_vendor:/home/dhanush/ros2_humble/install/stereo_msgs:/home/dhanush/ros2_humble/install/std_srvs:/home/dhanush/ros2_humble/install/shape_msgs:/home/dhanush/ros2_humble/install/map_msgs:/home/dhanush/ros2_humble/install/sensor_msgs:/home/dhanush/ros2_humble/install/nav_msgs:/home/dhanush/ros2_humble/install/diagnostic_msgs:/home/dhanush/ros2_humble/install/geometry_msgs:/home/dhanush/ros2_humble/install/actionlib_msgs:/home/dhanush/ros2_humble/install/std_msgs:/home/dhanush/ros2_humble/install/statistics_msgs:/home/dhanush/ros2_humble/install/sqlite3_vendor:/home/dhanush/ros2_humble/install/rcl_logging_spdlog:/home/dhanush/ros2_humble/install/spdlog_vendor:/home/dhanush/ros2_humble/install/shared_queues_vendor:/home/dhanush/ros2_humble/install/rviz_rendering_tests:/home/dhanush/ros2_humble/install/rviz_rendering:/home/dhanush/ros2_humble/install/rviz_ogre_vendor:/home/dhanush/ros2_humble/install/rviz_assimp_vendor:/home/dhanush/ros2_humble/install/rttest:/home/dhanush/ros2_humble/install/rmw_connextddsmicro:/home/dhanush/ros2_humble/install/rmw_connextdds:/home/dhanush/ros2_humble/install/rmw_connextdds_common:/home/dhanush/ros2_humble/install/rti_connext_dds_cmake_module:/home/dhanush/ros2_humble/install/rosgraph_msgs:/home/dhanush/ros2_humble/install/rosbag2_interfaces:/home/dhanush/ros2_humble/install/rmw_dds_common:/home/dhanush/ros2_humble/install/composition_interfaces:/home/dhanush/ros2_humble/install/rcl_interfaces:/home/dhanush/ros2_humble/install/pendulum_msgs:/home/dhanush/ros2_humble/install/lifecycle_msgs:/home/dhanush/ros2_humble/install/builtin_interfaces:/home/dhanush/ros2_humble/install/rosidl_default_runtime:/home/dhanush/ros2_humble/install/rosidl_default_generators:/home/dhanush/ros2_humble/install/rosidl_generator_py:/home/dhanush/ros2_humble/install/rosidl_typesupport_introspection_tests:/home/dhanush/ros2_humble/install/rosidl_typesupport_cpp:/home/dhanush/ros2_humble/install/rosidl_typesupport_introspection_cpp:/home/dhanush/ros2_humble/install/rosidl_typesupport_c:/home/dhanush/ros2_humble/install/rosidl_typesupport_introspection_c:/home/dhanush/ros2_humble/install/rosidl_typesupport_fastrtps_c:/home/dhanush/ros2_humble/install/rosidl_typesupport_fastrtps_cpp:/home/dhanush/ros2_humble/install/rosidl_generator_cpp:/home/dhanush/ros2_humble/install/rosidl_runtime_cpp:/home/dhanush/ros2_humble/install/rcl_yaml_param_parser:/home/dhanush/ros2_humble/install/rmw:/home/dhanush/ros2_humble/install/rosidl_runtime_c:/home/dhanush/ros2_humble/install/rosidl_generator_c:/home/dhanush/ros2_humble/install/rosidl_typesupport_interface:/home/dhanush/ros2_humble/install/rosidl_generator_dds_idl:/home/dhanush/ros2_humble/install/rosidl_cmake:/home/dhanush/ros2_humble/install/rosidl_parser:/home/dhanush/ros2_humble/install/rosidl_adapter:/home/dhanush/ros2_humble/install/rosbag2_tests:/home/dhanush/ros2_humble/install/ros_environment:/home/dhanush/ros2_humble/install/rmw_implementation_cmake:/home/dhanush/ros2_humble/install/resource_retriever:/home/dhanush/ros2_humble/install/class_loader:/home/dhanush/ros2_humble/install/rcpputils:/home/dhanush/ros2_humble/install/rcl_logging_noop:/home/dhanush/ros2_humble/install/rcl_logging_interface:/home/dhanush/ros2_humble/install/rcutils:/home/dhanush/ros2_humble/install/qt_gui_py_common:/home/dhanush/ros2_humble/install/qt_dotgraph:/home/dhanush/ros2_humble/install/python_qt_binding:/home/dhanush/ros2_humble/install/python_orocos_kdl_vendor:/home/dhanush/ros2_humble/install/launch_testing_ament_cmake:/home/dhanush/ros2_humble/install/python_cmake_module:/home/dhanush/ros2_humble/install/pybind11_vendor:/home/dhanush/ros2_humble/install/performance_test_fixture:/home/dhanush/ros2_humble/install/osrf_testing_tools_cpp:/home/dhanush/ros2_humble/install/rqt_bag_plugins:/home/dhanush/ros2_humble/install/rqt_bag:/home/dhanush/ros2_humble/install/ros2bag:/home/dhanush/ros2_humble/install/tracetools_test:/home/dhanush/ros2_humble/install/tracetools_launch:/home/dhanush/ros2_humble/install/topic_monitor:/home/dhanush/ros2_humble/install/tf2_tools:/home/dhanush/ros2_humble/install/examples_tf2_py:/home/dhanush/ros2_humble/install/tf2_ros_py:/home/dhanush/ros2_humble/install/sros2:/home/dhanush/ros2_humble/install/rqt_topic:/home/dhanush/ros2_humble/install/rqt_srv:/home/dhanush/ros2_humble/install/rqt_shell:/home/dhanush/ros2_humble/install/rqt_service_caller:/home/dhanush/ros2_humble/install/rqt_reconfigure:/home/dhanush/ros2_humble/install/rqt_py_console:/home/dhanush/ros2_humble/install/rqt_publisher:/home/dhanush/ros2_humble/install/rqt_plot:/home/dhanush/ros2_humble/install/rqt_action:/home/dhanush/ros2_humble/install/rqt_msg:/home/dhanush/ros2_humble/install/rqt_console:/home/dhanush/ros2_humble/install/rqt:/home/dhanush/ros2_humble/install/rqt_graph:/home/dhanush/ros2_humble/install/rqt_gui_py:/home/dhanush/ros2_humble/install/rqt_gui:/home/dhanush/ros2_humble/install/ros2trace:/home/dhanush/ros2_humble/install/ros2topic:/home/dhanush/ros2_humble/install/ros2test:/home/dhanush/ros2_humble/install/ros2component:/home/dhanush/ros2_humble/install/ros2param:/home/dhanush/ros2_humble/install/ros2lifecycle:/home/dhanush/ros2_humble/install/ros2service:/home/dhanush/ros2_humble/install/ros2run:/home/dhanush/ros2_humble/install/ros2launch:/home/dhanush/ros2_humble/install/ros2pkg:/home/dhanush/ros2_humble/install/ros2node:/home/dhanush/ros2_humble/install/ros2multicast:/home/dhanush/ros2_humble/install/ros2interface:/home/dhanush/ros2_humble/install/ros2doctor:/home/dhanush/ros2_humble/install/ros2action:/home/dhanush/ros2_humble/install/ros2cli:/home/dhanush/ros2_humble/install/quality_of_service_demo_py:/home/dhanush/ros2_humble/install/lifecycle_py:/home/dhanush/ros2_humble/install/launch_testing_ros:/home/dhanush/ros2_humble/install/launch_ros:/home/dhanush/ros2_humble/install/examples_rclpy_pointcloud_publisher:/home/dhanush/ros2_humble/install/examples_rclpy_minimal_subscriber:/home/dhanush/ros2_humble/install/examples_rclpy_minimal_service:/home/dhanush/ros2_humble/install/examples_rclpy_minimal_publisher:/home/dhanush/ros2_humble/install/examples_rclpy_minimal_client:/home/dhanush/ros2_humble/install/examples_rclpy_minimal_action_server:/home/dhanush/ros2_humble/install/examples_rclpy_minimal_action_client:/home/dhanush/ros2_humble/install/examples_rclpy_guard_conditions:/home/dhanush/ros2_humble/install/examples_rclpy_executors:/home/dhanush/ros2_humble/install/demo_nodes_py:/home/dhanush/ros2_humble/install/action_tutorials_py:/home/dhanush/ros2_humble/install/ament_uncrustify:/home/dhanush/ros2_humble/install/tracetools_trace:/home/dhanush/ros2_humble/install/tracetools_read:/home/dhanush/ros2_humble/install/test_tracetools_launch:/home/dhanush/ros2_humble/install/test_launch_ros:/home/dhanush/ros2_humble/install/sensor_msgs_py:/home/dhanush/ros2_humble/install/rpyutils:/home/dhanush/ros2_humble/install/rosidl_runtime_py:/home/dhanush/ros2_humble/install/rosidl_cli:/home/dhanush/ros2_humble/install/launch_pytest:/home/dhanush/ros2_humble/install/launch_testing:/home/dhanush/ros2_humble/install/launch_yaml:/home/dhanush/ros2_humble/install/launch_xml:/home/dhanush/ros2_humble/install/launch:/home/dhanush/ros2_humble/install/osrf_pycommon:/home/dhanush/ros2_humble/install/launch_testing_examples:/home/dhanush/ros2_humble/install/domain_coordinator:/home/dhanush/ros2_humble/install/ament_xmllint:/home/dhanush/ros2_humble/install/ament_pyflakes:/home/dhanush/ros2_humble/install/ament_pycodestyle:/home/dhanush/ros2_humble/install/ament_pep257:/home/dhanush/ros2_humble/install/ament_pclint:/home/dhanush/ros2_humble/install/ament_package:/home/dhanush/ros2_humble/install/ament_mypy:/home/dhanush/ros2_humble/install/ament_lint_cmake:/home/dhanush/ros2_humble/install/ament_flake8:/home/dhanush/ros2_humble/install/ament_copyright:/home/dhanush/ros2_humble/install/ament_lint:/home/dhanush/ros2_humble/install/ament_index_python:/home/dhanush/ros2_humble/install/ament_cpplint:/home/dhanush/ros2_humble/install/ament_cppcheck:/home/dhanush/ros2_humble/install/ament_clang_tidy:/home/dhanush/ros2_humble/install/ament_clang_format:/home/dhanush/ros2_humble/install/orocos_kdl_vendor:/home/dhanush/ros2_humble/install/mimick_vendor:/home/dhanush/ros2_humble/install/libyaml_vendor:/home/dhanush/ros2_humble/install/libcurl_vendor:/home/dhanush/ros2_humble/install/keyboard_handler:/home/dhanush/ros2_humble/install/cyclonedds:/home/dhanush/ros2_humble/install/iceoryx_posh:/home/dhanush/ros2_humble/install/iceoryx_hoofs:/home/dhanush/ros2_humble/install/iceoryx_binding_c:/home/dhanush/ros2_humble/install/ament_cmake_ros:/home/dhanush/ros2_humble/install/ament_cmake_gmock:/home/dhanush/ros2_humble/install/gmock_vendor:/home/dhanush/ros2_humble/install/ament_cmake_auto:/home/dhanush/ros2_humble/install/ament_cmake_gtest:/home/dhanush/ros2_humble/install/gtest_vendor:/home/dhanush/ros2_humble/install/ament_cmake_google_benchmark:/home/dhanush/ros2_humble/install/google_benchmark_vendor:/home/dhanush/ros2_humble/install/fastrtps:/home/dhanush/ros2_humble/install/foonathan_memory_vendor:/home/dhanush/ros2_humble/install/fastrtps_cmake_module:/home/dhanush/ros2_humble/install/fastcdr:/home/dhanush/ros2_humble/install/eigen3_cmake_module:/home/dhanush/ros2_humble/install/console_bridge_vendor:/home/dhanush/ros2_humble/install/ament_cmake_xmllint:/home/dhanush/ros2_humble/install/ament_cmake_pyflakes:/home/dhanush/ros2_humble/install/ament_cmake_pycodestyle:/home/dhanush/ros2_humble/install/ament_cmake_pep257:/home/dhanush/ros2_humble/install/ament_cmake_pclint:/home/dhanush/ros2_humble/install/ament_lint_auto:/home/dhanush/ros2_humble/install/ament_cmake:/home/dhanush/ros2_humble/install/ament_cmake_version:/home/dhanush/ros2_humble/install/ament_cmake_pytest:/home/dhanush/ros2_humble/install/ament_cmake_nose:/home/dhanush/ros2_humble/install/ament_cmake_mypy:/home/dhanush/ros2_humble/install/ament_cmake_lint_cmake:/home/dhanush/ros2_humble/install/ament_cmake_flake8:/home/dhanush/ros2_humble/install/ament_cmake_cpplint:/home/dhanush/ros2_humble/install/ament_cmake_cppcheck:/home/dhanush/ros2_humble/install/ament_cmake_copyright:/home/dhanush/ros2_humble/install/ament_cmake_clang_tidy:/home/dhanush/ros2_humble/install/ament_cmake_clang_format:/home/dhanush/ros2_humble/install/ament_cmake_test:/home/dhanush/ros2_humble/install/ament_cmake_target_dependencies:/home/dhanush/ros2_humble/install/ament_cmake_python:/home/dhanush/ros2_humble/install/ament_cmake_export_dependencies:/home/dhanush/ros2_humble/install/ament_cmake_libraries:/home/dhanush/ros2_humble/install/ament_cmake_include_directories:/home/dhanush/ros2_humble/install/ament_cmake_gen_version_h:/home/dhanush/ros2_humble/install/ament_cmake_export_targets:/home/dhanush/ros2_humble/install/ament_cmake_export_link_flags:/home/dhanush/ros2_humble/install/ament_cmake_export_interfaces:/home/dhanush/ros2_humble/install/ament_cmake_export_libraries:/home/dhanush/ros2_humble/install/ament_cmake_export_include_directories:/home/dhanush/ros2_humble/install/ament_cmake_export_definitions:/home/dhanush/ros2_humble/install/ament_cmake_core:/home/dhanush/ros2_humble/install/ament_index_cpp:/home/dhanush/catkin_ws/devel:/opt/ros/noetic /usr/bin/cmake /home/dhanush/Documents/HW/ENPM808X/beginner_tutorials/ros2_ws/src/cpp_pubsub -DCMAKE_INSTALL_PREFIX=/home/dhanush/Documents/HW/ENPM808X/beginner_tutorials/install/cpp_pubsub
[26.109s] Invoking command in '/home/dhanush/Documents/HW/ENPM808X/beginner_tutorials/build/cpp_pubsub': CMAKE_PREFIX_PATH=/home/dhanush/Documents/HW/ENPM808X/beginner_tutorials/ros2_ws/install/cpp_pubsub:/home/dhanush/ros2_humble/install/rosbag2:/home/dhanush/ros2_humble/install/rosbag2_compression_zstd:/home/dhanush/ros2_humble/install/zstd_vendor:/home/dhanush/ros2_humble/install/rviz_visual_testing_framework:/home/dhanush/ros2_humble/install/rviz2:/home/dhanush/ros2_humble/install/rviz_default_plugins:/home/dhanush/ros2_humble/install/rviz_common:/home/dhanush/ros2_humble/install/rosbag2_py:/home/dhanush/ros2_humble/install/rosbag2_transport:/home/dhanush/ros2_humble/install/rosbag2_performance_benchmarking:/home/dhanush/ros2_humble/install/rosbag2_compression:/home/dhanush/ros2_humble/install/rosbag2_cpp:/home/dhanush/ros2_humble/install/rosbag2_storage_default_plugins:/home/dhanush/ros2_humble/install/rosbag2_storage:/home/dhanush/ros2_humble/install/image_common:/home/dhanush/ros2_humble/install/camera_info_manager:/home/dhanush/ros2_humble/install/camera_calibration_parsers:/home/dhanush/ros2_humble/install/yaml_cpp_vendor:/home/dhanush/ros2_humble/install/interactive_markers:/home/dhanush/ros2_humble/install/common_interfaces:/home/dhanush/ros2_humble/install/visualization_msgs:/home/dhanush/ros2_humble/install/dummy_robot_bringup:/home/dhanush/ros2_humble/install/robot_state_publisher:/home/dhanush/ros2_humble/install/kdl_parser:/home/dhanush/ros2_humble/install/urdf:/home/dhanush/ros2_humble/install/urdfdom:/home/dhanush/ros2_humble/install/urdf_parser_plugin:/home/dhanush/ros2_humble/install/urdfdom_headers:/home/dhanush/ros2_humble/install/turtlesim:/home/dhanush/ros2_humble/install/geometry2:/home/dhanush/ros2_humble/install/tf2_sensor_msgs:/home/dhanush/ros2_humble/install/test_tf2:/home/dhanush/ros2_humble/install/tf2_kdl:/home/dhanush/ros2_humble/install/tf2_geometry_msgs:/home/dhanush/ros2_humble/install/tf2_eigen:/home/dhanush/ros2_humble/install/tf2_bullet:/home/dhanush/ros2_humble/install/tf2_ros:/home/dhanush/ros2_humble/install/tf2_py:/home/dhanush/ros2_humble/install/tf2_msgs:/home/dhanush/ros2_humble/install/test_msgs:/home/dhanush/ros2_humble/install/sros2_cmake:/home/dhanush/ros2_humble/install/ros2cli_common_extensions:/home/dhanush/ros2_humble/install/rqt_py_common:/home/dhanush/ros2_humble/install/ros_testing:/home/dhanush/ros2_humble/install/ros2cli_test_interfaces:/home/dhanush/ros2_humble/install/quality_of_service_demo_cpp:/home/dhanush/ros2_humble/install/image_transport:/home/dhanush/ros2_humble/install/message_filters:/home/dhanush/ros2_humble/install/demo_nodes_cpp:/home/dhanush/ros2_humble/install/composition:/home/dhanush/ros2_humble/install/laser_geometry:/home/dhanush/ros2_humble/install/rclpy:/home/dhanush/ros2_humble/install/examples_rclcpp_minimal_action_server:/home/dhanush/ros2_humble/install/examples_rclcpp_minimal_action_client:/home/dhanush/ros2_humble/install/action_tutorials_cpp:/home/dhanush/ros2_humble/install/rclcpp_action:/home/dhanush/ros2_humble/install/rcl_action:/home/dhanush/ros2_humble/install/examples_rclcpp_wait_set:/home/dhanush/ros2_humble/install/examples_rclcpp_minimal_service:/home/dhanush/ros2_humble/install/examples_rclcpp_minimal_client:/home/dhanush/ros2_humble/install/examples_rclcpp_async_client:/home/dhanush/ros2_humble/install/example_interfaces:/home/dhanush/ros2_humble/install/action_tutorials_interfaces:/home/dhanush/ros2_humble/install/action_msgs:/home/dhanush/ros2_humble/install/unique_identifier_msgs:/home/dhanush/ros2_humble/install/ament_lint_common:/home/dhanush/ros2_humble/install/ament_cmake_uncrustify:/home/dhanush/ros2_humble/install/uncrustify_vendor:/home/dhanush/ros2_humble/install/trajectory_msgs:/home/dhanush/ros2_humble/install/topic_statistics_demo:/home/dhanush/ros2_humble/install/pendulum_control:/home/dhanush/ros2_humble/install/tlsf_cpp:/home/dhanush/ros2_humble/install/test_tracetools:/home/dhanush/ros2_humble/install/rqt_gui_cpp:/home/dhanush/ros2_humble/install/rosbag2_test_common:/home/dhanush/ros2_humble/install/ros2lifecycle_test_fixtures:/home/dhanush/ros2_humble/install/lifecycle:/home/dhanush/ros2_humble/install/rclcpp_lifecycle:/home/dhanush/ros2_humble/install/logging_demo:/home/dhanush/ros2_humble/install/image_tools:/home/dhanush/ros2_humble/install/examples_rclcpp_minimal_subscriber:/home/dhanush/ros2_humble/install/examples_rclcpp_minimal_composition:/home/dhanush/ros2_humble/install/demo_nodes_cpp_native:/home/dhanush/ros2_humble/install/rclcpp_components:/home/dhanush/ros2_humble/install/intra_process_demo:/home/dhanush/ros2_humble/install/examples_rclcpp_multithreaded_executor:/home/dhanush/ros2_humble/install/examples_rclcpp_minimal_timer:/home/dhanush/ros2_humble/install/examples_rclcpp_minimal_publisher:/home/dhanush/ros2_humble/install/examples_rclcpp_cbg_executor:/home/dhanush/ros2_humble/install/dummy_sensors:/home/dhanush/ros2_humble/install/dummy_map_server:/home/dhanush/ros2_humble/install/rclcpp:/home/dhanush/ros2_humble/install/rcl_lifecycle:/home/dhanush/ros2_humble/install/libstatistics_collector:/home/dhanush/ros2_humble/install/rcl:/home/dhanush/ros2_humble/install/rmw_implementation:/home/dhanush/ros2_humble/install/rmw_fastrtps_dynamic_cpp:/home/dhanush/ros2_humble/install/rmw_fastrtps_cpp:/home/dhanush/ros2_humble/install/rmw_fastrtps_shared_cpp:/home/dhanush/ros2_humble/install/rmw_cyclonedds_cpp:/home/dhanush/ros2_humble/install/tracetools:/home/dhanush/ros2_humble/install/tlsf:/home/dhanush/ros2_humble/install/tinyxml_vendor:/home/dhanush/ros2_humble/install/qt_gui_core:/home/dhanush/ros2_humble/install/qt_gui_cpp:/home/dhanush/ros2_humble/install/pluginlib:/home/dhanush/ros2_humble/install/tinyxml2_vendor:/home/dhanush/ros2_humble/install/tf2_eigen_kdl:/home/dhanush/ros2_humble/install/tf2:/home/dhanush/ros2_humble/install/test_security:/home/dhanush/ros2_humble/install/test_rmw_implementation:/home/dhanush/ros2_humble/install/test_rclcpp:/home/dhanush/ros2_humble/install/test_quality_of_service:/home/dhanush/ros2_humble/install/test_launch_testing:/home/dhanush/ros2_humble/install/test_interface_files:/home/dhanush/ros2_humble/install/test_communication:/home/dhanush/ros2_humble/install/test_cli_remapping:/home/dhanush/ros2_humble/install/test_cli:/home/dhanush/ros2_humble/install/qt_gui_app:/home/dhanush/ros2_humble/install/qt_gui:/home/dhanush/ros2_humble/install/tango_icons_vendor:/home/dhanush/ros2_humble/install/stereo_msgs:/home/dhanush/ros2_humble/install/std_srvs:/home/dhanush/ros2_humble/install/shape_msgs:/home/dhanush/ros2_humble/install/map_msgs:/home/dhanush/ros2_humble/install/sensor_msgs:/home/dhanush/ros2_humble/install/nav_msgs:/home/dhanush/ros2_humble/install/diagnostic_msgs:/home/dhanush/ros2_humble/install/geometry_msgs:/home/dhanush/ros2_humble/install/actionlib_msgs:/home/dhanush/ros2_humble/install/std_msgs:/home/dhanush/ros2_humble/install/statistics_msgs:/home/dhanush/ros2_humble/install/sqlite3_vendor:/home/dhanush/ros2_humble/install/rcl_logging_spdlog:/home/dhanush/ros2_humble/install/spdlog_vendor:/home/dhanush/ros2_humble/install/shared_queues_vendor:/home/dhanush/ros2_humble/install/rviz_rendering_tests:/home/dhanush/ros2_humble/install/rviz_rendering:/home/dhanush/ros2_humble/install/rviz_ogre_vendor:/home/dhanush/ros2_humble/install/rviz_assimp_vendor:/home/dhanush/ros2_humble/install/rttest:/home/dhanush/ros2_humble/install/rmw_connextddsmicro:/home/dhanush/ros2_humble/install/rmw_connextdds:/home/dhanush/ros2_humble/install/rmw_connextdds_common:/home/dhanush/ros2_humble/install/rti_connext_dds_cmake_module:/home/dhanush/ros2_humble/install/rosgraph_msgs:/home/dhanush/ros2_humble/install/rosbag2_interfaces:/home/dhanush/ros2_humble/install/rmw_dds_common:/home/dhanush/ros2_humble/install/composition_interfaces:/home/dhanush/ros2_humble/install/rcl_interfaces:/home/dhanush/ros2_humble/install/pendulum_msgs:/home/dhanush/ros2_humble/install/lifecycle_msgs:/home/dhanush/ros2_humble/install/builtin_interfaces:/home/dhanush/ros2_humble/install/rosidl_default_runtime:/home/dhanush/ros2_humble/install/rosidl_default_generators:/home/dhanush/ros2_humble/install/rosidl_generator_py:/home/dhanush/ros2_humble/install/rosidl_typesupport_introspection_tests:/home/dhanush/ros2_humble/install/rosidl_typesupport_cpp:/home/dhanush/ros2_humble/install/rosidl_typesupport_introspection_cpp:/home/dhanush/ros2_humble/install/rosidl_typesupport_c:/home/dhanush/ros2_humble/install/rosidl_typesupport_introspection_c:/home/dhanush/ros2_humble/install/rosidl_typesupport_fastrtps_c:/home/dhanush/ros2_humble/install/rosidl_typesupport_fastrtps_cpp:/home/dhanush/ros2_humble/install/rosidl_generator_cpp:/home/dhanush/ros2_humble/install/rosidl_runtime_cpp:/home/dhanush/ros2_humble/install/rcl_yaml_param_parser:/home/dhanush/ros2_humble/install/rmw:/home/dhanush/ros2_humble/install/rosidl_runtime_c:/home/dhanush/ros2_humble/install/rosidl_generator_c:/home/dhanush/ros2_humble/install/rosidl_typesupport_interface:/home/dhanush/ros2_humble/install/rosidl_generator_dds_idl:/home/dhanush/ros2_humble/install/rosidl_cmake:/home/dhanush/ros2_humble/install/rosidl_parser:/home/dhanush/ros2_humble/install/rosidl_adapter:/home/dhanush/ros2_humble/install/rosbag2_tests:/home/dhanush/ros2_humble/install/ros_environment:/home/dhanush/ros2_humble/install/rmw_implementation_cmake:/home/dhanush/ros2_humble/install/resource_retriever:/home/dhanush/ros2_humble/install/class_loader:/home/dhanush/ros2_humble/install/rcpputils:/home/dhanush/ros2_humble/install/rcl_logging_noop:/home/dhanush/ros2_humble/install/rcl_logging_interface:/home/dhanush/ros2_humble/install/rcutils:/home/dhanush/ros2_humble/install/qt_gui_py_common:/home/dhanush/ros2_humble/install/qt_dotgraph:/home/dhanush/ros2_humble/install/python_qt_binding:/home/dhanush/ros2_humble/install/python_orocos_kdl_vendor:/home/dhanush/ros2_humble/install/launch_testing_ament_cmake:/home/dhanush/ros2_humble/install/python_cmake_module:/home/dhanush/ros2_humble/install/pybind11_vendor:/home/dhanush/ros2_humble/install/performance_test_fixture:/home/dhanush/ros2_humble/install/osrf_testing_tools_cpp:/home/dhanush/ros2_humble/install/rqt_bag_plugins:/home/dhanush/ros2_humble/install/rqt_bag:/home/dhanush/ros2_humble/install/ros2bag:/home/dhanush/ros2_humble/install/tracetools_test:/home/dhanush/ros2_humble/install/tracetools_launch:/home/dhanush/ros2_humble/install/topic_monitor:/home/dhanush/ros2_humble/install/tf2_tools:/home/dhanush/ros2_humble/install/examples_tf2_py:/home/dhanush/ros2_humble/install/tf2_ros_py:/home/dhanush/ros2_humble/install/sros2:/home/dhanush/ros2_humble/install/rqt_topic:/home/dhanush/ros2_humble/install/rqt_srv:/home/dhanush/ros2_humble/install/rqt_shell:/home/dhanush/ros2_humble/install/rqt_service_caller:/home/dhanush/ros2_humble/install/rqt_reconfigure:/home/dhanush/ros2_humble/install/rqt_py_console:/home/dhanush/ros2_humble/install/rqt_publisher:/home/dhanush/ros2_humble/install/rqt_plot:/home/dhanush/ros2_humble/install/rqt_action:/home/dhanush/ros2_humble/install/rqt_msg:/home/dhanush/ros2_humble/install/rqt_console:/home/dhanush/ros2_humble/install/rqt:/home/dhanush/ros2_humble/install/rqt_graph:/home/dhanush/ros2_humble/install/rqt_gui_py:/home/dhanush/ros2_humble/install/rqt_gui:/home/dhanush/ros2_humble/install/ros2trace:/home/dhanush/ros2_humble/install/ros2topic:/home/dhanush/ros2_humble/install/ros2test:/home/dhanush/ros2_humble/install/ros2component:/home/dhanush/ros2_humble/install/ros2param:/home/dhanush/ros2_humble/install/ros2lifecycle:/home/dhanush/ros2_humble/install/ros2service:/home/dhanush/ros2_humble/install/ros2run:/home/dhanush/ros2_humble/install/ros2launch:/home/dhanush/ros2_humble/install/ros2pkg:/home/dhanush/ros2_humble/install/ros2node:/home/dhanush/ros2_humble/install/ros2multicast:/home/dhanush/ros2_humble/install/ros2interface:/home/dhanush/ros2_humble/install/ros2doctor:/home/dhanush/ros2_humble/install/ros2action:/home/dhanush/ros2_humble/install/ros2cli:/home/dhanush/ros2_humble/install/quality_of_service_demo_py:/home/dhanush/ros2_humble/install/lifecycle_py:/home/dhanush/ros2_humble/install/launch_testing_ros:/home/dhanush/ros2_humble/install/launch_ros:/home/dhanush/ros2_humble/install/examples_rclpy_pointcloud_publisher:/home/dhanush/ros2_humble/install/examples_rclpy_minimal_subscriber:/home/dhanush/ros2_humble/install/examples_rclpy_minimal_service:/home/dhanush/ros2_humble/install/examples_rclpy_minimal_publisher:/home/dhanush/ros2_humble/install/examples_rclpy_minimal_client:/home/dhanush/ros2_humble/install/examples_rclpy_minimal_action_server:/home/dhanush/ros2_humble/install/examples_rclpy_minimal_action_client:/home/dhanush/ros2_humble/install/examples_rclpy_guard_conditions:/home/dhanush/ros2_humble/install/examples_rclpy_executors:/home/dhanush/ros2_humble/install/demo_nodes_py:/home/dhanush/ros2_humble/install/action_tutorials_py:/home/dhanush/ros2_humble/install/ament_uncrustify:/home/dhanush/ros2_humble/install/tracetools_trace:/home/dhanush/ros2_humble/install/tracetools_read:/home/dhanush/ros2_humble/install/test_tracetools_launch:/home/dhanush/ros2_humble/install/test_launch_ros:/home/dhanush/ros2_humble/install/sensor_msgs_py:/home/dhanush/ros2_humble/install/rpyutils:/home/dhanush/ros2_humble/install/rosidl_runtime_py:/home/dhanush/ros2_humble/install/rosidl_cli:/home/dhanush/ros2_humble/install/launch_pytest:/home/dhanush/ros2_humble/install/launch_testing:/home/dhanush/ros2_humble/install/launch_yaml:/home/dhanush/ros2_humble/install/launch_xml:/home/dhanush/ros2_humble/install/launch:/home/dhanush/ros2_humble/install/osrf_pycommon:/home/dhanush/ros2_humble/install/launch_testing_examples:/home/dhanush/ros2_humble/install/domain_coordinator:/home/dhanush/ros2_humble/install/ament_xmllint:/home/dhanush/ros2_humble/install/ament_pyflakes:/home/dhanush/ros2_humble/install/ament_pycodestyle:/home/dhanush/ros2_humble/install/ament_pep257:/home/dhanush/ros2_humble/install/ament_pclint:/home/dhanush/ros2_humble/install/ament_package:/home/dhanush/ros2_humble/install/ament_mypy:/home/dhanush/ros2_humble/install/ament_lint_cmake:/home/dhanush/ros2_humble/install/ament_flake8:/home/dhanush/ros2_humble/install/ament_copyright:/home/dhanush/ros2_humble/install/ament_lint:/home/dhanush/ros2_humble/install/ament_index_python:/home/dhanush/ros2_humble/install/ament_cpplint:/home/dhanush/ros2_humble/install/ament_cppcheck:/home/dhanush/ros2_humble/install/ament_clang_tidy:/home/dhanush/ros2_humble/install/ament_clang_format:/home/dhanush/ros2_humble/install/orocos_kdl_vendor:/home/dhanush/ros2_humble/install/mimick_vendor:/home/dhanush/ros2_humble/install/libyaml_vendor:/home/dhanush/ros2_humble/install/libcurl_vendor:/home/dhanush/ros2_humble/install/keyboard_handler:/home/dhanush/ros2_humble/install/cyclonedds:/home/dhanush/ros2_humble/install/iceoryx_posh:/home/dhanush/ros2_humble/install/iceoryx_hoofs:/home/dhanush/ros2_humble/install/iceoryx_binding_c:/home/dhanush/ros2_humble/install/ament_cmake_ros:/home/dhanush/ros2_humble/install/ament_cmake_gmock:/home/dhanush/ros2_humble/install/gmock_vendor:/home/dhanush/ros2_humble/install/ament_cmake_auto:/home/dhanush/ros2_humble/install/ament_cmake_gtest:/home/dhanush/ros2_humble/install/gtest_vendor:/home/dhanush/ros2_humble/install/ament_cmake_google_benchmark:/home/dhanush/ros2_humble/install/google_benchmark_vendor:/home/dhanush/ros2_humble/install/fastrtps:/home/dhanush/ros2_humble/install/foonathan_memory_vendor:/home/dhanush/ros2_humble/install/fastrtps_cmake_module:/home/dhanush/ros2_humble/install/fastcdr:/home/dhanush/ros2_humble/install/eigen3_cmake_module:/home/dhanush/ros2_humble/install/console_bridge_vendor:/home/dhanush/ros2_humble/install/ament_cmake_xmllint:/home/dhanush/ros2_humble/install/ament_cmake_pyflakes:/home/dhanush/ros2_humble/install/ament_cmake_pycodestyle:/home/dhanush/ros2_humble/install/ament_cmake_pep257:/home/dhanush/ros2_humble/install/ament_cmake_pclint:/home/dhanush/ros2_humble/install/ament_lint_auto:/home/dhanush/ros2_humble/install/ament_cmake:/home/dhanush/ros2_humble/install/ament_cmake_version:/home/dhanush/ros2_humble/install/ament_cmake_pytest:/home/dhanush/ros2_humble/install/ament_cmake_nose:/home/dhanush/ros2_humble/install/ament_cmake_mypy:/home/dhanush/ros2_humble/install/ament_cmake_lint_cmake:/home/dhanush/ros2_humble/install/ament_cmake_flake8:/home/dhanush/ros2_humble/install/ament_cmake_cpplint:/home/dhanush/ros2_humble/install/ament_cmake_cppcheck:/home/dhanush/ros2_humble/install/ament_cmake_copyright:/home/dhanush/ros2_humble/install/ament_cmake_clang_tidy:/home/dhanush/ros2_humble/install/ament_cmake_clang_format:/home/dhanush/ros2_humble/install/ament_cmake_test:/home/dhanush/ros2_humble/install/ament_cmake_target_dependencies:/home/dhanush/ros2_humble/install/ament_cmake_python:/home/dhanush/ros2_humble/install/ament_cmake_export_dependencies:/home/dhanush/ros2_humble/install/ament_cmake_libraries:/home/dhanush/ros2_humble/install/ament_cmake_include_directories:/home/dhanush/ros2_humble/install/ament_cmake_gen_version_h:/home/dhanush/ros2_humble/install/ament_cmake_export_targets:/home/dhanush/ros2_humble/install/ament_cmake_export_link_flags:/home/dhanush/ros2_humble/install/ament_cmake_export_interfaces:/home/dhanush/ros2_humble/install/ament_cmake_export_libraries:/home/dhanush/ros2_humble/install/ament_cmake_export_include_directories:/home/dhanush/ros2_humble/install/ament_cmake_export_definitions:/home/dhanush/ros2_humble/install/ament_cmake_core:/home/dhanush/ros2_humble/install/ament_index_cpp:/home/dhanush/catkin_ws/devel:/opt/ros/noetic /usr/bin/cmake --build /home/dhanush/Documents/HW/ENPM808X/beginner_tutorials/build/cpp_pubsub -- -j8 -l8
[26.234s] [  2%] [34m[1mGenerating C code for ROS interfaces[0m
[26.235s] [35m[1mScanning dependencies of target ament_cmake_python_copy_cpp_pubsub[0m
[26.235s] [35m[1mScanning dependencies of target cpp_pubsub__cpp[0m
[26.235s] [35m[1mScanning dependencies of target listener[0m
[26.267s] [  5%] [34m[1mGenerating C++ code for ROS interfaces[0m
[26.292s] [  5%] Built target ament_cmake_python_copy_cpp_pubsub
[26.325s] [  8%] [32mBuilding CXX object CMakeFiles/listener.dir/src/subscriber_member_function.cpp.o[0m
[26.325s] [35m[1mScanning dependencies of target ament_cmake_python_build_cpp_pubsub_egg[0m
[27.055s] [35m[1mScanning dependencies of target cpp_pubsub__rosidl_generator_c[0m
[27.069s] [  8%] Built target cpp_pubsub__cpp
[27.094s] [ 10%] [32mBuilding C object CMakeFiles/cpp_pubsub__rosidl_generator_c.dir/rosidl_generator_c/cpp_pubsub/srv/detail/strings__functions.c.o[0m
[27.111s] [ 16%] [34m[1mGenerating C++ introspection for ROS interfaces[0m
[27.111s] [ 16%] [34m[1mGenerating C++ type support dispatch for ROS interfaces[0m
[27.112s] [ 18%] [34m[1mGenerating C++ type support for eProsima Fast-RTPS[0m
[27.236s] [ 21%] [32m[1mLinking C shared library libcpp_pubsub__rosidl_generator_c.so[0m
[27.308s] running egg_info
[27.309s] creating cpp_pubsub.egg-info
[27.310s] writing cpp_pubsub.egg-info/PKG-INFO
[27.310s] writing dependency_links to cpp_pubsub.egg-info/dependency_links.txt
[27.310s] writing top-level names to cpp_pubsub.egg-info/top_level.txt
[27.311s] writing manifest file 'cpp_pubsub.egg-info/SOURCES.txt'
[27.341s] [ 21%] Built target cpp_pubsub__rosidl_generator_c
[27.383s] [ 27%] [34m[1mGenerating C type support for eProsima Fast-RTPS[0m
[27.383s] [ 27%] [34m[1mGenerating C type support dispatch for ROS interfaces[0m
[27.384s] [ 29%] [34m[1mGenerating C introspection for ROS interfaces[0m
[27.390s] reading manifest file 'cpp_pubsub.egg-info/SOURCES.txt'
[27.391s] writing manifest file 'cpp_pubsub.egg-info/SOURCES.txt'
[27.455s] [ 29%] Built target ament_cmake_python_build_cpp_pubsub_egg
[28.052s] [35m[1mScanning dependencies of target cpp_pubsub__rosidl_typesupport_introspection_cpp[0m
[28.087s] [ 32%] [32mBuilding CXX object CMakeFiles/cpp_pubsub__rosidl_typesupport_introspection_cpp.dir/rosidl_typesupport_introspection_cpp/cpp_pubsub/srv/detail/strings__type_support.cpp.o[0m
[28.337s] [35m[1mScanning dependencies of target cpp_pubsub__rosidl_typesupport_fastrtps_cpp[0m
[28.378s] [ 35%] [32mBuilding CXX object CMakeFiles/cpp_pubsub__rosidl_typesupport_fastrtps_cpp.dir/rosidl_typesupport_fastrtps_cpp/cpp_pubsub/srv/detail/dds_fastrtps/strings__type_support.cpp.o[0m
[28.445s] [35m[1mScanning dependencies of target cpp_pubsub__rosidl_typesupport_cpp[0m
[28.491s] [ 37%] [32mBuilding CXX object CMakeFiles/cpp_pubsub__rosidl_typesupport_cpp.dir/rosidl_typesupport_cpp/cpp_pubsub/srv/strings__type_support.cpp.o[0m
[28.692s] [35m[1mScanning dependencies of target cpp_pubsub__rosidl_typesupport_c[0m
[28.751s] [ 40%] [32mBuilding CXX object CMakeFiles/cpp_pubsub__rosidl_typesupport_c.dir/rosidl_typesupport_c/cpp_pubsub/srv/strings__type_support.cpp.o[0m
[28.798s] [35m[1mScanning dependencies of target cpp_pubsub__rosidl_typesupport_introspection_c[0m
[28.811s] [ 43%] [32m[1mLinking CXX shared library libcpp_pubsub__rosidl_typesupport_introspection_cpp.so[0m
[28.827s] [35m[1mScanning dependencies of target cpp_pubsub__rosidl_typesupport_fastrtps_c[0m
[28.846s] [ 45%] [32m[1mLinking CXX shared library libcpp_pubsub__rosidl_typesupport_c.so[0m
[28.854s] [ 48%] [32mBuilding C object CMakeFiles/cpp_pubsub__rosidl_typesupport_introspection_c.dir/rosidl_typesupport_introspection_c/cpp_pubsub/srv/detail/strings__type_support.c.o[0m
[28.906s] [ 51%] [32mBuilding CXX object CMakeFiles/cpp_pubsub__rosidl_typesupport_fastrtps_c.dir/rosidl_typesupport_fastrtps_c/cpp_pubsub/srv/detail/strings__type_support_c.cpp.o[0m
[28.967s] [ 51%] Built target cpp_pubsub__rosidl_typesupport_c
[28.971s] [ 54%] [32m[1mLinking C shared library libcpp_pubsub__rosidl_typesupport_introspection_c.so[0m
[29.002s] [ 54%] Built target cpp_pubsub__rosidl_typesupport_introspection_cpp
[29.017s] [ 56%] [32m[1mLinking CXX shared library libcpp_pubsub__rosidl_typesupport_cpp.so[0m
[29.045s] [ 59%] [32m[1mLinking CXX shared library libcpp_pubsub__rosidl_typesupport_fastrtps_cpp.so[0m
[29.051s] [ 59%] Built target cpp_pubsub__rosidl_typesupport_introspection_c
[29.108s] [ 59%] Built target cpp_pubsub__rosidl_typesupport_cpp
[29.192s] [ 59%] Built target cpp_pubsub__rosidl_typesupport_fastrtps_cpp
[29.432s] [ 62%] [32m[1mLinking CXX shared library libcpp_pubsub__rosidl_typesupport_fastrtps_c.so[0m
[29.570s] [ 62%] Built target cpp_pubsub__rosidl_typesupport_fastrtps_c
[29.606s] [35m[1mScanning dependencies of target cpp_pubsub[0m
[29.641s] [ 62%] Built target cpp_pubsub
[29.675s] [35m[1mScanning dependencies of target cpp_pubsub__py[0m
[29.676s] [35m[1mScanning dependencies of target talker[0m
[29.676s] [35m[1mScanning dependencies of target client[0m
[29.711s] [ 64%] [34m[1mGenerating Python code for ROS interfaces[0m
[29.780s] [ 67%] [32mBuilding CXX object CMakeFiles/client.dir/src/client.cpp.o[0m
[29.782s] [ 70%] [32mBuilding CXX object CMakeFiles/talker.dir/src/publisher_member_function.cpp.o[0m
[32.607s] [ 70%] Built target cpp_pubsub__py
[32.651s] [35m[1mScanning dependencies of target cpp_pubsub__rosidl_generator_py[0m
[32.702s] [ 72%] [32mBuilding C object CMakeFiles/cpp_pubsub__rosidl_generator_py.dir/rosidl_generator_py/cpp_pubsub/srv/_strings_s.c.o[0m
[32.867s] [ 75%] [32m[1mLinking C shared library rosidl_generator_py/cpp_pubsub/libcpp_pubsub__rosidl_generator_py.so[0m
[32.904s] [01m[K/home/dhanush/Documents/HW/ENPM808X/beginner_tutorials/ros2_ws/src/cpp_pubsub/src/publisher_member_function.cpp:[m[K In constructor [01m[KMinimalPublisher::MinimalPublisher()[m[K:
[32.905s] [01m[K/home/dhanush/Documents/HW/ENPM808X/beginner_tutorials/ros2_ws/src/cpp_pubsub/src/publisher_member_function.cpp:40:7:[m[K [01;31m[Kerror: [m[K[01m[Km_param_subscriber_[m[K was not declared in this scope
[32.905s]    40 |       [01;31m[Km_param_subscriber_[m[K = std::make_shared<rclcpp::ParameterEventHandler>(this);
[32.905s]       |       [01;31m[K^~~~~~~~~~~~~~~~~~~[m[K
[32.919s] [01m[K/home/dhanush/Documents/HW/ENPM808X/beginner_tutorials/ros2_ws/src/cpp_pubsub/src/publisher_member_function.cpp:42:7:[m[K [01;31m[Kerror: [m[K[01m[Km_paramHandle_[m[K was not declared in this scope
[32.919s]    42 |       [01;31m[Km_paramHandle_[m[K = m_param_subscriber_->add_parameter_callback ("freq", paramCallbackPtr);
[32.919s]       |       [01;31m[K^~~~~~~~~~~~~~[m[K
[32.981s] [ 75%] Built target cpp_pubsub__rosidl_generator_py
[33.021s] [35m[1mScanning dependencies of target cpp_pubsub__rosidl_typesupport_introspection_c__pyext[0m
[33.028s] [35m[1mScanning dependencies of target cpp_pubsub__rosidl_typesupport_c__pyext[0m
[33.031s] [35m[1mScanning dependencies of target cpp_pubsub__rosidl_typesupport_fastrtps_c__pyext[0m
[33.089s] [ 78%] [32mBuilding C object CMakeFiles/cpp_pubsub__rosidl_typesupport_introspection_c__pyext.dir/rosidl_generator_py/cpp_pubsub/_cpp_pubsub_s.ep.rosidl_typesupport_introspection_c.c.o[0m
[33.099s] [ 81%] [32mBuilding C object CMakeFiles/cpp_pubsub__rosidl_typesupport_c__pyext.dir/rosidl_generator_py/cpp_pubsub/_cpp_pubsub_s.ep.rosidl_typesupport_c.c.o[0m
[33.099s] [ 83%] [32mBuilding C object CMakeFiles/cpp_pubsub__rosidl_typesupport_fastrtps_c__pyext.dir/rosidl_generator_py/cpp_pubsub/_cpp_pubsub_s.ep.rosidl_typesupport_fastrtps_c.c.o[0m
[33.416s] [ 91%] [32m[1mLinking C shared library rosidl_generator_py/cpp_pubsub/cpp_pubsub_s__rosidl_typesupport_fastrtps_c.cpython-38-x86_64-linux-gnu.so[0m
[33.416s] [ 91%] [32m[1mLinking C shared library rosidl_generator_py/cpp_pubsub/cpp_pubsub_s__rosidl_typesupport_introspection_c.cpython-38-x86_64-linux-gnu.so[0m
[33.416s] [ 91%] [32m[1mLinking C shared library rosidl_generator_py/cpp_pubsub/cpp_pubsub_s__rosidl_typesupport_c.cpython-38-x86_64-linux-gnu.so[0m
[33.562s] [ 91%] Built target cpp_pubsub__rosidl_typesupport_introspection_c__pyext
[33.562s] [ 91%] Built target cpp_pubsub__rosidl_typesupport_fastrtps_c__pyext
[33.563s] [ 91%] Built target cpp_pubsub__rosidl_typesupport_c__pyext
[34.689s] [ 94%] [32m[1mLinking CXX executable client[0m
[35.508s] [ 94%] Built target client
[36.457s] make[2]: *** [CMakeFiles/talker.dir/build.make:63: CMakeFiles/talker.dir/src/publisher_member_function.cpp.o] Error 1
[36.457s] make[1]: *** [CMakeFiles/Makefile2:188: CMakeFiles/talker.dir/all] Error 2
[36.457s] make[1]: *** Waiting for unfinished jobs....
[37.383s] [ 97%] [32m[1mLinking CXX executable listener[0m
[38.351s] [ 97%] Built target listener
[38.353s] make: *** [Makefile:141: all] Error 2
[38.362s] Invoked command in '/home/dhanush/Documents/HW/ENPM808X/beginner_tutorials/build/cpp_pubsub' returned '2': CMAKE_PREFIX_PATH=/home/dhanush/Documents/HW/ENPM808X/beginner_tutorials/ros2_ws/install/cpp_pubsub:/home/dhanush/ros2_humble/install/rosbag2:/home/dhanush/ros2_humble/install/rosbag2_compression_zstd:/home/dhanush/ros2_humble/install/zstd_vendor:/home/dhanush/ros2_humble/install/rviz_visual_testing_framework:/home/dhanush/ros2_humble/install/rviz2:/home/dhanush/ros2_humble/install/rviz_default_plugins:/home/dhanush/ros2_humble/install/rviz_common:/home/dhanush/ros2_humble/install/rosbag2_py:/home/dhanush/ros2_humble/install/rosbag2_transport:/home/dhanush/ros2_humble/install/rosbag2_performance_benchmarking:/home/dhanush/ros2_humble/install/rosbag2_compression:/home/dhanush/ros2_humble/install/rosbag2_cpp:/home/dhanush/ros2_humble/install/rosbag2_storage_default_plugins:/home/dhanush/ros2_humble/install/rosbag2_storage:/home/dhanush/ros2_humble/install/image_common:/home/dhanush/ros2_humble/install/camera_info_manager:/home/dhanush/ros2_humble/install/camera_calibration_parsers:/home/dhanush/ros2_humble/install/yaml_cpp_vendor:/home/dhanush/ros2_humble/install/interactive_markers:/home/dhanush/ros2_humble/install/common_interfaces:/home/dhanush/ros2_humble/install/visualization_msgs:/home/dhanush/ros2_humble/install/dummy_robot_bringup:/home/dhanush/ros2_humble/install/robot_state_publisher:/home/dhanush/ros2_humble/install/kdl_parser:/home/dhanush/ros2_humble/install/urdf:/home/dhanush/ros2_humble/install/urdfdom:/home/dhanush/ros2_humble/install/urdf_parser_plugin:/home/dhanush/ros2_humble/install/urdfdom_headers:/home/dhanush/ros2_humble/install/turtlesim:/home/dhanush/ros2_humble/install/geometry2:/home/dhanush/ros2_humble/install/tf2_sensor_msgs:/home/dhanush/ros2_humble/install/test_tf2:/home/dhanush/ros2_humble/install/tf2_kdl:/home/dhanush/ros2_humble/install/tf2_geometry_msgs:/home/dhanush/ros2_humble/install/tf2_eigen:/home/dhanush/ros2_humble/install/tf2_bullet:/home/dhanush/ros2_humble/install/tf2_ros:/home/dhanush/ros2_humble/install/tf2_py:/home/dhanush/ros2_humble/install/tf2_msgs:/home/dhanush/ros2_humble/install/test_msgs:/home/dhanush/ros2_humble/install/sros2_cmake:/home/dhanush/ros2_humble/install/ros2cli_common_extensions:/home/dhanush/ros2_humble/install/rqt_py_common:/home/dhanush/ros2_humble/install/ros_testing:/home/dhanush/ros2_humble/install/ros2cli_test_interfaces:/home/dhanush/ros2_humble/install/quality_of_service_demo_cpp:/home/dhanush/ros2_humble/install/image_transport:/home/dhanush/ros2_humble/install/message_filters:/home/dhanush/ros2_humble/install/demo_nodes_cpp:/home/dhanush/ros2_humble/install/composition:/home/dhanush/ros2_humble/install/laser_geometry:/home/dhanush/ros2_humble/install/rclpy:/home/dhanush/ros2_humble/install/examples_rclcpp_minimal_action_server:/home/dhanush/ros2_humble/install/examples_rclcpp_minimal_action_client:/home/dhanush/ros2_humble/install/action_tutorials_cpp:/home/dhanush/ros2_humble/install/rclcpp_action:/home/dhanush/ros2_humble/install/rcl_action:/home/dhanush/ros2_humble/install/examples_rclcpp_wait_set:/home/dhanush/ros2_humble/install/examples_rclcpp_minimal_service:/home/dhanush/ros2_humble/install/examples_rclcpp_minimal_client:/home/dhanush/ros2_humble/install/examples_rclcpp_async_client:/home/dhanush/ros2_humble/install/example_interfaces:/home/dhanush/ros2_humble/install/action_tutorials_interfaces:/home/dhanush/ros2_humble/install/action_msgs:/home/dhanush/ros2_humble/install/unique_identifier_msgs:/home/dhanush/ros2_humble/install/ament_lint_common:/home/dhanush/ros2_humble/install/ament_cmake_uncrustify:/home/dhanush/ros2_humble/install/uncrustify_vendor:/home/dhanush/ros2_humble/install/trajectory_msgs:/home/dhanush/ros2_humble/install/topic_statistics_demo:/home/dhanush/ros2_humble/install/pendulum_control:/home/dhanush/ros2_humble/install/tlsf_cpp:/home/dhanush/ros2_humble/install/test_tracetools:/home/dhanush/ros2_humble/install/rqt_gui_cpp:/home/dhanush/ros2_humble/install/rosbag2_test_common:/home/dhanush/ros2_humble/install/ros2lifecycle_test_fixtures:/home/dhanush/ros2_humble/install/lifecycle:/home/dhanush/ros2_humble/install/rclcpp_lifecycle:/home/dhanush/ros2_humble/install/logging_demo:/home/dhanush/ros2_humble/install/image_tools:/home/dhanush/ros2_humble/install/examples_rclcpp_minimal_subscriber:/home/dhanush/ros2_humble/install/examples_rclcpp_minimal_composition:/home/dhanush/ros2_humble/install/demo_nodes_cpp_native:/home/dhanush/ros2_humble/install/rclcpp_components:/home/dhanush/ros2_humble/install/intra_process_demo:/home/dhanush/ros2_humble/install/examples_rclcpp_multithreaded_executor:/home/dhanush/ros2_humble/install/examples_rclcpp_minimal_timer:/home/dhanush/ros2_humble/install/examples_rclcpp_minimal_publisher:/home/dhanush/ros2_humble/install/examples_rclcpp_cbg_executor:/home/dhanush/ros2_humble/install/dummy_sensors:/home/dhanush/ros2_humble/install/dummy_map_server:/home/dhanush/ros2_humble/install/rclcpp:/home/dhanush/ros2_humble/install/rcl_lifecycle:/home/dhanush/ros2_humble/install/libstatistics_collector:/home/dhanush/ros2_humble/install/rcl:/home/dhanush/ros2_humble/install/rmw_implementation:/home/dhanush/ros2_humble/install/rmw_fastrtps_dynamic_cpp:/home/dhanush/ros2_humble/install/rmw_fastrtps_cpp:/home/dhanush/ros2_humble/install/rmw_fastrtps_shared_cpp:/home/dhanush/ros2_humble/install/rmw_cyclonedds_cpp:/home/dhanush/ros2_humble/install/tracetools:/home/dhanush/ros2_humble/install/tlsf:/home/dhanush/ros2_humble/install/tinyxml_vendor:/home/dhanush/ros2_humble/install/qt_gui_core:/home/dhanush/ros2_humble/install/qt_gui_cpp:/home/dhanush/ros2_humble/install/pluginlib:/home/dhanush/ros2_humble/install/tinyxml2_vendor:/home/dhanush/ros2_humble/install/tf2_eigen_kdl:/home/dhanush/ros2_humble/install/tf2:/home/dhanush/ros2_humble/install/test_security:/home/dhanush/ros2_humble/install/test_rmw_implementation:/home/dhanush/ros2_humble/install/test_rclcpp:/home/dhanush/ros2_humble/install/test_quality_of_service:/home/dhanush/ros2_humble/install/test_launch_testing:/home/dhanush/ros2_humble/install/test_interface_files:/home/dhanush/ros2_humble/install/test_communication:/home/dhanush/ros2_humble/install/test_cli_remapping:/home/dhanush/ros2_humble/install/test_cli:/home/dhanush/ros2_humble/install/qt_gui_app:/home/dhanush/ros2_humble/install/qt_gui:/home/dhanush/ros2_humble/install/tango_icons_vendor:/home/dhanush/ros2_humble/install/stereo_msgs:/home/dhanush/ros2_humble/install/std_srvs:/home/dhanush/ros2_humble/install/shape_msgs:/home/dhanush/ros2_humble/install/map_msgs:/home/dhanush/ros2_humble/install/sensor_msgs:/home/dhanush/ros2_humble/install/nav_msgs:/home/dhanush/ros2_humble/install/diagnostic_msgs:/home/dhanush/ros2_humble/install/geometry_msgs:/home/dhanush/ros2_humble/install/actionlib_msgs:/home/dhanush/ros2_humble/install/std_msgs:/home/dhanush/ros2_humble/install/statistics_msgs:/home/dhanush/ros2_humble/install/sqlite3_vendor:/home/dhanush/ros2_humble/install/rcl_logging_spdlog:/home/dhanush/ros2_humble/install/spdlog_vendor:/home/dhanush/ros2_humble/install/shared_queues_vendor:/home/dhanush/ros2_humble/install/rviz_rendering_tests:/home/dhanush/ros2_humble/install/rviz_rendering:/home/dhanush/ros2_humble/install/rviz_ogre_vendor:/home/dhanush/ros2_humble/install/rviz_assimp_vendor:/home/dhanush/ros2_humble/install/rttest:/home/dhanush/ros2_humble/install/rmw_connextddsmicro:/home/dhanush/ros2_humble/install/rmw_connextdds:/home/dhanush/ros2_humble/install/rmw_connextdds_common:/home/dhanush/ros2_humble/install/rti_connext_dds_cmake_module:/home/dhanush/ros2_humble/install/rosgraph_msgs:/home/dhanush/ros2_humble/install/rosbag2_interfaces:/home/dhanush/ros2_humble/install/rmw_dds_common:/home/dhanush/ros2_humble/install/composition_interfaces:/home/dhanush/ros2_humble/install/rcl_interfaces:/home/dhanush/ros2_humble/install/pendulum_msgs:/home/dhanush/ros2_humble/install/lifecycle_msgs:/home/dhanush/ros2_humble/install/builtin_interfaces:/home/dhanush/ros2_humble/install/rosidl_default_runtime:/home/dhanush/ros2_humble/install/rosidl_default_generators:/home/dhanush/ros2_humble/install/rosidl_generator_py:/home/dhanush/ros2_humble/install/rosidl_typesupport_introspection_tests:/home/dhanush/ros2_humble/install/rosidl_typesupport_cpp:/home/dhanush/ros2_humble/install/rosidl_typesupport_introspection_cpp:/home/dhanush/ros2_humble/install/rosidl_typesupport_c:/home/dhanush/ros2_humble/install/rosidl_typesupport_introspection_c:/home/dhanush/ros2_humble/install/rosidl_typesupport_fastrtps_c:/home/dhanush/ros2_humble/install/rosidl_typesupport_fastrtps_cpp:/home/dhanush/ros2_humble/install/rosidl_generator_cpp:/home/dhanush/ros2_humble/install/rosidl_runtime_cpp:/home/dhanush/ros2_humble/install/rcl_yaml_param_parser:/home/dhanush/ros2_humble/install/rmw:/home/dhanush/ros2_humble/install/rosidl_runtime_c:/home/dhanush/ros2_humble/install/rosidl_generator_c:/home/dhanush/ros2_humble/install/rosidl_typesupport_interface:/home/dhanush/ros2_humble/install/rosidl_generator_dds_idl:/home/dhanush/ros2_humble/install/rosidl_cmake:/home/dhanush/ros2_humble/install/rosidl_parser:/home/dhanush/ros2_humble/install/rosidl_adapter:/home/dhanush/ros2_humble/install/rosbag2_tests:/home/dhanush/ros2_humble/install/ros_environment:/home/dhanush/ros2_humble/install/rmw_implementation_cmake:/home/dhanush/ros2_humble/install/resource_retriever:/home/dhanush/ros2_humble/install/class_loader:/home/dhanush/ros2_humble/install/rcpputils:/home/dhanush/ros2_humble/install/rcl_logging_noop:/home/dhanush/ros2_humble/install/rcl_logging_interface:/home/dhanush/ros2_humble/install/rcutils:/home/dhanush/ros2_humble/install/qt_gui_py_common:/home/dhanush/ros2_humble/install/qt_dotgraph:/home/dhanush/ros2_humble/install/python_qt_binding:/home/dhanush/ros2_humble/install/python_orocos_kdl_vendor:/home/dhanush/ros2_humble/install/launch_testing_ament_cmake:/home/dhanush/ros2_humble/install/python_cmake_module:/home/dhanush/ros2_humble/install/pybind11_vendor:/home/dhanush/ros2_humble/install/performance_test_fixture:/home/dhanush/ros2_humble/install/osrf_testing_tools_cpp:/home/dhanush/ros2_humble/install/rqt_bag_plugins:/home/dhanush/ros2_humble/install/rqt_bag:/home/dhanush/ros2_humble/install/ros2bag:/home/dhanush/ros2_humble/install/tracetools_test:/home/dhanush/ros2_humble/install/tracetools_launch:/home/dhanush/ros2_humble/install/topic_monitor:/home/dhanush/ros2_humble/install/tf2_tools:/home/dhanush/ros2_humble/install/examples_tf2_py:/home/dhanush/ros2_humble/install/tf2_ros_py:/home/dhanush/ros2_humble/install/sros2:/home/dhanush/ros2_humble/install/rqt_topic:/home/dhanush/ros2_humble/install/rqt_srv:/home/dhanush/ros2_humble/install/rqt_shell:/home/dhanush/ros2_humble/install/rqt_service_caller:/home/dhanush/ros2_humble/install/rqt_reconfigure:/home/dhanush/ros2_humble/install/rqt_py_console:/home/dhanush/ros2_humble/install/rqt_publisher:/home/dhanush/ros2_humble/install/rqt_plot:/home/dhanush/ros2_humble/install/rqt_action:/home/dhanush/ros2_humble/install/rqt_msg:/home/dhanush/ros2_humble/install/rqt_console:/home/dhanush/ros2_humble/install/rqt:/home/dhanush/ros2_humble/install/rqt_graph:/home/dhanush/ros2_humble/install/rqt_gui_py:/home/dhanush/ros2_humble/install/rqt_gui:/home/dhanush/ros2_humble/install/ros2trace:/home/dhanush/ros2_humble/install/ros2topic:/home/dhanush/ros2_humble/install/ros2test:/home/dhanush/ros2_humble/install/ros2component:/home/dhanush/ros2_humble/install/ros2param:/home/dhanush/ros2_humble/install/ros2lifecycle:/home/dhanush/ros2_humble/install/ros2service:/home/dhanush/ros2_humble/install/ros2run:/home/dhanush/ros2_humble/install/ros2launch:/home/dhanush/ros2_humble/install/ros2pkg:/home/dhanush/ros2_humble/install/ros2node:/home/dhanush/ros2_humble/install/ros2multicast:/home/dhanush/ros2_humble/install/ros2interface:/home/dhanush/ros2_humble/install/ros2doctor:/home/dhanush/ros2_humble/install/ros2action:/home/dhanush/ros2_humble/install/ros2cli:/home/dhanush/ros2_humble/install/quality_of_service_demo_py:/home/dhanush/ros2_humble/install/lifecycle_py:/home/dhanush/ros2_humble/install/launch_testing_ros:/home/dhanush/ros2_humble/install/launch_ros:/home/dhanush/ros2_humble/install/examples_rclpy_pointcloud_publisher:/home/dhanush/ros2_humble/install/examples_rclpy_minimal_subscriber:/home/dhanush/ros2_humble/install/examples_rclpy_minimal_service:/home/dhanush/ros2_humble/install/examples_rclpy_minimal_publisher:/home/dhanush/ros2_humble/install/examples_rclpy_minimal_client:/home/dhanush/ros2_humble/install/examples_rclpy_minimal_action_server:/home/dhanush/ros2_humble/install/examples_rclpy_minimal_action_client:/home/dhanush/ros2_humble/install/examples_rclpy_guard_conditions:/home/dhanush/ros2_humble/install/examples_rclpy_executors:/home/dhanush/ros2_humble/install/demo_nodes_py:/home/dhanush/ros2_humble/install/action_tutorials_py:/home/dhanush/ros2_humble/install/ament_uncrustify:/home/dhanush/ros2_humble/install/tracetools_trace:/home/dhanush/ros2_humble/install/tracetools_read:/home/dhanush/ros2_humble/install/test_tracetools_launch:/home/dhanush/ros2_humble/install/test_launch_ros:/home/dhanush/ros2_humble/install/sensor_msgs_py:/home/dhanush/ros2_humble/install/rpyutils:/home/dhanush/ros2_humble/install/rosidl_runtime_py:/home/dhanush/ros2_humble/install/rosidl_cli:/home/dhanush/ros2_humble/install/launch_pytest:/home/dhanush/ros2_humble/install/launch_testing:/home/dhanush/ros2_humble/install/launch_yaml:/home/dhanush/ros2_humble/install/launch_xml:/home/dhanush/ros2_humble/install/launch:/home/dhanush/ros2_humble/install/osrf_pycommon:/home/dhanush/ros2_humble/install/launch_testing_examples:/home/dhanush/ros2_humble/install/domain_coordinator:/home/dhanush/ros2_humble/install/ament_xmllint:/home/dhanush/ros2_humble/install/ament_pyflakes:/home/dhanush/ros2_humble/install/ament_pycodestyle:/home/dhanush/ros2_humble/install/ament_pep257:/home/dhanush/ros2_humble/install/ament_pclint:/home/dhanush/ros2_humble/install/ament_package:/home/dhanush/ros2_humble/install/ament_mypy:/home/dhanush/ros2_humble/install/ament_lint_cmake:/home/dhanush/ros2_humble/install/ament_flake8:/home/dhanush/ros2_humble/install/ament_copyright:/home/dhanush/ros2_humble/install/ament_lint:/home/dhanush/ros2_humble/install/ament_index_python:/home/dhanush/ros2_humble/install/ament_cpplint:/home/dhanush/ros2_humble/install/ament_cppcheck:/home/dhanush/ros2_humble/install/ament_clang_tidy:/home/dhanush/ros2_humble/install/ament_clang_format:/home/dhanush/ros2_humble/install/orocos_kdl_vendor:/home/dhanush/ros2_humble/install/mimick_vendor:/home/dhanush/ros2_humble/install/libyaml_vendor:/home/dhanush/ros2_humble/install/libcurl_vendor:/home/dhanush/ros2_humble/install/keyboard_handler:/home/dhanush/ros2_humble/install/cyclonedds:/home/dhanush/ros2_humble/install/iceoryx_posh:/home/dhanush/ros2_humble/install/iceoryx_hoofs:/home/dhanush/ros2_humble/install/iceoryx_binding_c:/home/dhanush/ros2_humble/install/ament_cmake_ros:/home/dhanush/ros2_humble/install/ament_cmake_gmock:/home/dhanush/ros2_humble/install/gmock_vendor:/home/dhanush/ros2_humble/install/ament_cmake_auto:/home/dhanush/ros2_humble/install/ament_cmake_gtest:/home/dhanush/ros2_humble/install/gtest_vendor:/home/dhanush/ros2_humble/install/ament_cmake_google_benchmark:/home/dhanush/ros2_humble/install/google_benchmark_vendor:/home/dhanush/ros2_humble/install/fastrtps:/home/dhanush/ros2_humble/install/foonathan_memory_vendor:/home/dhanush/ros2_humble/install/fastrtps_cmake_module:/home/dhanush/ros2_humble/install/fastcdr:/home/dhanush/ros2_humble/install/eigen3_cmake_module:/home/dhanush/ros2_humble/install/console_bridge_vendor:/home/dhanush/ros2_humble/install/ament_cmake_xmllint:/home/dhanush/ros2_humble/install/ament_cmake_pyflakes:/home/dhanush/ros2_humble/install/ament_cmake_pycodestyle:/home/dhanush/ros2_humble/install/ament_cmake_pep257:/home/dhanush/ros2_humble/install/ament_cmake_pclint:/home/dhanush/ros2_humble/install/ament_lint_auto:/home/dhanush/ros2_humble/install/ament_cmake:/home/dhanush/ros2_humble/install/ament_cmake_version:/home/dhanush/ros2_humble/install/ament_cmake_pytest:/home/dhanush/ros2_humble/install/ament_cmake_nose:/home/dhanush/ros2_humble/install/ament_cmake_mypy:/home/dhanush/ros2_humble/install/ament_cmake_lint_cmake:/home/dhanush/ros2_humble/install/ament_cmake_flake8:/home/dhanush/ros2_humble/install/ament_cmake_cpplint:/home/dhanush/ros2_humble/install/ament_cmake_cppcheck:/home/dhanush/ros2_humble/install/ament_cmake_copyright:/home/dhanush/ros2_humble/install/ament_cmake_clang_tidy:/home/dhanush/ros2_humble/install/ament_cmake_clang_format:/home/dhanush/ros2_humble/install/ament_cmake_test:/home/dhanush/ros2_humble/install/ament_cmake_target_dependencies:/home/dhanush/ros2_humble/install/ament_cmake_python:/home/dhanush/ros2_humble/install/ament_cmake_export_dependencies:/home/dhanush/ros2_humble/install/ament_cmake_libraries:/home/dhanush/ros2_humble/install/ament_cmake_include_directories:/home/dhanush/ros2_humble/install/ament_cmake_gen_version_h:/home/dhanush/ros2_humble/install/ament_cmake_export_targets:/home/dhanush/ros2_humble/install/ament_cmake_export_link_flags:/home/dhanush/ros2_humble/install/ament_cmake_export_interfaces:/home/dhanush/ros2_humble/install/ament_cmake_export_libraries:/home/dhanush/ros2_humble/install/ament_cmake_export_include_directories:/home/dhanush/ros2_humble/install/ament_cmake_export_definitions:/home/dhanush/ros2_humble/install/ament_cmake_core:/home/dhanush/ros2_humble/install/ament_index_cpp:/home/dhanush/catkin_ws/devel:/opt/ros/noetic /usr/bin/cmake --build /home/dhanush/Documents/HW/ENPM808X/beginner_tutorials/build/cpp_pubsub -- -j8 -l8
